{"numFailedTestSuites":0,"numFailedTests":0,"numPassedTestSuites":53,"numPassedTests":201,"numPendingTestSuites":0,"numPendingTests":0,"numRuntimeErrorTestSuites":0,"numTodoTests":0,"numTotalTestSuites":53,"numTotalTests":201,"openHandles":[],"snapshot":{"added":0,"didUpdate":false,"failure":false,"filesAdded":0,"filesRemoved":0,"filesRemovedList":[],"filesUnmatched":0,"filesUpdated":0,"matched":0,"total":0,"unchecked":0,"uncheckedKeysByFile":[],"unmatched":0,"updated":0},"startTime":1771607435531,"success":true,"testResults":[{"assertionResults":[{"ancestorTitles":["Double Spend Prevention Tests","2.1. Concurrent Transfers with Insufficient Balance"],"duration":2207,"failureDetails":[],"failureMessages":[],"fullName":"Double Spend Prevention Tests 2.1. Concurrent Transfers with Insufficient Balance should allow only ONE of two simultaneous transfers when balance is insufficient","invocations":1,"location":null,"numPassingAsserts":3,"retryReasons":[],"status":"passed","title":"should allow only ONE of two simultaneous transfers when balance is insufficient"},{"ancestorTitles":["Double Spend Prevention Tests","2.2. Concurrent Withdrawals"],"duration":2045,"failureDetails":[],"failureMessages":[],"fullName":"Double Spend Prevention Tests 2.2. Concurrent Withdrawals should allow only ONE of two simultaneous withdrawals when balance is insufficient","invocations":1,"location":null,"numPassingAsserts":2,"retryReasons":[],"status":"passed","title":"should allow only ONE of two simultaneous withdrawals when balance is insufficient"},{"ancestorTitles":["Double Spend Prevention Tests","2.3. Swap + Transfer Simultaneously"],"duration":1988,"failureDetails":[],"failureMessages":[],"fullName":"Double Spend Prevention Tests 2.3. Swap + Transfer Simultaneously should allow only ONE operation when both would exceed balance","invocations":1,"location":null,"numPassingAsserts":2,"retryReasons":[],"status":"passed","title":"should allow only ONE operation when both would exceed balance"},{"ancestorTitles":["Double Spend Prevention Tests","2.4. Multiple Card Authorizations"],"duration":2084,"failureDetails":[],"failureMessages":[],"fullName":"Double Spend Prevention Tests 2.4. Multiple Card Authorizations should prevent overspending with simultaneous card authorizations","invocations":1,"location":null,"numPassingAsserts":2,"retryReasons":[],"status":"passed","title":"should prevent overspending with simultaneous card authorizations"}],"endTime":1771607445668,"message":"","name":"C:\\GlobalSecure2026!\\globalsecuresend\\tests\\ledger\\double-spend.test.ts","startTime":1771607436019,"status":"passed","summary":""},{"assertionResults":[{"ancestorTitles":["Ledger ACID Compliance"],"duration":137,"failureDetails":[],"failureMessages":[],"fullName":"Ledger ACID Compliance ATOMICITY: Should fail transfer if funds are insufficient and not change balances","invocations":1,"location":null,"numPassingAsserts":3,"retryReasons":[],"status":"passed","title":"ATOMICITY: Should fail transfer if funds are insufficient and not change balances"},{"ancestorTitles":["Ledger ACID Compliance"],"duration":145,"failureDetails":[],"failureMessages":[],"fullName":"Ledger ACID Compliance CONSISTENCY: Should deduct amount + fees and credit exact amount","invocations":1,"location":null,"numPassingAsserts":2,"retryReasons":[],"status":"passed","title":"CONSISTENCY: Should deduct amount + fees and credit exact amount"},{"ancestorTitles":["Ledger ACID Compliance"],"duration":318,"failureDetails":[],"failureMessages":[],"fullName":"Ledger ACID Compliance ISOLATION: Should handle concurrent transfers correctly (prevent double spend)","invocations":1,"location":null,"numPassingAsserts":4,"retryReasons":[],"status":"passed","title":"ISOLATION: Should handle concurrent transfers correctly (prevent double spend)"}],"endTime":1771607452163,"message":"","name":"C:\\GlobalSecure2026!\\globalsecuresend\\tests\\integration\\ledger.test.ts","startTime":1771607445726,"status":"passed","summary":""},{"assertionResults":[{"ancestorTitles":["CardsList Component"],"duration":203,"failureDetails":[],"failureMessages":[],"fullName":"CardsList Component renders Visa logo correctly","invocations":1,"location":null,"numPassingAsserts":1,"retryReasons":[],"status":"passed","title":"renders Visa logo correctly"},{"ancestorTitles":["CardsList Component"],"duration":148,"failureDetails":[],"failureMessages":[],"fullName":"CardsList Component opens delete confirmation modal when trash icon is clicked","invocations":1,"location":null,"numPassingAsserts":2,"retryReasons":[],"status":"passed","title":"opens delete confirmation modal when trash icon is clicked"},{"ancestorTitles":["CardsList Component"],"duration":152,"failureDetails":[],"failureMessages":[],"fullName":"CardsList Component calls delete API and updates state on successful deletion","invocations":1,"location":null,"numPassingAsserts":2,"retryReasons":[],"status":"passed","title":"calls delete API and updates state on successful deletion"},{"ancestorTitles":["CardsList Component"],"duration":202,"failureDetails":[],"failureMessages":[],"fullName":"CardsList Component shows error toast on deletion failure","invocations":1,"location":null,"numPassingAsserts":1,"retryReasons":[],"status":"passed","title":"shows error toast on deletion failure"}],"endTime":1771607487138,"message":"","name":"C:\\GlobalSecure2026!\\globalsecuresend\\tests\\unit\\cards-list.test.tsx","startTime":1771607471103,"status":"passed","summary":""},{"assertionResults":[{"ancestorTitles":["Security: Injection Attacks"],"duration":187,"failureDetails":[],"failureMessages":[],"fullName":"Security: Injection Attacks should sanitize or reject SQL Injection in transfer description","invocations":1,"location":null,"numPassingAsserts":2,"retryReasons":[],"status":"passed","title":"should sanitize or reject SQL Injection in transfer description"},{"ancestorTitles":["Security: Injection Attacks"],"duration":10,"failureDetails":[],"failureMessages":[],"fullName":"Security: Injection Attacks should reject XSS payloads in fields","invocations":1,"location":null,"numPassingAsserts":1,"retryReasons":[],"status":"passed","title":"should reject XSS payloads in fields"}],"endTime":1771607489506,"message":"","name":"C:\\GlobalSecure2026!\\globalsecuresend\\tests\\security\\injection.test.ts","startTime":1771607487165,"status":"passed","summary":""},{"assertionResults":[{"ancestorTitles":["Yield credit helpers"],"duration":178,"failureDetails":[],"failureMessages":[],"fullName":"Yield credit helpers calcula power/available/reserved/debt e atualiza ltvCurrent","invocations":1,"location":null,"numPassingAsserts":6,"retryReasons":[],"status":"passed","title":"calcula power/available/reserved/debt e atualiza ltvCurrent"}],"endTime":1771607489979,"message":"","name":"C:\\GlobalSecure2026!\\globalsecuresend\\tests\\integration\\yield-credit.test.ts","startTime":1771607489554,"status":"passed","summary":""},{"assertionResults":[{"ancestorTitles":["AML velocity and high-risk jurisdiction"],"duration":353,"failureDetails":[],"failureMessages":[],"fullName":"AML velocity and high-risk jurisdiction VELOCITY_TX_COUNT cria AmlReviewCase e bloqueia transfer posterior","invocations":1,"location":null,"numPassingAsserts":8,"retryReasons":[],"status":"passed","title":"VELOCITY_TX_COUNT cria AmlReviewCase e bloqueia transfer posterior"},{"ancestorTitles":["AML velocity and high-risk jurisdiction"],"duration":153,"failureDetails":[],"failureMessages":[],"fullName":"AML velocity and high-risk jurisdiction HIGH_RISK_JURISDICTION cria AmlReviewCase CRITICAL e bloqueia transfer posterior","invocations":1,"location":null,"numPassingAsserts":6,"retryReasons":[],"status":"passed","title":"HIGH_RISK_JURISDICTION cria AmlReviewCase CRITICAL e bloqueia transfer posterior"}],"endTime":1771607491268,"message":"","name":"C:\\GlobalSecure2026!\\globalsecuresend\\tests\\integration\\aml-velocity.test.ts","startTime":1771607489999,"status":"passed","summary":""},{"assertionResults":[{"ancestorTitles":["Session Security and Authentication Tests","5.1. Valid Login"],"duration":256,"failureDetails":[],"failureMessages":[],"fullName":"Session Security and Authentication Tests 5.1. Valid Login should create session with valid JWT token","invocations":1,"location":null,"numPassingAsserts":6,"retryReasons":[],"status":"passed","title":"should create session with valid JWT token"},{"ancestorTitles":["Session Security and Authentication Tests","5.2. Logout"],"duration":35,"failureDetails":[],"failureMessages":[],"fullName":"Session Security and Authentication Tests 5.2. Logout should invalidate session on logout","invocations":1,"location":null,"numPassingAsserts":3,"retryReasons":[],"status":"passed","title":"should invalidate session on logout"},{"ancestorTitles":["Session Security and Authentication Tests","5.3. Expired Session"],"duration":31,"failureDetails":[],"failureMessages":[],"fullName":"Session Security and Authentication Tests 5.3. Expired Session should reject expired JWT token","invocations":1,"location":null,"numPassingAsserts":1,"retryReasons":[],"status":"passed","title":"should reject expired JWT token"},{"ancestorTitles":["Session Security and Authentication Tests","5.3. Expired Session"],"duration":17,"failureDetails":[],"failureMessages":[],"fullName":"Session Security and Authentication Tests 5.3. Expired Session should reject session past expiresAt date","invocations":1,"location":null,"numPassingAsserts":1,"retryReasons":[],"status":"passed","title":"should reject session past expiresAt date"},{"ancestorTitles":["Session Security and Authentication Tests","5.4. Invalid Cookie/Token"],"duration":7,"failureDetails":[],"failureMessages":[],"fullName":"Session Security and Authentication Tests 5.4. Invalid Cookie/Token should reject malformed JWT token","invocations":1,"location":null,"numPassingAsserts":1,"retryReasons":[],"status":"passed","title":"should reject malformed JWT token"},{"ancestorTitles":["Session Security and Authentication Tests","5.4. Invalid Cookie/Token"],"duration":1,"failureDetails":[],"failureMessages":[],"fullName":"Session Security and Authentication Tests 5.4. Invalid Cookie/Token should reject empty token","invocations":1,"location":null,"numPassingAsserts":1,"retryReasons":[],"status":"passed","title":"should reject empty token"},{"ancestorTitles":["Session Security and Authentication Tests","5.5. Tampered Token"],"duration":12,"failureDetails":[],"failureMessages":[],"fullName":"Session Security and Authentication Tests 5.5. Tampered Token should reject JWT with tampered payload","invocations":1,"location":null,"numPassingAsserts":1,"retryReasons":[],"status":"passed","title":"should reject JWT with tampered payload"},{"ancestorTitles":["Session Security and Authentication Tests","5.5. Tampered Token"],"duration":11,"failureDetails":[],"failureMessages":[],"fullName":"Session Security and Authentication Tests 5.5. Tampered Token should reject JWT signed with wrong secret","invocations":1,"location":null,"numPassingAsserts":1,"retryReasons":[],"status":"passed","title":"should reject JWT signed with wrong secret"},{"ancestorTitles":["Session Security and Authentication Tests","5.6. Session Hijacking Prevention"],"duration":17,"failureDetails":[],"failureMessages":[],"fullName":"Session Security and Authentication Tests 5.6. Session Hijacking Prevention should detect session from different IP address","invocations":1,"location":null,"numPassingAsserts":1,"retryReasons":[],"status":"passed","title":"should detect session from different IP address"},{"ancestorTitles":["Session Security and Authentication Tests","5.6. Session Hijacking Prevention"],"duration":17,"failureDetails":[],"failureMessages":[],"fullName":"Session Security and Authentication Tests 5.6. Session Hijacking Prevention should detect session from different user agent","invocations":1,"location":null,"numPassingAsserts":1,"retryReasons":[],"status":"passed","title":"should detect session from different user agent"},{"ancestorTitles":["Session Security and Authentication Tests","5.7. Multiple Sessions"],"duration":32,"failureDetails":[],"failureMessages":[],"fullName":"Session Security and Authentication Tests 5.7. Multiple Sessions should allow multiple active sessions per user","invocations":1,"location":null,"numPassingAsserts":1,"retryReasons":[],"status":"passed","title":"should allow multiple active sessions per user"},{"ancestorTitles":["Session Security and Authentication Tests","5.8. Password Verification"],"duration":182,"failureDetails":[],"failureMessages":[],"fullName":"Session Security and Authentication Tests 5.8. Password Verification should reject incorrect password","invocations":1,"location":null,"numPassingAsserts":1,"retryReasons":[],"status":"passed","title":"should reject incorrect password"}],"endTime":1771607493956,"message":"","name":"C:\\GlobalSecure2026!\\globalsecuresend\\tests\\auth\\session-security.test.ts","startTime":1771607491287,"status":"passed","summary":""},{"assertionResults":[{"ancestorTitles":["SecureTransferDialog Component"],"duration":141,"failureDetails":[],"failureMessages":[],"fullName":"SecureTransferDialog Component renders form when open","invocations":1,"location":null,"numPassingAsserts":3,"retryReasons":[],"status":"passed","title":"renders form when open"},{"ancestorTitles":["SecureTransferDialog Component"],"duration":124,"failureDetails":[],"failureMessages":[],"fullName":"SecureTransferDialog Component validates required fields","invocations":1,"location":null,"numPassingAsserts":2,"retryReasons":[],"status":"passed","title":"validates required fields"},{"ancestorTitles":["SecureTransferDialog Component"],"duration":220,"failureDetails":[],"failureMessages":[],"fullName":"SecureTransferDialog Component submits form and shows success view","invocations":1,"location":null,"numPassingAsserts":4,"retryReasons":[],"status":"passed","title":"submits form and shows success view"},{"ancestorTitles":["SecureTransferDialog Component"],"duration":205,"failureDetails":[],"failureMessages":[],"fullName":"SecureTransferDialog Component handles API error","invocations":1,"location":null,"numPassingAsserts":1,"retryReasons":[],"status":"passed","title":"handles API error"}],"endTime":1771607495373,"message":"","name":"C:\\GlobalSecure2026!\\globalsecuresend\\tests\\unit\\secure-transfer.test.tsx","startTime":1771607494013,"status":"passed","summary":""},{"assertionResults":[{"ancestorTitles":["Monitoring & Alerts"],"duration":693,"failureDetails":[],"failureMessages":[],"fullName":"Monitoring & Alerts should log an alert to the database","invocations":1,"location":null,"numPassingAsserts":2,"retryReasons":[],"status":"passed","title":"should log an alert to the database"}],"endTime":1771607496552,"message":"","name":"C:\\GlobalSecure2026!\\globalsecuresend\\tests\\unit\\monitoring.test.ts","startTime":1771607495393,"status":"passed","summary":""},{"assertionResults":[{"ancestorTitles":["ACID Ledger Consistency Tests","1.1. Concurrent Deposits"],"duration":65,"failureDetails":[],"failureMessages":[],"fullName":"ACID Ledger Consistency Tests 1.1. Concurrent Deposits should handle 100 concurrent deposits without duplicates","invocations":1,"location":null,"numPassingAsserts":3,"retryReasons":[],"status":"passed","title":"should handle 100 concurrent deposits without duplicates"},{"ancestorTitles":["ACID Ledger Consistency Tests","1.2. Concurrent Transfers"],"duration":162,"failureDetails":[],"failureMessages":[],"fullName":"ACID Ledger Consistency Tests 1.2. Concurrent Transfers should handle 100 concurrent transfers with ACID guarantees","invocations":1,"location":null,"numPassingAsserts":4,"retryReasons":[],"status":"passed","title":"should handle 100 concurrent transfers with ACID guarantees"},{"ancestorTitles":["ACID Ledger Consistency Tests","1.3. Concurrent Swaps"],"duration":126,"failureDetails":[],"failureMessages":[],"fullName":"ACID Ledger Consistency Tests 1.3. Concurrent Swaps should handle 100 concurrent swaps without precision loss","invocations":1,"location":null,"numPassingAsserts":3,"retryReasons":[],"status":"passed","title":"should handle 100 concurrent swaps without precision loss"},{"ancestorTitles":["ACID Ledger Consistency Tests","1.4. Concurrent Withdrawals"],"duration":140,"failureDetails":[],"failureMessages":[],"fullName":"ACID Ledger Consistency Tests 1.4. Concurrent Withdrawals should prevent negative balance with 10 concurrent withdrawals","invocations":1,"location":null,"numPassingAsserts":2,"retryReasons":[],"status":"passed","title":"should prevent negative balance with 10 concurrent withdrawals"}],"endTime":1771607497589,"message":"","name":"C:\\GlobalSecure2026!\\globalsecuresend\\tests\\ledger\\acid-consistency.test.ts","startTime":1771607496579,"status":"passed","summary":""},{"assertionResults":[{"ancestorTitles":["Phase 3 endpoints and jobs"],"duration":173,"failureDetails":[],"failureMessages":[],"fullName":"Phase 3 endpoints and jobs GET /api/yield/power retorna valores consistentes","invocations":1,"location":null,"numPassingAsserts":5,"retryReasons":[],"status":"passed","title":"GET /api/yield/power retorna valores consistentes"},{"ancestorTitles":["Phase 3 endpoints and jobs"],"duration":90,"failureDetails":[],"failureMessages":[],"fullName":"Phase 3 endpoints and jobs GET /api/admin/finance/users agrega saldos e yield","invocations":1,"location":null,"numPassingAsserts":5,"retryReasons":[],"status":"passed","title":"GET /api/admin/finance/users agrega saldos e yield"},{"ancestorTitles":["Phase 3 endpoints and jobs"],"duration":79,"failureDetails":[],"failureMessages":[],"fullName":"Phase 3 endpoints and jobs GET/POST /api/admin/aml/review-queue lista e atualiza casos","invocations":1,"location":null,"numPassingAsserts":2,"retryReasons":[],"status":"passed","title":"GET/POST /api/admin/aml/review-queue lista e atualiza casos"},{"ancestorTitles":["Phase 3 endpoints and jobs"],"duration":35,"failureDetails":[],"failureMessages":[],"fullName":"Phase 3 endpoints and jobs TREASURY_CHECK cria AuditLog quando saldo total < threshold","invocations":1,"location":null,"numPassingAsserts":2,"retryReasons":[],"status":"passed","title":"TREASURY_CHECK cria AuditLog quando saldo total < threshold"}],"endTime":1771607498555,"message":"","name":"C:\\GlobalSecure2026!\\globalsecuresend\\tests\\integration\\phase3-endpoints.test.ts","startTime":1771607497632,"status":"passed","summary":""},{"assertionResults":[{"ancestorTitles":["Risk gates"],"duration":200,"failureDetails":[],"failureMessages":[],"fullName":"Risk gates blocks transfers when user has pending HIGH/CRITICAL AML case","invocations":1,"location":null,"numPassingAsserts":2,"retryReasons":[],"status":"passed","title":"blocks transfers when user has pending HIGH/CRITICAL AML case"}],"endTime":1771607499573,"message":"","name":"C:\\GlobalSecure2026!\\globalsecuresend\\tests\\integration\\risk-gates.test.ts","startTime":1771607498575,"status":"passed","summary":""},{"assertionResults":[{"ancestorTitles":["System Resilience & Failure Handling"],"duration":128,"failureDetails":[],"failureMessages":[],"fullName":"System Resilience & Failure Handling should ignore duplicated webhooks","invocations":1,"location":null,"numPassingAsserts":2,"retryReasons":[],"status":"passed","title":"should ignore duplicated webhooks"},{"ancestorTitles":["System Resilience & Failure Handling"],"duration":95,"failureDetails":[],"failureMessages":[],"fullName":"System Resilience & Failure Handling should handle out-of-order events safely","invocations":1,"location":null,"numPassingAsserts":3,"retryReasons":[],"status":"passed","title":"should handle out-of-order events safely"},{"ancestorTitles":["System Resilience & Failure Handling"],"duration":124,"failureDetails":[],"failureMessages":[],"fullName":"System Resilience & Failure Handling should retry external API failures (network timeout)","invocations":1,"location":null,"numPassingAsserts":2,"retryReasons":[],"status":"passed","title":"should retry external API failures (network timeout)"},{"ancestorTitles":["System Resilience & Failure Handling"],"duration":54,"failureDetails":[],"failureMessages":[],"fullName":"System Resilience & Failure Handling should not credit balance on Stripe failure","invocations":1,"location":null,"numPassingAsserts":1,"retryReasons":[],"status":"passed","title":"should not credit balance on Stripe failure"},{"ancestorTitles":["System Resilience & Failure Handling"],"duration":49,"failureDetails":[],"failureMessages":[],"fullName":"System Resilience & Failure Handling should not credit balance on blockchain reverted tx","invocations":1,"location":null,"numPassingAsserts":1,"retryReasons":[],"status":"passed","title":"should not credit balance on blockchain reverted tx"},{"ancestorTitles":["System Resilience & Failure Handling"],"duration":87,"failureDetails":[],"failureMessages":[],"fullName":"System Resilience & Failure Handling should reject transfer with insufficient balance","invocations":1,"location":null,"numPassingAsserts":1,"retryReasons":[],"status":"passed","title":"should reject transfer with insufficient balance"},{"ancestorTitles":["System Resilience & Failure Handling"],"duration":34,"failureDetails":[],"failureMessages":[],"fullName":"System Resilience & Failure Handling should reject operation above KYC limit","invocations":1,"location":null,"numPassingAsserts":1,"retryReasons":[],"status":"passed","title":"should reject operation above KYC limit"}],"endTime":1771607500669,"message":"","name":"C:\\GlobalSecure2026!\\globalsecuresend\\tests\\failure\\resilience.test.ts","startTime":1771607499600,"status":"passed","summary":""},{"assertionResults":[{"ancestorTitles":["GDPR: right to erasure (anonymization)"],"duration":324,"failureDetails":[],"failureMessages":[],"fullName":"GDPR: right to erasure (anonymization) happy path anonymizes user and completes job","invocations":1,"location":null,"numPassingAsserts":13,"retryReasons":[],"status":"passed","title":"happy path anonymizes user and completes job"},{"ancestorTitles":["GDPR: right to erasure (anonymization)"],"duration":110,"failureDetails":[],"failureMessages":[],"fullName":"GDPR: right to erasure (anonymization) legal hold blocks erasure when AML HIGH case is open","invocations":1,"location":null,"numPassingAsserts":3,"retryReasons":[],"status":"passed","title":"legal hold blocks erasure when AML HIGH case is open"}],"endTime":1771607501470,"message":"","name":"C:\\GlobalSecure2026!\\globalsecuresend\\tests\\integration\\gdpr-erasure.test.ts","startTime":1771607500726,"status":"passed","summary":""},{"assertionResults":[{"ancestorTitles":["Travel mode"],"duration":165,"failureDetails":[],"failureMessages":[],"fullName":"Travel mode GET e PATCH /api/user/travel-mode alternam estado","invocations":1,"location":null,"numPassingAsserts":6,"retryReasons":[],"status":"passed","title":"GET e PATCH /api/user/travel-mode alternam estado"},{"ancestorTitles":["Travel mode"],"duration":51,"failureDetails":[],"failureMessages":[],"fullName":"Travel mode geofraude bloqueia fora do país habitual quando travel mode off","invocations":1,"location":null,"numPassingAsserts":3,"retryReasons":[],"status":"passed","title":"geofraude bloqueia fora do país habitual quando travel mode off"},{"ancestorTitles":["Travel mode"],"duration":43,"failureDetails":[],"failureMessages":[],"fullName":"Travel mode geofraude relaxa dentro da região quando travel mode on","invocations":1,"location":null,"numPassingAsserts":2,"retryReasons":[],"status":"passed","title":"geofraude relaxa dentro da região quando travel mode on"},{"ancestorTitles":["Travel mode"],"duration":37,"failureDetails":[],"failureMessages":[],"fullName":"Travel mode geofraude bloqueia fora da região quando travel mode on","invocations":1,"location":null,"numPassingAsserts":2,"retryReasons":[],"status":"passed","title":"geofraude bloqueia fora da região quando travel mode on"},{"ancestorTitles":["Travel mode"],"duration":134,"failureDetails":[],"failureMessages":[],"fullName":"Travel mode fiat pool prioriza moedas da região quando travel mode ativo","invocations":1,"location":null,"numPassingAsserts":2,"retryReasons":[],"status":"passed","title":"fiat pool prioriza moedas da região quando travel mode ativo"}],"endTime":1771607502336,"message":"","name":"C:\\GlobalSecure2026!\\globalsecuresend\\tests\\integration\\travel-mode.test.ts","startTime":1771607501495,"status":"passed","summary":""},{"assertionResults":[{"ancestorTitles":["Market guard + circuit breaker"],"duration":280,"failureDetails":[],"failureMessages":[],"fullName":"Market guard + circuit breaker queda ~6% em 1h ativa alerta e reduz LTV efetivo","invocations":1,"location":null,"numPassingAsserts":7,"retryReasons":[],"status":"passed","title":"queda ~6% em 1h ativa alerta e reduz LTV efetivo"},{"ancestorTitles":["Market guard + circuit breaker"],"duration":134,"failureDetails":[],"failureMessages":[],"fullName":"Market guard + circuit breaker queda >=10% em 1h pausa yield","invocations":1,"location":null,"numPassingAsserts":2,"retryReasons":[],"status":"passed","title":"queda >=10% em 1h pausa yield"},{"ancestorTitles":["Market guard + circuit breaker"],"duration":46,"failureDetails":[],"failureMessages":[],"fullName":"Market guard + circuit breaker oracles falham mas lastPrice recente -> usa fallback sem sobrescrever lastPrice","invocations":1,"location":null,"numPassingAsserts":3,"retryReasons":[],"status":"passed","title":"oracles falham mas lastPrice recente -> usa fallback sem sobrescrever lastPrice"},{"ancestorTitles":["Market guard + circuit breaker"],"duration":43,"failureDetails":[],"failureMessages":[],"fullName":"Market guard + circuit breaker oracles falham e lastPrice velho -> pausa yield","invocations":1,"location":null,"numPassingAsserts":3,"retryReasons":[],"status":"passed","title":"oracles falham e lastPrice velho -> pausa yield"}],"endTime":1771607503119,"message":"","name":"C:\\GlobalSecure2026!\\globalsecuresend\\tests\\integration\\market-guard.test.ts","startTime":1771607502359,"status":"passed","summary":""},{"assertionResults":[{"ancestorTitles":["KYC Guards and Limits Enforcement","3.1. Transfer Limits by KYC Level"],"duration":70,"failureDetails":[],"failureMessages":[],"fullName":"KYC Guards and Limits Enforcement 3.1. Transfer Limits by KYC Level should block KYC Level 0 user from transferring > €100","invocations":1,"location":null,"numPassingAsserts":1,"retryReasons":[],"status":"passed","title":"should block KYC Level 0 user from transferring > €100"},{"ancestorTitles":["KYC Guards and Limits Enforcement","3.1. Transfer Limits by KYC Level"],"duration":36,"failureDetails":[],"failureMessages":[],"fullName":"KYC Guards and Limits Enforcement 3.1. Transfer Limits by KYC Level should allow KYC Level 0 user to transfer €50","invocations":1,"location":null,"numPassingAsserts":0,"retryReasons":[],"status":"passed","title":"should allow KYC Level 0 user to transfer €50"},{"ancestorTitles":["KYC Guards and Limits Enforcement","3.1. Transfer Limits by KYC Level"],"duration":33,"failureDetails":[],"failureMessages":[],"fullName":"KYC Guards and Limits Enforcement 3.1. Transfer Limits by KYC Level should allow KYC Level 1 user to transfer €400","invocations":1,"location":null,"numPassingAsserts":0,"retryReasons":[],"status":"passed","title":"should allow KYC Level 1 user to transfer €400"},{"ancestorTitles":["KYC Guards and Limits Enforcement","3.1. Transfer Limits by KYC Level"],"duration":21,"failureDetails":[],"failureMessages":[],"fullName":"KYC Guards and Limits Enforcement 3.1. Transfer Limits by KYC Level should block KYC Level 1 user from transferring > €500","invocations":1,"location":null,"numPassingAsserts":1,"retryReasons":[],"status":"passed","title":"should block KYC Level 1 user from transferring > €500"},{"ancestorTitles":["KYC Guards and Limits Enforcement","3.1. Transfer Limits by KYC Level"],"duration":42,"failureDetails":[],"failureMessages":[],"fullName":"KYC Guards and Limits Enforcement 3.1. Transfer Limits by KYC Level should allow KYC Level 2 user to transfer €5000","invocations":1,"location":null,"numPassingAsserts":0,"retryReasons":[],"status":"passed","title":"should allow KYC Level 2 user to transfer €5000"},{"ancestorTitles":["KYC Guards and Limits Enforcement","3.2. Deposit Limits by KYC Level"],"duration":10,"failureDetails":[],"failureMessages":[],"fullName":"KYC Guards and Limits Enforcement 3.2. Deposit Limits by KYC Level should block KYC Level 0 deposit > €100","invocations":1,"location":null,"numPassingAsserts":1,"retryReasons":[],"status":"passed","title":"should block KYC Level 0 deposit > €100"},{"ancestorTitles":["KYC Guards and Limits Enforcement","3.2. Deposit Limits by KYC Level"],"duration":10,"failureDetails":[],"failureMessages":[],"fullName":"KYC Guards and Limits Enforcement 3.2. Deposit Limits by KYC Level should allow KYC Level 1 deposit €300","invocations":1,"location":null,"numPassingAsserts":1,"retryReasons":[],"status":"passed","title":"should allow KYC Level 1 deposit €300"},{"ancestorTitles":["KYC Guards and Limits Enforcement","3.3. Withdrawal Limits by KYC Level"],"duration":12,"failureDetails":[],"failureMessages":[],"fullName":"KYC Guards and Limits Enforcement 3.3. Withdrawal Limits by KYC Level should block KYC Level 0 withdrawal > €100","invocations":1,"location":null,"numPassingAsserts":1,"retryReasons":[],"status":"passed","title":"should block KYC Level 0 withdrawal > €100"},{"ancestorTitles":["KYC Guards and Limits Enforcement","3.3. Withdrawal Limits by KYC Level"],"duration":11,"failureDetails":[],"failureMessages":[],"fullName":"KYC Guards and Limits Enforcement 3.3. Withdrawal Limits by KYC Level should allow KYC Level 2 withdrawal €8000","invocations":1,"location":null,"numPassingAsserts":1,"retryReasons":[],"status":"passed","title":"should allow KYC Level 2 withdrawal €8000"},{"ancestorTitles":["KYC Guards and Limits Enforcement","3.4. Swap Limits by KYC Level"],"duration":10,"failureDetails":[],"failureMessages":[],"fullName":"KYC Guards and Limits Enforcement 3.4. Swap Limits by KYC Level should block KYC Level 0 swap > €100","invocations":1,"location":null,"numPassingAsserts":1,"retryReasons":[],"status":"passed","title":"should block KYC Level 0 swap > €100"},{"ancestorTitles":["KYC Guards and Limits Enforcement","3.4. Swap Limits by KYC Level"],"duration":10,"failureDetails":[],"failureMessages":[],"fullName":"KYC Guards and Limits Enforcement 3.4. Swap Limits by KYC Level should allow KYC Level 1 swap €450","invocations":1,"location":null,"numPassingAsserts":1,"retryReasons":[],"status":"passed","title":"should allow KYC Level 1 swap €450"},{"ancestorTitles":["KYC Guards and Limits Enforcement","3.5. Cumulative Daily Limits"],"duration":37,"failureDetails":[],"failureMessages":[],"fullName":"KYC Guards and Limits Enforcement 3.5. Cumulative Daily Limits should track and enforce cumulative daily limits","invocations":1,"location":null,"numPassingAsserts":1,"retryReasons":[],"status":"passed","title":"should track and enforce cumulative daily limits"}],"endTime":1771607504054,"message":"","name":"C:\\GlobalSecure2026!\\globalsecuresend\\tests\\compliance\\kyc-guards.test.ts","startTime":1771607503145,"status":"passed","summary":""},{"assertionResults":[{"ancestorTitles":["E2E: Deposit Flows"],"duration":91,"failureDetails":[],"failureMessages":[],"fullName":"E2E: Deposit Flows should process a simulated Stripe Card Topup correctly","invocations":1,"location":null,"numPassingAsserts":5,"retryReasons":[],"status":"passed","title":"should process a simulated Stripe Card Topup correctly"},{"ancestorTitles":["E2E: Deposit Flows"],"duration":52,"failureDetails":[],"failureMessages":[],"fullName":"E2E: Deposit Flows should process a simulated Crypto (USDT) Deposit correctly","invocations":1,"location":null,"numPassingAsserts":2,"retryReasons":[],"status":"passed","title":"should process a simulated Crypto (USDT) Deposit correctly"}],"endTime":1771607504747,"message":"","name":"C:\\GlobalSecure2026!\\globalsecuresend\\tests\\e2e\\deposits.test.ts","startTime":1771607504098,"status":"passed","summary":""},{"assertionResults":[{"ancestorTitles":["Crypto Webhooks Tests (Alchemy/Polygon)","4.5. USDT Deposit Webhook"],"duration":127,"failureDetails":[],"failureMessages":[],"fullName":"Crypto Webhooks Tests (Alchemy/Polygon) 4.5. USDT Deposit Webhook should credit balance after blockchain confirmations","invocations":1,"location":null,"numPassingAsserts":2,"retryReasons":[],"status":"passed","title":"should credit balance after blockchain confirmations"},{"ancestorTitles":["Crypto Webhooks Tests (Alchemy/Polygon)","4.5. USDT Deposit Webhook"],"duration":45,"failureDetails":[],"failureMessages":[],"fullName":"Crypto Webhooks Tests (Alchemy/Polygon) 4.5. USDT Deposit Webhook should ignore duplicate crypto deposit webhook","invocations":1,"location":null,"numPassingAsserts":1,"retryReasons":[],"status":"passed","title":"should ignore duplicate crypto deposit webhook"},{"ancestorTitles":["Crypto Webhooks Tests (Alchemy/Polygon)","4.6. Out-of-Order Webhooks"],"duration":38,"failureDetails":[],"failureMessages":[],"fullName":"Crypto Webhooks Tests (Alchemy/Polygon) 4.6. Out-of-Order Webhooks should handle confirmed webhook arriving before pending","invocations":1,"location":null,"numPassingAsserts":2,"retryReasons":[],"status":"passed","title":"should handle confirmed webhook arriving before pending"},{"ancestorTitles":["Crypto Webhooks Tests (Alchemy/Polygon)","4.7. Failed/Reverted Transactions"],"duration":32,"failureDetails":[],"failureMessages":[],"fullName":"Crypto Webhooks Tests (Alchemy/Polygon) 4.7. Failed/Reverted Transactions should NOT credit balance for reverted transaction","invocations":1,"location":null,"numPassingAsserts":1,"retryReasons":[],"status":"passed","title":"should NOT credit balance for reverted transaction"},{"ancestorTitles":["Crypto Webhooks Tests (Alchemy/Polygon)","4.8. Webhook HMAC Validation"],"duration":2,"failureDetails":[],"failureMessages":[],"fullName":"Crypto Webhooks Tests (Alchemy/Polygon) 4.8. Webhook HMAC Validation should reject webhook with invalid HMAC signature","invocations":1,"location":null,"numPassingAsserts":1,"retryReasons":[],"status":"passed","title":"should reject webhook with invalid HMAC signature"}],"endTime":1771607505543,"message":"","name":"C:\\GlobalSecure2026!\\globalsecuresend\\tests\\webhooks\\crypto-webhooks.test.ts","startTime":1771607504772,"status":"passed","summary":""},{"assertionResults":[{"ancestorTitles":["Stripe Webhooks Tests","4.1. Topup Webhook (checkout.session.completed)"],"duration":82,"failureDetails":[],"failureMessages":[],"fullName":"Stripe Webhooks Tests 4.1. Topup Webhook (checkout.session.completed) should credit balance correctly on successful payment","invocations":1,"location":null,"numPassingAsserts":1,"retryReasons":[],"status":"passed","title":"should credit balance correctly on successful payment"},{"ancestorTitles":["Stripe Webhooks Tests","4.1. Topup Webhook (checkout.session.completed)"],"duration":55,"failureDetails":[],"failureMessages":[],"fullName":"Stripe Webhooks Tests 4.1. Topup Webhook (checkout.session.completed) should ignore duplicate webhook (idempotency)","invocations":1,"location":null,"numPassingAsserts":2,"retryReasons":[],"status":"passed","title":"should ignore duplicate webhook (idempotency)"},{"ancestorTitles":["Stripe Webhooks Tests","4.2. Payment Failed Webhook"],"duration":15,"failureDetails":[],"failureMessages":[],"fullName":"Stripe Webhooks Tests 4.2. Payment Failed Webhook should NOT credit balance on failed payment","invocations":1,"location":null,"numPassingAsserts":1,"retryReasons":[],"status":"passed","title":"should NOT credit balance on failed payment"},{"ancestorTitles":["Stripe Webhooks Tests","4.3. Card Authorization Webhook"],"duration":76,"failureDetails":[],"failureMessages":[],"fullName":"Stripe Webhooks Tests 4.3. Card Authorization Webhook should process card authorization correctly","invocations":1,"location":null,"numPassingAsserts":1,"retryReasons":[],"status":"passed","title":"should process card authorization correctly"},{"ancestorTitles":["Stripe Webhooks Tests","4.4. Webhook Signature Validation"],"duration":1,"failureDetails":[],"failureMessages":[],"fullName":"Stripe Webhooks Tests 4.4. Webhook Signature Validation should reject webhook with invalid signature","invocations":1,"location":null,"numPassingAsserts":1,"retryReasons":[],"status":"passed","title":"should reject webhook with invalid signature"}],"endTime":1771607506342,"message":"","name":"C:\\GlobalSecure2026!\\globalsecuresend\\tests\\webhooks\\stripe-webhooks.test.ts","startTime":1771607505569,"status":"passed","summary":""},{"assertionResults":[{"ancestorTitles":["GDPR: profile update and data export bundle"],"duration":33,"failureDetails":[],"failureMessages":[],"fullName":"GDPR: profile update and data export bundle PATCH /api/user/profile updates fields and writes AuditLog","invocations":1,"location":null,"numPassingAsserts":4,"retryReasons":[],"status":"passed","title":"PATCH /api/user/profile updates fields and writes AuditLog"},{"ancestorTitles":["GDPR: profile update and data export bundle"],"duration":109,"failureDetails":[],"failureMessages":[],"fullName":"GDPR: profile update and data export bundle POST then GET GDPR export returns JSON bundle","invocations":1,"location":null,"numPassingAsserts":10,"retryReasons":[],"status":"passed","title":"POST then GET GDPR export returns JSON bundle"}],"endTime":1771607507080,"message":"","name":"C:\\GlobalSecure2026!\\globalsecuresend\\tests\\integration\\gdpr-profile-export.test.ts","startTime":1771607506364,"status":"passed","summary":""},{"assertionResults":[{"ancestorTitles":["Network Failure Simulation"],"duration":2,"failureDetails":[],"failureMessages":[],"fullName":"Network Failure Simulation Should handle database connection timeout gracefully","invocations":1,"location":null,"numPassingAsserts":1,"retryReasons":[],"status":"passed","title":"Should handle database connection timeout gracefully"},{"ancestorTitles":["Network Failure Simulation"],"duration":124,"failureDetails":[],"failureMessages":[],"fullName":"Network Failure Simulation should handle external API timeout (Stripe)","invocations":1,"location":null,"numPassingAsserts":2,"retryReasons":[],"status":"passed","title":"should handle external API timeout (Stripe)"},{"ancestorTitles":["Network Failure Simulation"],"duration":64,"failureDetails":[],"failureMessages":[],"fullName":"Network Failure Simulation should handle external API timeout (Alchemy)","invocations":1,"location":null,"numPassingAsserts":2,"retryReasons":[],"status":"passed","title":"should handle external API timeout (Alchemy)"},{"ancestorTitles":["Network Failure Simulation"],"duration":1,"failureDetails":[],"failureMessages":[],"fullName":"Network Failure Simulation should not break when external API returns 500","invocations":1,"location":null,"numPassingAsserts":1,"retryReasons":[],"status":"passed","title":"should not break when external API returns 500"},{"ancestorTitles":["Network Failure Simulation"],"duration":81,"failureDetails":[],"failureMessages":[],"fullName":"Network Failure Simulation should not credit wallet when Stripe returns 500 during topup","invocations":1,"location":null,"numPassingAsserts":1,"retryReasons":[],"status":"passed","title":"should not credit wallet when Stripe returns 500 during topup"}],"endTime":1771607507754,"message":"","name":"C:\\GlobalSecure2026!\\globalsecuresend\\tests\\failure\\network-failure.test.ts","startTime":1771607507099,"status":"passed","summary":""},{"assertionResults":[{"ancestorTitles":["GDPR: privacy incidents (admin)"],"duration":63,"failureDetails":[],"failureMessages":[],"fullName":"GDPR: privacy incidents (admin) creates, lists, and notifies a PrivacyIncident","invocations":1,"location":null,"numPassingAsserts":10,"retryReasons":[],"status":"passed","title":"creates, lists, and notifies a PrivacyIncident"}],"endTime":1771607508431,"message":"","name":"C:\\GlobalSecure2026!\\globalsecuresend\\tests\\integration\\gdpr-privacy-incidents.test.ts","startTime":1771607507786,"status":"passed","summary":""},{"assertionResults":[{"ancestorTitles":["GDPR: consent preferences"],"duration":42,"failureDetails":[],"failureMessages":[],"fullName":"GDPR: consent preferences GET returns current preferences and consent document","invocations":1,"location":null,"numPassingAsserts":3,"retryReasons":[],"status":"passed","title":"GET returns current preferences and consent document"},{"ancestorTitles":["GDPR: consent preferences"],"duration":94,"failureDetails":[],"failureMessages":[],"fullName":"GDPR: consent preferences PUT updates preferences and creates audit + consent records","invocations":1,"location":null,"numPassingAsserts":6,"retryReasons":[],"status":"passed","title":"PUT updates preferences and creates audit + consent records"}],"endTime":1771607509219,"message":"","name":"C:\\GlobalSecure2026!\\globalsecuresend\\tests\\integration\\gdpr-consents.test.ts","startTime":1771607508453,"status":"passed","summary":""},{"assertionResults":[{"ancestorTitles":["Security: IDOR (Insecure Direct Object Reference)"],"duration":29,"failureDetails":[],"failureMessages":[],"fullName":"Security: IDOR (Insecure Direct Object Reference) should BLOCK unauthorized access to another users crypto balance","invocations":1,"location":null,"numPassingAsserts":1,"retryReasons":[],"status":"passed","title":"should BLOCK unauthorized access to another users crypto balance"},{"ancestorTitles":["Security: IDOR (Insecure Direct Object Reference)"],"duration":3,"failureDetails":[],"failureMessages":[],"fullName":"Security: IDOR (Insecure Direct Object Reference) should ALLOW access to own crypto balance","invocations":1,"location":null,"numPassingAsserts":2,"retryReasons":[],"status":"passed","title":"should ALLOW access to own crypto balance"}],"endTime":1771607509952,"message":"","name":"C:\\GlobalSecure2026!\\globalsecuresend\\tests\\security\\idor.test.ts","startTime":1771607509250,"status":"passed","summary":""},{"assertionResults":[{"ancestorTitles":["E2E: Virtual Cards"],"duration":83,"failureDetails":[],"failureMessages":[],"fullName":"E2E: Virtual Cards should create a virtual card and debit balance","invocations":1,"location":null,"numPassingAsserts":4,"retryReasons":[],"status":"passed","title":"should create a virtual card and debit balance"},{"ancestorTitles":["E2E: Virtual Cards"],"duration":10,"failureDetails":[],"failureMessages":[],"fullName":"E2E: Virtual Cards should unlock a card","invocations":1,"location":null,"numPassingAsserts":2,"retryReasons":[],"status":"passed","title":"should unlock a card"},{"ancestorTitles":["E2E: Virtual Cards"],"duration":23,"failureDetails":[],"failureMessages":[],"fullName":"E2E: Virtual Cards should activate a card","invocations":1,"location":null,"numPassingAsserts":1,"retryReasons":[],"status":"passed","title":"should activate a card"},{"ancestorTitles":["E2E: Virtual Cards"],"duration":9,"failureDetails":[],"failureMessages":[],"fullName":"E2E: Virtual Cards should update spending controls","invocations":1,"location":null,"numPassingAsserts":1,"retryReasons":[],"status":"passed","title":"should update spending controls"}],"endTime":1771607510528,"message":"","name":"C:\\GlobalSecure2026!\\globalsecuresend\\tests\\e2e\\cards.test.ts","startTime":1771607509975,"status":"passed","summary":""},{"assertionResults":[{"ancestorTitles":["Admin NOC + health"],"duration":66,"failureDetails":[],"failureMessages":[],"fullName":"Admin NOC + health GET /api/admin/health retorna checks","invocations":1,"location":null,"numPassingAsserts":4,"retryReasons":[],"status":"passed","title":"GET /api/admin/health retorna checks"},{"ancestorTitles":["Admin NOC + health"],"duration":63,"failureDetails":[],"failureMessages":[],"fullName":"Admin NOC + health GET /api/admin/noc/events lista audit e AML","invocations":1,"location":null,"numPassingAsserts":3,"retryReasons":[],"status":"passed","title":"GET /api/admin/noc/events lista audit e AML"}],"endTime":1771607511110,"message":"","name":"C:\\GlobalSecure2026!\\globalsecuresend\\tests\\integration\\admin-noc-health.test.ts","startTime":1771607510548,"status":"passed","summary":""},{"assertionResults":[{"ancestorTitles":["AML review workflow"],"duration":204,"failureDetails":[],"failureMessages":[],"fullName":"AML review workflow assign, note and decide a case","invocations":1,"location":null,"numPassingAsserts":12,"retryReasons":[],"status":"passed","title":"assign, note and decide a case"}],"endTime":1771607511782,"message":"","name":"C:\\GlobalSecure2026!\\globalsecuresend\\tests\\integration\\aml-review-workflow.test.ts","startTime":1771607511137,"status":"passed","summary":""},{"assertionResults":[{"ancestorTitles":["Fiat pool coverage"],"duration":153,"failureDetails":[],"failureMessages":[],"fullName":"Fiat pool coverage debita somente na mesma moeda quando há saldo","invocations":1,"location":null,"numPassingAsserts":3,"retryReasons":[],"status":"passed","title":"debita somente na mesma moeda quando há saldo"},{"ancestorTitles":["Fiat pool coverage"],"duration":114,"failureDetails":[],"failureMessages":[],"fullName":"Fiat pool coverage cobre compra em USD usando saldo em EUR via FX","invocations":1,"location":null,"numPassingAsserts":5,"retryReasons":[],"status":"passed","title":"cobre compra em USD usando saldo em EUR via FX"}],"endTime":1771607512288,"message":"","name":"C:\\GlobalSecure2026!\\globalsecuresend\\tests\\integration\\fiat-pool.test.ts","startTime":1771607511809,"status":"passed","summary":""},{"assertionResults":[{"ancestorTitles":["E2E: Transfer Flows"],"duration":79,"failureDetails":[],"failureMessages":[],"fullName":"E2E: Transfer Flows should execute an internal P2P transfer correctly","invocations":1,"location":null,"numPassingAsserts":2,"retryReasons":[],"status":"passed","title":"should execute an internal P2P transfer correctly"},{"ancestorTitles":["E2E: Transfer Flows"],"duration":22,"failureDetails":[],"failureMessages":[],"fullName":"E2E: Transfer Flows should fail transfer with insufficient funds","invocations":1,"location":null,"numPassingAsserts":1,"retryReasons":[],"status":"passed","title":"should fail transfer with insufficient funds"}],"endTime":1771607512769,"message":"","name":"C:\\GlobalSecure2026!\\globalsecuresend\\tests\\e2e\\transfers.test.ts","startTime":1771607512313,"status":"passed","summary":""},{"assertionResults":[{"ancestorTitles":["Resilience & Disaster Recovery"],"duration":15,"failureDetails":[],"failureMessages":[],"fullName":"Resilience & Disaster Recovery R1: Should rollback transaction on DB failure","invocations":1,"location":null,"numPassingAsserts":2,"retryReasons":[],"status":"passed","title":"R1: Should rollback transaction on DB failure"},{"ancestorTitles":["Resilience & Disaster Recovery"],"duration":112,"failureDetails":[],"failureMessages":[],"fullName":"Resilience & Disaster Recovery R2: Should handle external service timeout gracefully","invocations":1,"location":null,"numPassingAsserts":2,"retryReasons":[],"status":"passed","title":"R2: Should handle external service timeout gracefully"},{"ancestorTitles":["Resilience & Disaster Recovery"],"duration":1,"failureDetails":[],"failureMessages":[],"fullName":"Resilience & Disaster Recovery DR1: Should verify ledger consistency after simulated restore","invocations":1,"location":null,"numPassingAsserts":1,"retryReasons":[],"status":"passed","title":"DR1: Should verify ledger consistency after simulated restore"}],"endTime":1771607513212,"message":"","name":"C:\\GlobalSecure2026!\\globalsecuresend\\tests\\resilience\\resilience.test.ts","startTime":1771607512787,"status":"passed","summary":""},{"assertionResults":[{"ancestorTitles":["AML rules for yield spending"],"duration":93,"failureDetails":[],"failureMessages":[],"fullName":"AML rules for yield spending bloqueia país sancionado","invocations":1,"location":null,"numPassingAsserts":2,"retryReasons":[],"status":"passed","title":"bloqueia país sancionado"},{"ancestorTitles":["AML rules for yield spending"],"duration":47,"failureDetails":[],"failureMessages":[],"fullName":"AML rules for yield spending bloqueia por limite diário","invocations":1,"location":null,"numPassingAsserts":2,"retryReasons":[],"status":"passed","title":"bloqueia por limite diário"},{"ancestorTitles":["AML rules for yield spending"],"duration":24,"failureDetails":[],"failureMessages":[],"fullName":"AML rules for yield spending permite abaixo dos limites","invocations":1,"location":null,"numPassingAsserts":1,"retryReasons":[],"status":"passed","title":"permite abaixo dos limites"}],"endTime":1771607513585,"message":"","name":"C:\\GlobalSecure2026!\\globalsecuresend\\tests\\integration\\aml-rules.test.ts","startTime":1771607513231,"status":"passed","summary":""},{"assertionResults":[{"ancestorTitles":["Transaction Security Suite"],"duration":1,"failureDetails":[],"failureMessages":[],"fullName":"Transaction Security Suite should prevent negative transfers (Validation)","invocations":1,"location":null,"numPassingAsserts":1,"retryReasons":[],"status":"passed","title":"should prevent negative transfers (Validation)"},{"ancestorTitles":["Transaction Security Suite"],"duration":31,"failureDetails":[],"failureMessages":[],"fullName":"Transaction Security Suite should execute transfer atomically (ACID)","invocations":1,"location":null,"numPassingAsserts":2,"retryReasons":[],"status":"passed","title":"should execute transfer atomically (ACID)"},{"ancestorTitles":["Transaction Security Suite"],"duration":14,"failureDetails":[],"failureMessages":[],"fullName":"Transaction Security Suite should prevent transfer exceeding balance (Race Condition / Integrity)","invocations":1,"location":null,"numPassingAsserts":2,"retryReasons":[],"status":"passed","title":"should prevent transfer exceeding balance (Race Condition / Integrity)"},{"ancestorTitles":["Transaction Security Suite"],"duration":11,"failureDetails":[],"failureMessages":[],"fullName":"Transaction Security Suite should log audit trail for transaction","invocations":1,"location":null,"numPassingAsserts":2,"retryReasons":[],"status":"passed","title":"should log audit trail for transaction"}],"endTime":1771607514086,"message":"","name":"C:\\GlobalSecure2026!\\globalsecuresend\\tests\\security\\transaction-security.test.ts","startTime":1771607513608,"status":"passed","summary":""},{"assertionResults":[{"ancestorTitles":["Auth: Email verification flow"],"duration":4,"failureDetails":[],"failureMessages":[],"fullName":"Auth: Email verification flow register: success creates user+otp and returns 201","invocations":1,"location":null,"numPassingAsserts":6,"retryReasons":[],"status":"passed","title":"register: success creates user+otp and returns 201"},{"ancestorTitles":["Auth: Email verification flow"],"duration":2,"failureDetails":[],"failureMessages":[],"fullName":"Auth: Email verification flow register: existing email returns 409","invocations":1,"location":null,"numPassingAsserts":2,"retryReasons":[],"status":"passed","title":"register: existing email returns 409"},{"ancestorTitles":["Auth: Email verification flow"],"duration":2,"failureDetails":[],"failureMessages":[],"fullName":"Auth: Email verification flow register: email send failure rolls back user and returns 503","invocations":1,"location":null,"numPassingAsserts":7,"retryReasons":[],"status":"passed","title":"register: email send failure rolls back user and returns 503"},{"ancestorTitles":["Auth: Email verification flow"],"duration":2,"failureDetails":[],"failureMessages":[],"fullName":"Auth: Email verification flow verify-email: correct code marks emailVerified and updates account","invocations":1,"location":null,"numPassingAsserts":5,"retryReasons":[],"status":"passed","title":"verify-email: correct code marks emailVerified and updates account"},{"ancestorTitles":["Auth: Email verification flow"],"duration":1,"failureDetails":[],"failureMessages":[],"fullName":"Auth: Email verification flow verify-email: expired code returns OTP_EXPIRED","invocations":1,"location":null,"numPassingAsserts":2,"retryReasons":[],"status":"passed","title":"verify-email: expired code returns OTP_EXPIRED"},{"ancestorTitles":["Auth: Email verification flow"],"duration":2,"failureDetails":[],"failureMessages":[],"fullName":"Auth: Email verification flow resend-verification: when user not found returns generic success","invocations":1,"location":null,"numPassingAsserts":2,"retryReasons":[],"status":"passed","title":"resend-verification: when user not found returns generic success"},{"ancestorTitles":["Auth: Email verification flow"],"duration":2,"failureDetails":[],"failureMessages":[],"fullName":"Auth: Email verification flow login-secure: blocks login when email not verified","invocations":1,"location":null,"numPassingAsserts":2,"retryReasons":[],"status":"passed","title":"login-secure: blocks login when email not verified"},{"ancestorTitles":["Auth: Email verification flow"],"duration":8,"failureDetails":[],"failureMessages":[],"fullName":"Auth: Email verification flow login-secure: allows login when email verified and sets auth_token","invocations":1,"location":null,"numPassingAsserts":2,"retryReasons":[],"status":"passed","title":"login-secure: allows login when email verified and sets auth_token"}],"endTime":1771607514874,"message":"","name":"C:\\GlobalSecure2026!\\globalsecuresend\\tests\\auth\\email-verification-flow.test.ts","startTime":1771607514110,"status":"passed","summary":""},{"assertionResults":[{"ancestorTitles":["Treasury alert levels and anti-spam"],"duration":214,"failureDetails":[],"failureMessages":[],"fullName":"Treasury alert levels and anti-spam WARNING, CRITICAL and dedupe behavior","invocations":1,"location":null,"numPassingAsserts":7,"retryReasons":[],"status":"passed","title":"WARNING, CRITICAL and dedupe behavior"}],"endTime":1771607515292,"message":"","name":"C:\\GlobalSecure2026!\\globalsecuresend\\tests\\integration\\treasury-alert-levels.test.ts","startTime":1771607514892,"status":"passed","summary":""},{"assertionResults":[{"ancestorTitles":["Webhook Failure Scenarios"],"duration":0,"failureDetails":[],"failureMessages":[],"fullName":"Webhook Failure Scenarios Stripe webhook with invalid signature should be rejected","invocations":1,"location":null,"numPassingAsserts":1,"retryReasons":[],"status":"passed","title":"Stripe webhook with invalid signature should be rejected"},{"ancestorTitles":["Webhook Failure Scenarios"],"duration":1,"failureDetails":[],"failureMessages":[],"fullName":"Webhook Failure Scenarios Crypto webhook with invalid HMAC should be rejected","invocations":1,"location":null,"numPassingAsserts":1,"retryReasons":[],"status":"passed","title":"Crypto webhook with invalid HMAC should be rejected"},{"ancestorTitles":["Webhook Failure Scenarios"],"duration":25,"failureDetails":[],"failureMessages":[],"fullName":"Webhook Failure Scenarios Webhook missing required fields should not crash","invocations":1,"location":null,"numPassingAsserts":1,"retryReasons":[],"status":"passed","title":"Webhook missing required fields should not crash"},{"ancestorTitles":["Webhook Failure Scenarios"],"duration":100,"failureDetails":[],"failureMessages":[],"fullName":"Webhook Failure Scenarios Webhook processed twice should not double-credit","invocations":1,"location":null,"numPassingAsserts":2,"retryReasons":[],"status":"passed","title":"Webhook processed twice should not double-credit"}],"endTime":1771607515636,"message":"","name":"C:\\GlobalSecure2026!\\globalsecuresend\\tests\\failure\\webhook-failure.test.ts","startTime":1771607515310,"status":"passed","summary":""},{"assertionResults":[{"ancestorTitles":["Security: Account Takeover Scenarios"],"duration":17,"failureDetails":[],"failureMessages":[],"fullName":"Security: Account Takeover Scenarios F7: Should lock account after 5 failed login attempts","invocations":1,"location":null,"numPassingAsserts":2,"retryReasons":[],"status":"passed","title":"F7: Should lock account after 5 failed login attempts"},{"ancestorTitles":["Security: Account Takeover Scenarios"],"duration":7,"failureDetails":[],"failureMessages":[],"fullName":"Security: Account Takeover Scenarios F8: Should flag login from unusual location","invocations":1,"location":null,"numPassingAsserts":1,"retryReasons":[],"status":"passed","title":"F8: Should flag login from unusual location"},{"ancestorTitles":["Security: Account Takeover Scenarios"],"duration":24,"failureDetails":[],"failureMessages":[],"fullName":"Security: Account Takeover Scenarios F9: Should reject revoked or expired session token","invocations":1,"location":null,"numPassingAsserts":1,"retryReasons":[],"status":"passed","title":"F9: Should reject revoked or expired session token"}],"endTime":1771607515999,"message":"","name":"C:\\GlobalSecure2026!\\globalsecuresend\\tests\\security\\account-takeover.test.ts","startTime":1771607515659,"status":"passed","summary":""},{"assertionResults":[{"ancestorTitles":["Security: Behavioral Fraud Scenarios"],"duration":17,"failureDetails":[],"failureMessages":[],"fullName":"Security: Behavioral Fraud Scenarios F4: Should detect structuring (multiple transactions just below limit)","invocations":1,"location":null,"numPassingAsserts":2,"retryReasons":[],"status":"passed","title":"F4: Should detect structuring (multiple transactions just below limit)"},{"ancestorTitles":["Security: Behavioral Fraud Scenarios"],"duration":9,"failureDetails":[],"failureMessages":[],"fullName":"Security: Behavioral Fraud Scenarios F5: Should rate limit Global Link creation","invocations":1,"location":null,"numPassingAsserts":2,"retryReasons":[],"status":"passed","title":"F5: Should rate limit Global Link creation"},{"ancestorTitles":["Security: Behavioral Fraud Scenarios"],"duration":7,"failureDetails":[],"failureMessages":[],"fullName":"Security: Behavioral Fraud Scenarios F6: Should flag self-sending transactions","invocations":1,"location":null,"numPassingAsserts":1,"retryReasons":[],"status":"passed","title":"F6: Should flag self-sending transactions"}],"endTime":1771607516392,"message":"","name":"C:\\GlobalSecure2026!\\globalsecuresend\\tests\\security\\behavioral-fraud.test.ts","startTime":1771607516027,"status":"passed","summary":""},{"assertionResults":[{"ancestorTitles":["Security: Global Link Fraud Scenarios"],"duration":14,"failureDetails":[],"failureMessages":[],"fullName":"Security: Global Link Fraud Scenarios F10: Should reject expired link","invocations":1,"location":null,"numPassingAsserts":1,"retryReasons":[],"status":"passed","title":"F10: Should reject expired link"},{"ancestorTitles":["Security: Global Link Fraud Scenarios"],"duration":12,"failureDetails":[],"failureMessages":[],"fullName":"Security: Global Link Fraud Scenarios F11: Should detect multiple failed unlock attempts","invocations":1,"location":null,"numPassingAsserts":1,"retryReasons":[],"status":"passed","title":"F11: Should detect multiple failed unlock attempts"},{"ancestorTitles":["Security: Global Link Fraud Scenarios"],"duration":18,"failureDetails":[],"failureMessages":[],"fullName":"Security: Global Link Fraud Scenarios F12: Should prevent double redemption of the same link","invocations":1,"location":null,"numPassingAsserts":1,"retryReasons":[],"status":"passed","title":"F12: Should prevent double redemption of the same link"}],"endTime":1771607516939,"message":"","name":"C:\\GlobalSecure2026!\\globalsecuresend\\tests\\security\\global-link-fraud.test.ts","startTime":1771607516415,"status":"passed","summary":""},{"assertionResults":[{"ancestorTitles":["Claim link unlock flow"],"duration":3,"failureDetails":[],"failureMessages":[],"fullName":"Claim link unlock flow GET /api/claim/[token] valid returns public data","invocations":1,"location":null,"numPassingAsserts":3,"retryReasons":[],"status":"passed","title":"GET /api/claim/[token] valid returns public data"},{"ancestorTitles":["Claim link unlock flow"],"duration":2,"failureDetails":[],"failureMessages":[],"fullName":"Claim link unlock flow GET /api/claim/[token] expired returns CLAIM_EXPIRED","invocations":1,"location":null,"numPassingAsserts":2,"retryReasons":[],"status":"passed","title":"GET /api/claim/[token] expired returns CLAIM_EXPIRED"},{"ancestorTitles":["Claim link unlock flow"],"duration":4,"failureDetails":[],"failureMessages":[],"fullName":"Claim link unlock flow POST /api/claim/[token]/unlock correct code returns card data and marks claimed","invocations":1,"location":null,"numPassingAsserts":6,"retryReasons":[],"status":"passed","title":"POST /api/claim/[token]/unlock correct code returns card data and marks claimed"},{"ancestorTitles":["Claim link unlock flow"],"duration":4,"failureDetails":[],"failureMessages":[],"fullName":"Claim link unlock flow POST /api/claim/[token]/unlock wrong code returns attemptsRemaining","invocations":1,"location":null,"numPassingAsserts":3,"retryReasons":[],"status":"passed","title":"POST /api/claim/[token]/unlock wrong code returns attemptsRemaining"},{"ancestorTitles":["Claim link unlock flow"],"duration":2,"failureDetails":[],"failureMessages":[],"fullName":"Claim link unlock flow POST /api/claim/[token]/unlock blocks after rate limit exceeded","invocations":1,"location":null,"numPassingAsserts":2,"retryReasons":[],"status":"passed","title":"POST /api/claim/[token]/unlock blocks after rate limit exceeded"}],"endTime":1771607517315,"message":"","name":"C:\\GlobalSecure2026!\\globalsecuresend\\tests\\claim-link-unlock.test.ts","startTime":1771607516963,"status":"passed","summary":""},{"assertionResults":[{"ancestorTitles":["2FA Security Suite"],"duration":17,"failureDetails":[],"failureMessages":[],"fullName":"2FA Security Suite should generate a valid 6-digit OTP and store hash/record","invocations":1,"location":null,"numPassingAsserts":3,"retryReasons":[],"status":"passed","title":"should generate a valid 6-digit OTP and store hash/record"},{"ancestorTitles":["2FA Security Suite"],"duration":14,"failureDetails":[],"failureMessages":[],"fullName":"2FA Security Suite should reject expired OTP","invocations":1,"location":null,"numPassingAsserts":1,"retryReasons":[],"status":"passed","title":"should reject expired OTP"},{"ancestorTitles":["2FA Security Suite"],"duration":14,"failureDetails":[],"failureMessages":[],"fullName":"2FA Security Suite should reject reused OTP (Replay Attack)","invocations":1,"location":null,"numPassingAsserts":1,"retryReasons":[],"status":"passed","title":"should reject reused OTP (Replay Attack)"},{"ancestorTitles":["2FA Security Suite"],"duration":0,"failureDetails":[],"failureMessages":[],"fullName":"2FA Security Suite should prevent brute force of OTP (Rate Limiting)","invocations":1,"location":null,"numPassingAsserts":0,"retryReasons":[],"status":"passed","title":"should prevent brute force of OTP (Rate Limiting)"}],"endTime":1771607517741,"message":"","name":"C:\\GlobalSecure2026!\\globalsecuresend\\tests\\security\\2fa-security.test.ts","startTime":1771607517339,"status":"passed","summary":""},{"assertionResults":[{"ancestorTitles":["Penetration Testing Suite","SQL Injection (SQLi)"],"duration":9,"failureDetails":[],"failureMessages":[],"fullName":"Penetration Testing Suite SQL Injection (SQLi) should be resilient against SQLi in login fields","invocations":1,"location":null,"numPassingAsserts":1,"retryReasons":[],"status":"passed","title":"should be resilient against SQLi in login fields"},{"ancestorTitles":["Penetration Testing Suite","Cross-Site Scripting (XSS)"],"duration":49,"failureDetails":[],"failureMessages":[],"fullName":"Penetration Testing Suite Cross-Site Scripting (XSS) should sanitize input fields to prevent stored XSS","invocations":1,"location":null,"numPassingAsserts":0,"retryReasons":[],"status":"passed","title":"should sanitize input fields to prevent stored XSS"},{"ancestorTitles":["Penetration Testing Suite","Authentication Bypass"],"duration":1,"failureDetails":[],"failureMessages":[],"fullName":"Penetration Testing Suite Authentication Bypass should prevent access to protected routes without valid session","invocations":1,"location":null,"numPassingAsserts":1,"retryReasons":[],"status":"passed","title":"should prevent access to protected routes without valid session"},{"ancestorTitles":["Penetration Testing Suite","Authentication Bypass"],"duration":1,"failureDetails":[],"failureMessages":[],"fullName":"Penetration Testing Suite Authentication Bypass should prevent privilege escalation (User -> Admin)","invocations":1,"location":null,"numPassingAsserts":1,"retryReasons":[],"status":"passed","title":"should prevent privilege escalation (User -> Admin)"},{"ancestorTitles":["Penetration Testing Suite","CSRF Protection"],"duration":1,"failureDetails":[],"failureMessages":[],"fullName":"Penetration Testing Suite CSRF Protection should validate Origin/Referer headers on sensitive actions","invocations":1,"location":null,"numPassingAsserts":1,"retryReasons":[],"status":"passed","title":"should validate Origin/Referer headers on sensitive actions"}],"endTime":1771607518118,"message":"","name":"C:\\GlobalSecure2026!\\globalsecuresend\\tests\\security\\pentest-suite.test.ts","startTime":1771607517760,"status":"passed","summary":""},{"assertionResults":[{"ancestorTitles":["E2E: Audit & Reconciliation"],"duration":49,"failureDetails":[],"failureMessages":[],"fullName":"E2E: Audit & Reconciliation should verify total system liability equals sum of all wallets","invocations":1,"location":null,"numPassingAsserts":1,"retryReasons":[],"status":"passed","title":"should verify total system liability equals sum of all wallets"},{"ancestorTitles":["E2E: Audit & Reconciliation"],"duration":15,"failureDetails":[],"failureMessages":[],"fullName":"E2E: Audit & Reconciliation should ensure every completed transaction has a valid wallet reference","invocations":1,"location":null,"numPassingAsserts":1,"retryReasons":[],"status":"passed","title":"should ensure every completed transaction has a valid wallet reference"}],"endTime":1771607518368,"message":"","name":"C:\\GlobalSecure2026!\\globalsecuresend\\tests\\e2e\\audit.test.ts","startTime":1771607518138,"status":"passed","summary":""},{"assertionResults":[{"ancestorTitles":["Security: Auth Bypass & Access Control"],"duration":53,"failureDetails":[],"failureMessages":[],"fullName":"Security: Auth Bypass & Access Control should BLOCK unauthenticated access to Admin Logs","invocations":1,"location":null,"numPassingAsserts":1,"retryReasons":[],"status":"passed","title":"should BLOCK unauthenticated access to Admin Logs"},{"ancestorTitles":["Security: Auth Bypass & Access Control"],"duration":1,"failureDetails":[],"failureMessages":[],"fullName":"Security: Auth Bypass & Access Control should BLOCK access with invalid role (mocked as user)","invocations":1,"location":null,"numPassingAsserts":0,"retryReasons":[],"status":"passed","title":"should BLOCK access with invalid role (mocked as user)"}],"endTime":1771607518677,"message":"","name":"C:\\GlobalSecure2026!\\globalsecuresend\\tests\\security\\auth-bypass.test.ts","startTime":1771607518386,"status":"passed","summary":""},{"assertionResults":[{"ancestorTitles":["KYC Limits Service","KYC_LIMITS Constants"],"duration":1,"failureDetails":[],"failureMessages":[],"fullName":"KYC Limits Service KYC_LIMITS Constants should have correct limits for Level 0","invocations":1,"location":null,"numPassingAsserts":2,"retryReasons":[],"status":"passed","title":"should have correct limits for Level 0"},{"ancestorTitles":["KYC Limits Service","KYC_LIMITS Constants"],"duration":0,"failureDetails":[],"failureMessages":[],"fullName":"KYC Limits Service KYC_LIMITS Constants should have correct limits for Level 1","invocations":1,"location":null,"numPassingAsserts":2,"retryReasons":[],"status":"passed","title":"should have correct limits for Level 1"},{"ancestorTitles":["KYC Limits Service","KYC_LIMITS Constants"],"duration":1,"failureDetails":[],"failureMessages":[],"fullName":"KYC Limits Service KYC_LIMITS Constants should have correct limits for Level 2","invocations":1,"location":null,"numPassingAsserts":2,"retryReasons":[],"status":"passed","title":"should have correct limits for Level 2"},{"ancestorTitles":["KYC Limits Service","isWithinKYCLimit"],"duration":0,"failureDetails":[],"failureMessages":[],"fullName":"KYC Limits Service isWithinKYCLimit should return true if amount is within daily limit","invocations":1,"location":null,"numPassingAsserts":2,"retryReasons":[],"status":"passed","title":"should return true if amount is within daily limit"},{"ancestorTitles":["KYC Limits Service","isWithinKYCLimit"],"duration":0,"failureDetails":[],"failureMessages":[],"fullName":"KYC Limits Service isWithinKYCLimit should return false if amount exceeds daily limit","invocations":1,"location":null,"numPassingAsserts":1,"retryReasons":[],"status":"passed","title":"should return false if amount exceeds daily limit"},{"ancestorTitles":["KYC Limits Service","isWithinKYCLimit"],"duration":0,"failureDetails":[],"failureMessages":[],"fullName":"KYC Limits Service isWithinKYCLimit should default to single transaction limit if type is omitted","invocations":1,"location":null,"numPassingAsserts":2,"retryReasons":[],"status":"passed","title":"should default to single transaction limit if type is omitted"},{"ancestorTitles":["KYC Limits Service","isWithinKYCLimit"],"duration":1,"failureDetails":[],"failureMessages":[],"fullName":"KYC Limits Service isWithinKYCLimit should handle monthly limits","invocations":1,"location":null,"numPassingAsserts":2,"retryReasons":[],"status":"passed","title":"should handle monthly limits"},{"ancestorTitles":["KYC Limits Service","isWithinKYCLimit"],"duration":0,"failureDetails":[],"failureMessages":[],"fullName":"KYC Limits Service isWithinKYCLimit should return false for unknown limit types (default case)","invocations":1,"location":null,"numPassingAsserts":1,"retryReasons":[],"status":"passed","title":"should return false for unknown limit types (default case)"},{"ancestorTitles":["KYC Limits Service","getKYCLimit"],"duration":0,"failureDetails":[],"failureMessages":[],"fullName":"KYC Limits Service getKYCLimit should return correct numeric limit","invocations":1,"location":null,"numPassingAsserts":2,"retryReasons":[],"status":"passed","title":"should return correct numeric limit"},{"ancestorTitles":["KYC Limits Service","getKYCLimit"],"duration":1,"failureDetails":[],"failureMessages":[],"fullName":"KYC Limits Service getKYCLimit should default to single limit","invocations":1,"location":null,"numPassingAsserts":1,"retryReasons":[],"status":"passed","title":"should default to single limit"},{"ancestorTitles":["KYC Limits Service","getKYCLimit"],"duration":0,"failureDetails":[],"failureMessages":[],"fullName":"KYC Limits Service getKYCLimit should return 0 for unknown types","invocations":1,"location":null,"numPassingAsserts":1,"retryReasons":[],"status":"passed","title":"should return 0 for unknown types"},{"ancestorTitles":["KYC Limits Service","validateKYCLimit"],"duration":1,"failureDetails":[],"failureMessages":[],"fullName":"KYC Limits Service validateKYCLimit should return valid=true when within limit","invocations":1,"location":null,"numPassingAsserts":3,"retryReasons":[],"status":"passed","title":"should return valid=true when within limit"},{"ancestorTitles":["KYC Limits Service","validateKYCLimit"],"duration":1,"failureDetails":[],"failureMessages":[],"fullName":"KYC Limits Service validateKYCLimit should return valid=false with message when exceeding limit","invocations":1,"location":null,"numPassingAsserts":3,"retryReasons":[],"status":"passed","title":"should return valid=false with message when exceeding limit"},{"ancestorTitles":["KYC Limits Service","getKYCLevelName"],"duration":1,"failureDetails":[],"failureMessages":[],"fullName":"KYC Limits Service getKYCLevelName should return correct names","invocations":1,"location":null,"numPassingAsserts":3,"retryReasons":[],"status":"passed","title":"should return correct names"},{"ancestorTitles":["KYC Limits Service","getKYCLevelName"],"duration":0,"failureDetails":[],"failureMessages":[],"fullName":"KYC Limits Service getKYCLevelName should return Unknown for invalid levels","invocations":1,"location":null,"numPassingAsserts":1,"retryReasons":[],"status":"passed","title":"should return Unknown for invalid levels"},{"ancestorTitles":["KYC Limits Service","getRequiredDocuments"],"duration":1,"failureDetails":[],"failureMessages":[],"fullName":"KYC Limits Service getRequiredDocuments should return empty array for Level 0","invocations":1,"location":null,"numPassingAsserts":1,"retryReasons":[],"status":"passed","title":"should return empty array for Level 0"},{"ancestorTitles":["KYC Limits Service","getRequiredDocuments"],"duration":0,"failureDetails":[],"failureMessages":[],"fullName":"KYC Limits Service getRequiredDocuments should return ID docs for Level 1","invocations":1,"location":null,"numPassingAsserts":1,"retryReasons":[],"status":"passed","title":"should return ID docs for Level 1"},{"ancestorTitles":["KYC Limits Service","getRequiredDocuments"],"duration":0,"failureDetails":[],"failureMessages":[],"fullName":"KYC Limits Service getRequiredDocuments should return full docs for Level 2","invocations":1,"location":null,"numPassingAsserts":1,"retryReasons":[],"status":"passed","title":"should return full docs for Level 2"},{"ancestorTitles":["KYC Limits Service","getRequiredDocuments"],"duration":1,"failureDetails":[],"failureMessages":[],"fullName":"KYC Limits Service getRequiredDocuments should return empty array for invalid levels","invocations":1,"location":null,"numPassingAsserts":1,"retryReasons":[],"status":"passed","title":"should return empty array for invalid levels"}],"endTime":1771607518904,"message":"","name":"C:\\GlobalSecure2026!\\globalsecuresend\\tests\\unit\\kyc-limits.test.ts","startTime":1771607518706,"status":"passed","summary":""},{"assertionResults":[{"ancestorTitles":["Country Configuration Logic"],"duration":2,"failureDetails":[],"failureMessages":[],"fullName":"Country Configuration Logic should return correct currency for known countries","invocations":1,"location":null,"numPassingAsserts":5,"retryReasons":[],"status":"passed","title":"should return correct currency for known countries"},{"ancestorTitles":["Country Configuration Logic"],"duration":0,"failureDetails":[],"failureMessages":[],"fullName":"Country Configuration Logic should default to USD for unknown countries","invocations":1,"location":null,"numPassingAsserts":2,"retryReasons":[],"status":"passed","title":"should default to USD for unknown countries"},{"ancestorTitles":["Country Configuration Logic"],"duration":2,"failureDetails":[],"failureMessages":[],"fullName":"Country Configuration Logic should configure payment methods correctly for Brazil","invocations":1,"location":null,"numPassingAsserts":3,"retryReasons":[],"status":"passed","title":"should configure payment methods correctly for Brazil"},{"ancestorTitles":["Country Configuration Logic"],"duration":1,"failureDetails":[],"failureMessages":[],"fullName":"Country Configuration Logic should configure payment methods correctly for Luxembourg (SEPA)","invocations":1,"location":null,"numPassingAsserts":3,"retryReasons":[],"status":"passed","title":"should configure payment methods correctly for Luxembourg (SEPA)"},{"ancestorTitles":["Country Configuration Logic"],"duration":1,"failureDetails":[],"failureMessages":[],"fullName":"Country Configuration Logic should configure payment methods correctly for US (Swift/Crypto only)","invocations":1,"location":null,"numPassingAsserts":3,"retryReasons":[],"status":"passed","title":"should configure payment methods correctly for US (Swift/Crypto only)"}],"endTime":1771607519273,"message":"","name":"C:\\GlobalSecure2026!\\globalsecuresend\\tests\\unit\\country-config.test.ts","startTime":1771607518928,"status":"passed","summary":""},{"assertionResults":[{"ancestorTitles":["Email service (SMTP env)"],"duration":2,"failureDetails":[],"failureMessages":[],"fullName":"Email service (SMTP env) returns SMTP_NOT_CONFIGURED when env missing","invocations":1,"location":null,"numPassingAsserts":3,"retryReasons":[],"status":"passed","title":"returns SMTP_NOT_CONFIGURED when env missing"},{"ancestorTitles":["Email service (SMTP env)"],"duration":3,"failureDetails":[],"failureMessages":[],"fullName":"Email service (SMTP env) sends email when env present","invocations":1,"location":null,"numPassingAsserts":4,"retryReasons":[],"status":"passed","title":"sends email when env present"}],"endTime":1771607519523,"message":"","name":"C:\\GlobalSecure2026!\\globalsecuresend\\tests\\unit\\email-service.test.ts","startTime":1771607519294,"status":"passed","summary":""},{"assertionResults":[{"ancestorTitles":["Operations Security: KYC & Limits"],"duration":1,"failureDetails":[],"failureMessages":[],"fullName":"Operations Security: KYC & Limits should enforce Single Transaction Limits for Unverified Users (Level 0)","invocations":1,"location":null,"numPassingAsserts":3,"retryReasons":[],"status":"passed","title":"should enforce Single Transaction Limits for Unverified Users (Level 0)"},{"ancestorTitles":["Operations Security: KYC & Limits"],"duration":1,"failureDetails":[],"failureMessages":[],"fullName":"Operations Security: KYC & Limits should enforce Daily Limits for Verified Users (Level 1)","invocations":1,"location":null,"numPassingAsserts":1,"retryReasons":[],"status":"passed","title":"should enforce Daily Limits for Verified Users (Level 1)"},{"ancestorTitles":["Operations Security: KYC & Limits"],"duration":1,"failureDetails":[],"failureMessages":[],"fullName":"Operations Security: KYC & Limits should enforce Monthly Limits for Premium Users (Level 2)","invocations":1,"location":null,"numPassingAsserts":1,"retryReasons":[],"status":"passed","title":"should enforce Monthly Limits for Premium Users (Level 2)"},{"ancestorTitles":["Operations Security: KYC & Limits"],"duration":1,"failureDetails":[],"failureMessages":[],"fullName":"Operations Security: KYC & Limits should validate valid transactions correctly","invocations":1,"location":null,"numPassingAsserts":1,"retryReasons":[],"status":"passed","title":"should validate valid transactions correctly"}],"endTime":1771607519748,"message":"","name":"C:\\GlobalSecure2026!\\globalsecuresend\\tests\\security\\operations-security.test.ts","startTime":1771607519542,"status":"passed","summary":""},{"assertionResults":[{"ancestorTitles":["International Document Validation"],"duration":1,"failureDetails":[],"failureMessages":[],"fullName":"International Document Validation BR: CPF","invocations":1,"location":null,"numPassingAsserts":2,"retryReasons":[],"status":"passed","title":"BR: CPF"},{"ancestorTitles":["International Document Validation"],"duration":1,"failureDetails":[],"failureMessages":[],"fullName":"International Document Validation US: SSN/Passport","invocations":1,"location":null,"numPassingAsserts":3,"retryReasons":[],"status":"passed","title":"US: SSN/Passport"},{"ancestorTitles":["International Document Validation"],"duration":2,"failureDetails":[],"failureMessages":[],"fullName":"International Document Validation Other: Generic (Passport/ID)","invocations":1,"location":null,"numPassingAsserts":3,"retryReasons":[],"status":"passed","title":"Other: Generic (Passport/ID)"}],"endTime":1771607520021,"message":"","name":"C:\\GlobalSecure2026!\\globalsecuresend\\tests\\unit\\document-validation.test.ts","startTime":1771607519769,"status":"passed","summary":""},{"assertionResults":[{"ancestorTitles":["Env Check"],"duration":17,"failureDetails":[],"failureMessages":[],"fullName":"Env Check should show DATABASE_URL","invocations":1,"location":null,"numPassingAsserts":0,"retryReasons":[],"status":"passed","title":"should show DATABASE_URL"}],"endTime":1771607520240,"message":"","name":"C:\\GlobalSecure2026!\\globalsecuresend\\tests\\env-check.test.ts","startTime":1771607520046,"status":"passed","summary":""},{"assertionResults":[{"ancestorTitles":["applyFiatMovement"],"duration":1,"failureDetails":[],"failureMessages":[],"fullName":"applyFiatMovement credits by upserting","invocations":1,"location":null,"numPassingAsserts":2,"retryReasons":[],"status":"passed","title":"credits by upserting"},{"ancestorTitles":["applyFiatMovement"],"duration":45,"failureDetails":[],"failureMessages":[],"fullName":"applyFiatMovement debit throws BALANCE_NOT_FOUND when row is missing","invocations":1,"location":null,"numPassingAsserts":1,"retryReasons":[],"status":"passed","title":"debit throws BALANCE_NOT_FOUND when row is missing"},{"ancestorTitles":["applyFiatMovement"],"duration":1,"failureDetails":[],"failureMessages":[],"fullName":"applyFiatMovement debit throws INSUFFICIENT_FUNDS when row exists but is not enough","invocations":1,"location":null,"numPassingAsserts":1,"retryReasons":[],"status":"passed","title":"debit throws INSUFFICIENT_FUNDS when row exists but is not enough"},{"ancestorTitles":["applyFiatMovement"],"duration":0,"failureDetails":[],"failureMessages":[],"fullName":"applyFiatMovement debit returns updated row when update succeeds","invocations":1,"location":null,"numPassingAsserts":1,"retryReasons":[],"status":"passed","title":"debit returns updated row when update succeeds"}],"endTime":1771607520511,"message":"","name":"C:\\GlobalSecure2026!\\globalsecuresend\\tests\\unit\\fiat-ledger.test.ts","startTime":1771607520262,"status":"passed","summary":""},{"assertionResults":[{"ancestorTitles":["Price oracle"],"duration":3,"failureDetails":[],"failureMessages":[],"fullName":"Price oracle ambos retornam próximos -> divergence=false e média","invocations":1,"location":null,"numPassingAsserts":4,"retryReasons":[],"status":"passed","title":"ambos retornam próximos -> divergence=false e média"},{"ancestorTitles":["Price oracle"],"duration":1,"failureDetails":[],"failureMessages":[],"fullName":"Price oracle diferença > 5% -> divergence=true","invocations":1,"location":null,"numPassingAsserts":2,"retryReasons":[],"status":"passed","title":"diferença > 5% -> divergence=true"},{"ancestorTitles":["Price oracle"],"duration":1,"failureDetails":[],"failureMessages":[],"fullName":"Price oracle apenas um responde -> aplica haircut","invocations":1,"location":null,"numPassingAsserts":4,"retryReasons":[],"status":"passed","title":"apenas um responde -> aplica haircut"},{"ancestorTitles":["Price oracle"],"duration":0,"failureDetails":[],"failureMessages":[],"fullName":"Price oracle nenhum responde -> price=null","invocations":1,"location":null,"numPassingAsserts":2,"retryReasons":[],"status":"passed","title":"nenhum responde -> price=null"}],"endTime":1771607520776,"message":"","name":"C:\\GlobalSecure2026!\\globalsecuresend\\tests\\unit\\price-oracle.test.ts","startTime":1771607520535,"status":"passed","summary":""},{"assertionResults":[{"ancestorTitles":["Register Validation Logic"],"duration":1,"failureDetails":[],"failureMessages":[],"fullName":"Register Validation Logic should validate CPF correctly","invocations":1,"location":null,"numPassingAsserts":4,"retryReasons":[],"status":"passed","title":"should validate CPF correctly"},{"ancestorTitles":["Register Validation Logic"],"duration":1,"failureDetails":[],"failureMessages":[],"fullName":"Register Validation Logic should validate age correctly","invocations":1,"location":null,"numPassingAsserts":2,"retryReasons":[],"status":"passed","title":"should validate age correctly"}],"endTime":1771607520974,"message":"","name":"C:\\GlobalSecure2026!\\globalsecuresend\\tests\\unit\\register-validation.test.ts","startTime":1771607520798,"status":"passed","summary":""}],"wasInterrupted":false}
