{"numFailedTestSuites":0,"numFailedTests":0,"numPassedTestSuites":64,"numPassedTests":241,"numPendingTestSuites":0,"numPendingTests":0,"numRuntimeErrorTestSuites":0,"numTodoTests":0,"numTotalTestSuites":64,"numTotalTests":241,"openHandles":[],"snapshot":{"added":0,"didUpdate":false,"failure":false,"filesAdded":0,"filesRemoved":0,"filesRemovedList":[],"filesUnmatched":0,"filesUpdated":0,"matched":0,"total":0,"unchecked":0,"uncheckedKeysByFile":[],"unmatched":0,"updated":0},"startTime":1771936832526,"success":true,"testResults":[{"assertionResults":[{"ancestorTitles":["MVP Feb/2026: USDT withdraw (queue + CRYPTO_WITHDRAW_ONCHAIN_ENABLED toggle)"],"duration":373,"failureDetails":[],"failureMessages":[],"fullName":"MVP Feb/2026: USDT withdraw (queue + CRYPTO_WITHDRAW_ONCHAIN_ENABLED toggle) when CRYPTO_WITHDRAW_ONCHAIN_ENABLED='false' worker simulates txHash","invocations":1,"location":null,"numPassingAsserts":7,"retryReasons":[],"status":"passed","title":"when CRYPTO_WITHDRAW_ONCHAIN_ENABLED='false' worker simulates txHash"},{"ancestorTitles":["MVP Feb/2026: USDT withdraw (queue + CRYPTO_WITHDRAW_ONCHAIN_ENABLED toggle)"],"duration":190,"failureDetails":[],"failureMessages":[],"fullName":"MVP Feb/2026: USDT withdraw (queue + CRYPTO_WITHDRAW_ONCHAIN_ENABLED toggle) when CRYPTO_WITHDRAW_ONCHAIN_ENABLED='true' worker calls sendUsdtFromHotWallet","invocations":1,"location":null,"numPassingAsserts":5,"retryReasons":[],"status":"passed","title":"when CRYPTO_WITHDRAW_ONCHAIN_ENABLED='true' worker calls sendUsdtFromHotWallet"}],"endTime":1771936834932,"message":"","name":"C:\\GlobalSecure2026!\\globalsecuresend\\tests\\integration\\mvp.crypto-withdraw-toggle.test.ts","startTime":1771936832895,"status":"passed","summary":""},{"assertionResults":[{"ancestorTitles":["Auth: Email verification flow"],"duration":6,"failureDetails":[],"failureMessages":[],"fullName":"Auth: Email verification flow register: success creates user+otp and returns 201","invocations":1,"location":null,"numPassingAsserts":6,"retryReasons":[],"status":"passed","title":"register: success creates user+otp and returns 201"},{"ancestorTitles":["Auth: Email verification flow"],"duration":2,"failureDetails":[],"failureMessages":[],"fullName":"Auth: Email verification flow register: existing email returns 409","invocations":1,"location":null,"numPassingAsserts":2,"retryReasons":[],"status":"passed","title":"register: existing email returns 409"},{"ancestorTitles":["Auth: Email verification flow"],"duration":2,"failureDetails":[],"failureMessages":[],"fullName":"Auth: Email verification flow register: email send failure creates user, logs, and returns 201","invocations":1,"location":null,"numPassingAsserts":7,"retryReasons":[],"status":"passed","title":"register: email send failure creates user, logs, and returns 201"},{"ancestorTitles":["Auth: Email verification flow"],"duration":3,"failureDetails":[],"failureMessages":[],"fullName":"Auth: Email verification flow verify-email: correct code marks emailVerified and updates account","invocations":1,"location":null,"numPassingAsserts":5,"retryReasons":[],"status":"passed","title":"verify-email: correct code marks emailVerified and updates account"},{"ancestorTitles":["Auth: Email verification flow"],"duration":2,"failureDetails":[],"failureMessages":[],"fullName":"Auth: Email verification flow verify-email: expired code returns OTP_EXPIRED","invocations":1,"location":null,"numPassingAsserts":2,"retryReasons":[],"status":"passed","title":"verify-email: expired code returns OTP_EXPIRED"},{"ancestorTitles":["Auth: Email verification flow"],"duration":7,"failureDetails":[],"failureMessages":[],"fullName":"Auth: Email verification flow resend-verification: when user not found returns generic success","invocations":1,"location":null,"numPassingAsserts":2,"retryReasons":[],"status":"passed","title":"resend-verification: when user not found returns generic success"},{"ancestorTitles":["Auth: Email verification flow"],"duration":4,"failureDetails":[],"failureMessages":[],"fullName":"Auth: Email verification flow login-secure: blocks login when email not verified","invocations":1,"location":null,"numPassingAsserts":2,"retryReasons":[],"status":"passed","title":"login-secure: blocks login when email not verified"},{"ancestorTitles":["Auth: Email verification flow"],"duration":2,"failureDetails":[],"failureMessages":[],"fullName":"Auth: Email verification flow login-secure: allows login when email verified and sets auth_token","invocations":1,"location":null,"numPassingAsserts":2,"retryReasons":[],"status":"passed","title":"login-secure: allows login when email verified and sets auth_token"}],"endTime":1771936835672,"message":"","name":"C:\\GlobalSecure2026!\\globalsecuresend\\tests\\auth\\email-verification-flow.test.ts","startTime":1771936834971,"status":"passed","summary":""},{"assertionResults":[{"ancestorTitles":["Double Spend Prevention Tests","2.1. Concurrent Transfers with Insufficient Balance"],"duration":1824,"failureDetails":[],"failureMessages":[],"fullName":"Double Spend Prevention Tests 2.1. Concurrent Transfers with Insufficient Balance should allow only ONE of two simultaneous transfers when balance is insufficient","invocations":1,"location":null,"numPassingAsserts":3,"retryReasons":[],"status":"passed","title":"should allow only ONE of two simultaneous transfers when balance is insufficient"},{"ancestorTitles":["Double Spend Prevention Tests","2.2. Concurrent Withdrawals"],"duration":2099,"failureDetails":[],"failureMessages":[],"fullName":"Double Spend Prevention Tests 2.2. Concurrent Withdrawals should allow only ONE of two simultaneous withdrawals when balance is insufficient","invocations":1,"location":null,"numPassingAsserts":2,"retryReasons":[],"status":"passed","title":"should allow only ONE of two simultaneous withdrawals when balance is insufficient"},{"ancestorTitles":["Double Spend Prevention Tests","2.3. Swap + Transfer Simultaneously"],"duration":1971,"failureDetails":[],"failureMessages":[],"fullName":"Double Spend Prevention Tests 2.3. Swap + Transfer Simultaneously should allow only ONE operation when both would exceed balance","invocations":1,"location":null,"numPassingAsserts":2,"retryReasons":[],"status":"passed","title":"should allow only ONE operation when both would exceed balance"},{"ancestorTitles":["Double Spend Prevention Tests","2.4. Multiple Card Authorizations"],"duration":2422,"failureDetails":[],"failureMessages":[],"fullName":"Double Spend Prevention Tests 2.4. Multiple Card Authorizations should prevent overspending with simultaneous card authorizations","invocations":1,"location":null,"numPassingAsserts":2,"retryReasons":[],"status":"passed","title":"should prevent overspending with simultaneous card authorizations"}],"endTime":1771936844425,"message":"","name":"C:\\GlobalSecure2026!\\globalsecuresend\\tests\\ledger\\double-spend.test.ts","startTime":1771936835691,"status":"passed","summary":""},{"assertionResults":[{"ancestorTitles":["Block 4: Audit logs"],"duration":309,"failureDetails":[],"failureMessages":[],"fullName":"Block 4: Audit logs login success/failure creates LOGIN_SUCCESS and LOGIN_FAILURE","invocations":1,"location":null,"numPassingAsserts":7,"retryReasons":[],"status":"passed","title":"login success/failure creates LOGIN_SUCCESS and LOGIN_FAILURE"},{"ancestorTitles":["Block 4: Audit logs"],"duration":406,"failureDetails":[],"failureMessages":[],"fullName":"Block 4: Audit logs OTP request + change password logs SENSITIVE_OTP_REQUEST and SENSITIVE_CHANGE_PASSWORD_SUCCESS","invocations":1,"location":null,"numPassingAsserts":5,"retryReasons":[],"status":"passed","title":"OTP request + change password logs SENSITIVE_OTP_REQUEST and SENSITIVE_CHANGE_PASSWORD_SUCCESS"},{"ancestorTitles":["Block 4: Audit logs"],"duration":217,"failureDetails":[],"failureMessages":[],"fullName":"Block 4: Audit logs invalid OTP confirmation logs SENSITIVE_OTP_FAILURE","invocations":1,"location":null,"numPassingAsserts":2,"retryReasons":[],"status":"passed","title":"invalid OTP confirmation logs SENSITIVE_OTP_FAILURE"},{"ancestorTitles":["Block 4: Audit logs"],"duration":79,"failureDetails":[],"failureMessages":[],"fullName":"Block 4: Audit logs AML DECIDE creates AML_CASE_DECISION log","invocations":1,"location":null,"numPassingAsserts":5,"retryReasons":[],"status":"passed","title":"AML DECIDE creates AML_CASE_DECISION log"},{"ancestorTitles":["Block 4: Audit logs"],"duration":76,"failureDetails":[],"failureMessages":[],"fullName":"Block 4: Audit logs treasury topup creates TREASURY_MANUAL_TOPUP log","invocations":1,"location":null,"numPassingAsserts":4,"retryReasons":[],"status":"passed","title":"treasury topup creates TREASURY_MANUAL_TOPUP log"}],"endTime":1771936848868,"message":"","name":"C:\\GlobalSecure2026!\\globalsecuresend\\tests\\integration\\audit.log.test.ts","startTime":1771936844443,"status":"passed","summary":""},{"assertionResults":[{"ancestorTitles":["CardsList Component"],"duration":146,"failureDetails":[],"failureMessages":[],"fullName":"CardsList Component renders Visa logo correctly","invocations":1,"location":null,"numPassingAsserts":1,"retryReasons":[],"status":"passed","title":"renders Visa logo correctly"},{"ancestorTitles":["CardsList Component"],"duration":120,"failureDetails":[],"failureMessages":[],"fullName":"CardsList Component opens delete confirmation modal when trash icon is clicked","invocations":1,"location":null,"numPassingAsserts":2,"retryReasons":[],"status":"passed","title":"opens delete confirmation modal when trash icon is clicked"},{"ancestorTitles":["CardsList Component"],"duration":139,"failureDetails":[],"failureMessages":[],"fullName":"CardsList Component calls delete API and updates state on successful deletion","invocations":1,"location":null,"numPassingAsserts":2,"retryReasons":[],"status":"passed","title":"calls delete API and updates state on successful deletion"},{"ancestorTitles":["CardsList Component"],"duration":109,"failureDetails":[],"failureMessages":[],"fullName":"CardsList Component shows error toast on deletion failure","invocations":1,"location":null,"numPassingAsserts":1,"retryReasons":[],"status":"passed","title":"shows error toast on deletion failure"}],"endTime":1771936852305,"message":"","name":"C:\\GlobalSecure2026!\\globalsecuresend\\tests\\unit\\cards-list.test.tsx","startTime":1771936850197,"status":"passed","summary":""},{"assertionResults":[{"ancestorTitles":["Ledger ACID Compliance"],"duration":118,"failureDetails":[],"failureMessages":[],"fullName":"Ledger ACID Compliance ATOMICITY: Should fail transfer if funds are insufficient and not change balances","invocations":1,"location":null,"numPassingAsserts":3,"retryReasons":[],"status":"passed","title":"ATOMICITY: Should fail transfer if funds are insufficient and not change balances"},{"ancestorTitles":["Ledger ACID Compliance"],"duration":126,"failureDetails":[],"failureMessages":[],"fullName":"Ledger ACID Compliance CONSISTENCY: Should deduct amount + fees and credit exact amount","invocations":1,"location":null,"numPassingAsserts":2,"retryReasons":[],"status":"passed","title":"CONSISTENCY: Should deduct amount + fees and credit exact amount"},{"ancestorTitles":["Ledger ACID Compliance"],"duration":258,"failureDetails":[],"failureMessages":[],"fullName":"Ledger ACID Compliance ISOLATION: Should handle concurrent transfers correctly (prevent double spend)","invocations":1,"location":null,"numPassingAsserts":4,"retryReasons":[],"status":"passed","title":"ISOLATION: Should handle concurrent transfers correctly (prevent double spend)"}],"endTime":1771936854013,"message":"","name":"C:\\GlobalSecure2026!\\globalsecuresend\\tests\\integration\\ledger.test.ts","startTime":1771936852326,"status":"passed","summary":""},{"assertionResults":[{"ancestorTitles":["Security: Injection Attacks"],"duration":47,"failureDetails":[],"failureMessages":[],"fullName":"Security: Injection Attacks should sanitize or reject SQL Injection in transfer description","invocations":1,"location":null,"numPassingAsserts":2,"retryReasons":[],"status":"passed","title":"should sanitize or reject SQL Injection in transfer description"},{"ancestorTitles":["Security: Injection Attacks"],"duration":11,"failureDetails":[],"failureMessages":[],"fullName":"Security: Injection Attacks should reject XSS payloads in fields","invocations":1,"location":null,"numPassingAsserts":1,"retryReasons":[],"status":"passed","title":"should reject XSS payloads in fields"}],"endTime":1771936855450,"message":"","name":"C:\\GlobalSecure2026!\\globalsecuresend\\tests\\security\\injection.test.ts","startTime":1771936854064,"status":"passed","summary":""},{"assertionResults":[{"ancestorTitles":["Dashboard overview + FX + Crypto wallet"],"duration":1,"failureDetails":[],"failureMessages":[],"fullName":"Dashboard overview + FX + Crypto wallet GET /api/dashboard/overview returns 401 when unauthenticated","invocations":1,"location":null,"numPassingAsserts":1,"retryReasons":[],"status":"passed","title":"GET /api/dashboard/overview returns 401 when unauthenticated"},{"ancestorTitles":["Dashboard overview + FX + Crypto wallet"],"duration":314,"failureDetails":[],"failureMessages":[],"fullName":"Dashboard overview + FX + Crypto wallet GET /api/dashboard/overview returns consolidated data","invocations":1,"location":null,"numPassingAsserts":11,"retryReasons":[],"status":"passed","title":"GET /api/dashboard/overview returns consolidated data"},{"ancestorTitles":["Dashboard overview + FX + Crypto wallet"],"duration":2,"failureDetails":[],"failureMessages":[],"fullName":"Dashboard overview + FX + Crypto wallet POST /api/fx/quote returns 401 when unauthenticated","invocations":1,"location":null,"numPassingAsserts":1,"retryReasons":[],"status":"passed","title":"POST /api/fx/quote returns 401 when unauthenticated"},{"ancestorTitles":["Dashboard overview + FX + Crypto wallet"],"duration":119,"failureDetails":[],"failureMessages":[],"fullName":"Dashboard overview + FX + Crypto wallet POST /api/fx/quote returns 200 for available pair and 400 for missing pair","invocations":1,"location":null,"numPassingAsserts":6,"retryReasons":[],"status":"passed","title":"POST /api/fx/quote returns 200 for available pair and 400 for missing pair"},{"ancestorTitles":["Dashboard overview + FX + Crypto wallet"],"duration":168,"failureDetails":[],"failureMessages":[],"fullName":"Dashboard overview + FX + Crypto wallet POST /api/fx/convert returns 400 INSUFFICIENT_FUNDS when balance is low","invocations":1,"location":null,"numPassingAsserts":2,"retryReasons":[],"status":"passed","title":"POST /api/fx/convert returns 400 INSUFFICIENT_FUNDS when balance is low"},{"ancestorTitles":["Dashboard overview + FX + Crypto wallet"],"duration":198,"failureDetails":[],"failureMessages":[],"fullName":"Dashboard overview + FX + Crypto wallet POST /api/fx/convert converts and updates fiat balances and creates UserTransaction FX","invocations":1,"location":null,"numPassingAsserts":7,"retryReasons":[],"status":"passed","title":"POST /api/fx/convert converts and updates fiat balances and creates UserTransaction FX"},{"ancestorTitles":["Dashboard overview + FX + Crypto wallet"],"duration":160,"failureDetails":[],"failureMessages":[],"fullName":"Dashboard overview + FX + Crypto wallet GET /api/wallet/crypto returns balance and lists","invocations":1,"location":null,"numPassingAsserts":6,"retryReasons":[],"status":"passed","title":"GET /api/wallet/crypto returns balance and lists"}],"endTime":1771936856739,"message":"","name":"C:\\GlobalSecure2026!\\globalsecuresend\\tests\\integration\\dashboard.fx.crypto.test.ts","startTime":1771936855482,"status":"passed","summary":""},{"assertionResults":[{"ancestorTitles":["Block 3: Sensitive action OTP"],"duration":61,"failureDetails":[],"failureMessages":[],"fullName":"Block 3: Sensitive action OTP request OTP creates DB record and sends email (mocked)","invocations":1,"location":null,"numPassingAsserts":4,"retryReasons":[],"status":"passed","title":"request OTP creates DB record and sends email (mocked)"},{"ancestorTitles":["Block 3: Sensitive action OTP"],"duration":80,"failureDetails":[],"failureMessages":[],"fullName":"Block 3: Sensitive action OTP confirm OTP for high value transfer marks OTP used and updates session lastScaAt","invocations":1,"location":null,"numPassingAsserts":5,"retryReasons":[],"status":"passed","title":"confirm OTP for high value transfer marks OTP used and updates session lastScaAt"},{"ancestorTitles":["Block 3: Sensitive action OTP"],"duration":258,"failureDetails":[],"failureMessages":[],"fullName":"Block 3: Sensitive action OTP change-password requires valid OTP and updates password","invocations":1,"location":null,"numPassingAsserts":5,"retryReasons":[],"status":"passed","title":"change-password requires valid OTP and updates password"},{"ancestorTitles":["Block 3: Sensitive action OTP"],"duration":116,"failureDetails":[],"failureMessages":[],"fullName":"Block 3: Sensitive action OTP wrong OTP does not change password","invocations":1,"location":null,"numPassingAsserts":2,"retryReasons":[],"status":"passed","title":"wrong OTP does not change password"},{"ancestorTitles":["Block 3: Sensitive action OTP"],"duration":114,"failureDetails":[],"failureMessages":[],"fullName":"Block 3: Sensitive action OTP expired OTP fails","invocations":1,"location":null,"numPassingAsserts":2,"retryReasons":[],"status":"passed","title":"expired OTP fails"}],"endTime":1771936857830,"message":"","name":"C:\\GlobalSecure2026!\\globalsecuresend\\tests\\integration\\auth.sensitive-otp.test.ts","startTime":1771936856758,"status":"passed","summary":""},{"assertionResults":[{"ancestorTitles":["Session Security and Authentication Tests","5.1. Valid Login"],"duration":189,"failureDetails":[],"failureMessages":[],"fullName":"Session Security and Authentication Tests 5.1. Valid Login should create session with valid JWT token","invocations":1,"location":null,"numPassingAsserts":6,"retryReasons":[],"status":"passed","title":"should create session with valid JWT token"},{"ancestorTitles":["Session Security and Authentication Tests","5.2. Logout"],"duration":34,"failureDetails":[],"failureMessages":[],"fullName":"Session Security and Authentication Tests 5.2. Logout should invalidate session on logout","invocations":1,"location":null,"numPassingAsserts":3,"retryReasons":[],"status":"passed","title":"should invalidate session on logout"},{"ancestorTitles":["Session Security and Authentication Tests","5.3. Expired Session"],"duration":24,"failureDetails":[],"failureMessages":[],"fullName":"Session Security and Authentication Tests 5.3. Expired Session should reject expired JWT token","invocations":1,"location":null,"numPassingAsserts":1,"retryReasons":[],"status":"passed","title":"should reject expired JWT token"},{"ancestorTitles":["Session Security and Authentication Tests","5.3. Expired Session"],"duration":16,"failureDetails":[],"failureMessages":[],"fullName":"Session Security and Authentication Tests 5.3. Expired Session should reject session past expiresAt date","invocations":1,"location":null,"numPassingAsserts":1,"retryReasons":[],"status":"passed","title":"should reject session past expiresAt date"},{"ancestorTitles":["Session Security and Authentication Tests","5.4. Invalid Cookie/Token"],"duration":6,"failureDetails":[],"failureMessages":[],"fullName":"Session Security and Authentication Tests 5.4. Invalid Cookie/Token should reject malformed JWT token","invocations":1,"location":null,"numPassingAsserts":1,"retryReasons":[],"status":"passed","title":"should reject malformed JWT token"},{"ancestorTitles":["Session Security and Authentication Tests","5.4. Invalid Cookie/Token"],"duration":2,"failureDetails":[],"failureMessages":[],"fullName":"Session Security and Authentication Tests 5.4. Invalid Cookie/Token should reject empty token","invocations":1,"location":null,"numPassingAsserts":1,"retryReasons":[],"status":"passed","title":"should reject empty token"},{"ancestorTitles":["Session Security and Authentication Tests","5.5. Tampered Token"],"duration":12,"failureDetails":[],"failureMessages":[],"fullName":"Session Security and Authentication Tests 5.5. Tampered Token should reject JWT with tampered payload","invocations":1,"location":null,"numPassingAsserts":1,"retryReasons":[],"status":"passed","title":"should reject JWT with tampered payload"},{"ancestorTitles":["Session Security and Authentication Tests","5.5. Tampered Token"],"duration":12,"failureDetails":[],"failureMessages":[],"fullName":"Session Security and Authentication Tests 5.5. Tampered Token should reject JWT signed with wrong secret","invocations":1,"location":null,"numPassingAsserts":1,"retryReasons":[],"status":"passed","title":"should reject JWT signed with wrong secret"},{"ancestorTitles":["Session Security and Authentication Tests","5.6. Session Hijacking Prevention"],"duration":16,"failureDetails":[],"failureMessages":[],"fullName":"Session Security and Authentication Tests 5.6. Session Hijacking Prevention should detect session from different IP address","invocations":1,"location":null,"numPassingAsserts":1,"retryReasons":[],"status":"passed","title":"should detect session from different IP address"},{"ancestorTitles":["Session Security and Authentication Tests","5.6. Session Hijacking Prevention"],"duration":16,"failureDetails":[],"failureMessages":[],"fullName":"Session Security and Authentication Tests 5.6. Session Hijacking Prevention should detect session from different user agent","invocations":1,"location":null,"numPassingAsserts":1,"retryReasons":[],"status":"passed","title":"should detect session from different user agent"},{"ancestorTitles":["Session Security and Authentication Tests","5.7. Multiple Sessions"],"duration":28,"failureDetails":[],"failureMessages":[],"fullName":"Session Security and Authentication Tests 5.7. Multiple Sessions should allow multiple active sessions per user","invocations":1,"location":null,"numPassingAsserts":1,"retryReasons":[],"status":"passed","title":"should allow multiple active sessions per user"},{"ancestorTitles":["Session Security and Authentication Tests","5.8. Password Verification"],"duration":151,"failureDetails":[],"failureMessages":[],"fullName":"Session Security and Authentication Tests 5.8. Password Verification should reject incorrect password","invocations":1,"location":null,"numPassingAsserts":1,"retryReasons":[],"status":"passed","title":"should reject incorrect password"}],"endTime":1771936859122,"message":"","name":"C:\\GlobalSecure2026!\\globalsecuresend\\tests\\auth\\session-security.test.ts","startTime":1771936857870,"status":"passed","summary":""},{"assertionResults":[{"ancestorTitles":["SecureTransferDialog Component"],"duration":95,"failureDetails":[],"failureMessages":[],"fullName":"SecureTransferDialog Component renders form when open","invocations":1,"location":null,"numPassingAsserts":3,"retryReasons":[],"status":"passed","title":"renders form when open"},{"ancestorTitles":["SecureTransferDialog Component"],"duration":97,"failureDetails":[],"failureMessages":[],"fullName":"SecureTransferDialog Component validates required fields","invocations":1,"location":null,"numPassingAsserts":2,"retryReasons":[],"status":"passed","title":"validates required fields"},{"ancestorTitles":["SecureTransferDialog Component"],"duration":156,"failureDetails":[],"failureMessages":[],"fullName":"SecureTransferDialog Component submits form and shows success view","invocations":1,"location":null,"numPassingAsserts":4,"retryReasons":[],"status":"passed","title":"submits form and shows success view"},{"ancestorTitles":["SecureTransferDialog Component"],"duration":167,"failureDetails":[],"failureMessages":[],"fullName":"SecureTransferDialog Component handles API error","invocations":1,"location":null,"numPassingAsserts":1,"retryReasons":[],"status":"passed","title":"handles API error"}],"endTime":1771936860114,"message":"","name":"C:\\GlobalSecure2026!\\globalsecuresend\\tests\\unit\\secure-transfer.test.tsx","startTime":1771936859150,"status":"passed","summary":""},{"assertionResults":[{"ancestorTitles":["Block 2: RBAC enforcement"],"duration":20,"failureDetails":[],"failureMessages":[],"fullName":"Block 2: RBAC enforcement END_USER cannot access another user resource (balance-usdt)","invocations":1,"location":null,"numPassingAsserts":1,"retryReasons":[],"status":"passed","title":"END_USER cannot access another user resource (balance-usdt)"},{"ancestorTitles":["Block 2: RBAC enforcement"],"duration":12,"failureDetails":[],"failureMessages":[],"fullName":"Block 2: RBAC enforcement COMPLIANCE can access another user resource (balance-usdt)","invocations":1,"location":null,"numPassingAsserts":3,"retryReasons":[],"status":"passed","title":"COMPLIANCE can access another user resource (balance-usdt)"},{"ancestorTitles":["Block 2: RBAC enforcement"],"duration":38,"failureDetails":[],"failureMessages":[],"fullName":"Block 2: RBAC enforcement END_USER cannot access AML review queue","invocations":1,"location":null,"numPassingAsserts":1,"retryReasons":[],"status":"passed","title":"END_USER cannot access AML review queue"},{"ancestorTitles":["Block 2: RBAC enforcement"],"duration":46,"failureDetails":[],"failureMessages":[],"fullName":"Block 2: RBAC enforcement COMPLIANCE can list AML review queue","invocations":1,"location":null,"numPassingAsserts":2,"retryReasons":[],"status":"passed","title":"COMPLIANCE can list AML review queue"},{"ancestorTitles":["Block 2: RBAC enforcement"],"duration":14,"failureDetails":[],"failureMessages":[],"fullName":"Block 2: RBAC enforcement END_USER cannot call treasury/admin topup","invocations":1,"location":null,"numPassingAsserts":1,"retryReasons":[],"status":"passed","title":"END_USER cannot call treasury/admin topup"},{"ancestorTitles":["Block 2: RBAC enforcement"],"duration":59,"failureDetails":[],"failureMessages":[],"fullName":"Block 2: RBAC enforcement TREASURY can call treasury/admin topup","invocations":1,"location":null,"numPassingAsserts":1,"retryReasons":[],"status":"passed","title":"TREASURY can call treasury/admin topup"}],"endTime":1771936861108,"message":"","name":"C:\\GlobalSecure2026!\\globalsecuresend\\tests\\integration\\auth.rbac.test.ts","startTime":1771936860138,"status":"passed","summary":""},{"assertionResults":[{"ancestorTitles":["AML/KYC tier limits on transfers"],"duration":153,"failureDetails":[],"failureMessages":[],"fullName":"AML/KYC tier limits on transfers KYC NONE + LOW: permite abaixo do limite e bloqueia acima do limite unitário","invocations":1,"location":null,"numPassingAsserts":4,"retryReasons":[],"status":"passed","title":"KYC NONE + LOW: permite abaixo do limite e bloqueia acima do limite unitário"},{"ancestorTitles":["AML/KYC tier limits on transfers"],"duration":59,"failureDetails":[],"failureMessages":[],"fullName":"AML/KYC tier limits on transfers KYC BASIC + MEDIUM: permite valores maiores mas respeita limite ajustado por tier","invocations":1,"location":null,"numPassingAsserts":4,"retryReasons":[],"status":"passed","title":"KYC BASIC + MEDIUM: permite valores maiores mas respeita limite ajustado por tier"},{"ancestorTitles":["AML/KYC tier limits on transfers"],"duration":55,"failureDetails":[],"failureMessages":[],"fullName":"AML/KYC tier limits on transfers HIGH risk + KYC BASIC: bloqueia acima do limite e cria AmlReviewCase (severidade pilot)","invocations":1,"location":null,"numPassingAsserts":3,"retryReasons":[],"status":"passed","title":"HIGH risk + KYC BASIC: bloqueia acima do limite e cria AmlReviewCase (severidade pilot)"}],"endTime":1771936861906,"message":"","name":"C:\\GlobalSecure2026!\\globalsecuresend\\tests\\integration\\aml.kyc-tier.test.ts","startTime":1771936861126,"status":"passed","summary":""},{"assertionResults":[{"ancestorTitles":["System Resilience & Failure Handling"],"duration":104,"failureDetails":[],"failureMessages":[],"fullName":"System Resilience & Failure Handling should ignore duplicated webhooks","invocations":1,"location":null,"numPassingAsserts":2,"retryReasons":[],"status":"passed","title":"should ignore duplicated webhooks"},{"ancestorTitles":["System Resilience & Failure Handling"],"duration":76,"failureDetails":[],"failureMessages":[],"fullName":"System Resilience & Failure Handling should handle out-of-order events safely","invocations":1,"location":null,"numPassingAsserts":3,"retryReasons":[],"status":"passed","title":"should handle out-of-order events safely"},{"ancestorTitles":["System Resilience & Failure Handling"],"duration":125,"failureDetails":[],"failureMessages":[],"fullName":"System Resilience & Failure Handling should retry external API failures (network timeout)","invocations":1,"location":null,"numPassingAsserts":2,"retryReasons":[],"status":"passed","title":"should retry external API failures (network timeout)"},{"ancestorTitles":["System Resilience & Failure Handling"],"duration":41,"failureDetails":[],"failureMessages":[],"fullName":"System Resilience & Failure Handling should not credit balance on Stripe failure","invocations":1,"location":null,"numPassingAsserts":1,"retryReasons":[],"status":"passed","title":"should not credit balance on Stripe failure"},{"ancestorTitles":["System Resilience & Failure Handling"],"duration":54,"failureDetails":[],"failureMessages":[],"fullName":"System Resilience & Failure Handling should not credit balance on blockchain reverted tx","invocations":1,"location":null,"numPassingAsserts":1,"retryReasons":[],"status":"passed","title":"should not credit balance on blockchain reverted tx"},{"ancestorTitles":["System Resilience & Failure Handling"],"duration":87,"failureDetails":[],"failureMessages":[],"fullName":"System Resilience & Failure Handling should reject transfer with insufficient balance","invocations":1,"location":null,"numPassingAsserts":1,"retryReasons":[],"status":"passed","title":"should reject transfer with insufficient balance"},{"ancestorTitles":["System Resilience & Failure Handling"],"duration":34,"failureDetails":[],"failureMessages":[],"fullName":"System Resilience & Failure Handling should reject operation above KYC limit","invocations":1,"location":null,"numPassingAsserts":1,"retryReasons":[],"status":"passed","title":"should reject operation above KYC limit"}],"endTime":1771936862784,"message":"","name":"C:\\GlobalSecure2026!\\globalsecuresend\\tests\\failure\\resilience.test.ts","startTime":1771936861923,"status":"passed","summary":""},{"assertionResults":[{"ancestorTitles":["ACID Ledger Consistency Tests","1.1. Concurrent Deposits"],"duration":47,"failureDetails":[],"failureMessages":[],"fullName":"ACID Ledger Consistency Tests 1.1. Concurrent Deposits should handle 100 concurrent deposits without duplicates","invocations":1,"location":null,"numPassingAsserts":3,"retryReasons":[],"status":"passed","title":"should handle 100 concurrent deposits without duplicates"},{"ancestorTitles":["ACID Ledger Consistency Tests","1.2. Concurrent Transfers"],"duration":155,"failureDetails":[],"failureMessages":[],"fullName":"ACID Ledger Consistency Tests 1.2. Concurrent Transfers should handle 100 concurrent transfers with ACID guarantees","invocations":1,"location":null,"numPassingAsserts":4,"retryReasons":[],"status":"passed","title":"should handle 100 concurrent transfers with ACID guarantees"},{"ancestorTitles":["ACID Ledger Consistency Tests","1.3. Concurrent Swaps"],"duration":119,"failureDetails":[],"failureMessages":[],"fullName":"ACID Ledger Consistency Tests 1.3. Concurrent Swaps should handle 100 concurrent swaps without precision loss","invocations":1,"location":null,"numPassingAsserts":3,"retryReasons":[],"status":"passed","title":"should handle 100 concurrent swaps without precision loss"},{"ancestorTitles":["ACID Ledger Consistency Tests","1.4. Concurrent Withdrawals"],"duration":103,"failureDetails":[],"failureMessages":[],"fullName":"ACID Ledger Consistency Tests 1.4. Concurrent Withdrawals should prevent negative balance with 10 concurrent withdrawals","invocations":1,"location":null,"numPassingAsserts":2,"retryReasons":[],"status":"passed","title":"should prevent negative balance with 10 concurrent withdrawals"}],"endTime":1771936863642,"message":"","name":"C:\\GlobalSecure2026!\\globalsecuresend\\tests\\ledger\\acid-consistency.test.ts","startTime":1771936862823,"status":"passed","summary":""},{"assertionResults":[{"ancestorTitles":["Phase 3 endpoints and jobs"],"duration":135,"failureDetails":[],"failureMessages":[],"fullName":"Phase 3 endpoints and jobs GET /api/yield/power retorna valores consistentes","invocations":1,"location":null,"numPassingAsserts":5,"retryReasons":[],"status":"passed","title":"GET /api/yield/power retorna valores consistentes"},{"ancestorTitles":["Phase 3 endpoints and jobs"],"duration":81,"failureDetails":[],"failureMessages":[],"fullName":"Phase 3 endpoints and jobs GET /api/admin/finance/users agrega saldos e yield","invocations":1,"location":null,"numPassingAsserts":5,"retryReasons":[],"status":"passed","title":"GET /api/admin/finance/users agrega saldos e yield"},{"ancestorTitles":["Phase 3 endpoints and jobs"],"duration":141,"failureDetails":[],"failureMessages":[],"fullName":"Phase 3 endpoints and jobs GET/POST /api/admin/aml/review-queue lista e atualiza casos","invocations":1,"location":null,"numPassingAsserts":2,"retryReasons":[],"status":"passed","title":"GET/POST /api/admin/aml/review-queue lista e atualiza casos"},{"ancestorTitles":["Phase 3 endpoints and jobs"],"duration":33,"failureDetails":[],"failureMessages":[],"fullName":"Phase 3 endpoints and jobs TREASURY_CHECK cria AuditLog quando saldo total < threshold","invocations":1,"location":null,"numPassingAsserts":2,"retryReasons":[],"status":"passed","title":"TREASURY_CHECK cria AuditLog quando saldo total < threshold"}],"endTime":1771936864434,"message":"","name":"C:\\GlobalSecure2026!\\globalsecuresend\\tests\\integration\\phase3-endpoints.test.ts","startTime":1771936863662,"status":"passed","summary":""},{"assertionResults":[{"ancestorTitles":["Monitoring & Alerts"],"duration":501,"failureDetails":[],"failureMessages":[],"fullName":"Monitoring & Alerts should log an alert to the database","invocations":1,"location":null,"numPassingAsserts":2,"retryReasons":[],"status":"passed","title":"should log an alert to the database"}],"endTime":1771936865231,"message":"","name":"C:\\GlobalSecure2026!\\globalsecuresend\\tests\\unit\\monitoring.test.ts","startTime":1771936864451,"status":"passed","summary":""},{"assertionResults":[{"ancestorTitles":["MVP Feb/2026: claim/unlock sends cardActivated with available amount"],"duration":225,"failureDetails":[],"failureMessages":[],"fullName":"MVP Feb/2026: claim/unlock sends cardActivated with available amount unlock sets unlockedAt, marks CLAIMED, and emails cardActivated with amountAvailable","invocations":1,"location":null,"numPassingAsserts":11,"retryReasons":[],"status":"passed","title":"unlock sets unlockedAt, marks CLAIMED, and emails cardActivated with amountAvailable"}],"endTime":1771936865712,"message":"","name":"C:\\GlobalSecure2026!\\globalsecuresend\\tests\\integration\\mvp.claim-unlock-email.test.ts","startTime":1771936865254,"status":"passed","summary":""},{"assertionResults":[{"ancestorTitles":["Block 1: Session and Authentication"],"duration":17,"failureDetails":[],"failureMessages":[],"fullName":"Block 1: Session and Authentication 1.1) should create a session in the database for a user","invocations":1,"location":null,"numPassingAsserts":3,"retryReasons":[],"status":"passed","title":"1.1) should create a session in the database for a user"},{"ancestorTitles":["Block 1: Session and Authentication"],"duration":11,"failureDetails":[],"failureMessages":[],"fullName":"Block 1: Session and Authentication 1.1) should use shorter expiry for ADMIN/ops roles","invocations":1,"location":null,"numPassingAsserts":3,"retryReasons":[],"status":"passed","title":"1.1) should use shorter expiry for ADMIN/ops roles"},{"ancestorTitles":["Block 1: Session and Authentication"],"duration":32,"failureDetails":[],"failureMessages":[],"fullName":"Block 1: Session and Authentication 1.2) should reject an expired session when validating","invocations":1,"location":null,"numPassingAsserts":2,"retryReasons":[],"status":"passed","title":"1.2) should reject an expired session when validating"},{"ancestorTitles":["Block 1: Session and Authentication"],"duration":24,"failureDetails":[],"failureMessages":[],"fullName":"Block 1: Session and Authentication 1.3) should revoke a session and mark it as revoked in the database","invocations":1,"location":null,"numPassingAsserts":3,"retryReasons":[],"status":"passed","title":"1.3) should revoke a session and mark it as revoked in the database"},{"ancestorTitles":["Block 1: Session and Authentication"],"duration":28,"failureDetails":[],"failureMessages":[],"fullName":"Block 1: Session and Authentication 1.3) should reject session when user-agent mismatches","invocations":1,"location":null,"numPassingAsserts":2,"retryReasons":[],"status":"passed","title":"1.3) should reject session when user-agent mismatches"},{"ancestorTitles":["Block 1: Session and Authentication"],"duration":49,"failureDetails":[],"failureMessages":[],"fullName":"Block 1: Session and Authentication 1.2) should logout, revoke the session, and clear cookie","invocations":1,"location":null,"numPassingAsserts":4,"retryReasons":[],"status":"passed","title":"1.2) should logout, revoke the session, and clear cookie"},{"ancestorTitles":["Block 1: Session and Authentication"],"duration":45,"failureDetails":[],"failureMessages":[],"fullName":"Block 1: Session and Authentication 1.3) should rotate session on refresh and invalidate old token","invocations":1,"location":null,"numPassingAsserts":3,"retryReasons":[],"status":"passed","title":"1.3) should rotate session on refresh and invalidate old token"}],"endTime":1771936866418,"message":"","name":"C:\\GlobalSecure2026!\\globalsecuresend\\tests\\integration\\auth.session.test.ts","startTime":1771936865731,"status":"passed","summary":""},{"assertionResults":[{"ancestorTitles":["AML review workflow"],"duration":190,"failureDetails":[],"failureMessages":[],"fullName":"AML review workflow assign, note and decide a case","invocations":1,"location":null,"numPassingAsserts":12,"retryReasons":[],"status":"passed","title":"assign, note and decide a case"}],"endTime":1771936866966,"message":"","name":"C:\\GlobalSecure2026!\\globalsecuresend\\tests\\integration\\aml-review-workflow.test.ts","startTime":1771936866446,"status":"passed","summary":""},{"assertionResults":[{"ancestorTitles":["KYC Guards and Limits Enforcement","3.1. Transfer Limits by KYC Level"],"duration":42,"failureDetails":[],"failureMessages":[],"fullName":"KYC Guards and Limits Enforcement 3.1. Transfer Limits by KYC Level should block KYC Level 0 user from transferring > €100","invocations":1,"location":null,"numPassingAsserts":1,"retryReasons":[],"status":"passed","title":"should block KYC Level 0 user from transferring > €100"},{"ancestorTitles":["KYC Guards and Limits Enforcement","3.1. Transfer Limits by KYC Level"],"duration":34,"failureDetails":[],"failureMessages":[],"fullName":"KYC Guards and Limits Enforcement 3.1. Transfer Limits by KYC Level should allow KYC Level 0 user to transfer €50","invocations":1,"location":null,"numPassingAsserts":0,"retryReasons":[],"status":"passed","title":"should allow KYC Level 0 user to transfer €50"},{"ancestorTitles":["KYC Guards and Limits Enforcement","3.1. Transfer Limits by KYC Level"],"duration":29,"failureDetails":[],"failureMessages":[],"fullName":"KYC Guards and Limits Enforcement 3.1. Transfer Limits by KYC Level should allow KYC Level 1 user to transfer €400","invocations":1,"location":null,"numPassingAsserts":0,"retryReasons":[],"status":"passed","title":"should allow KYC Level 1 user to transfer €400"},{"ancestorTitles":["KYC Guards and Limits Enforcement","3.1. Transfer Limits by KYC Level"],"duration":19,"failureDetails":[],"failureMessages":[],"fullName":"KYC Guards and Limits Enforcement 3.1. Transfer Limits by KYC Level should block KYC Level 1 user from transferring > €500","invocations":1,"location":null,"numPassingAsserts":1,"retryReasons":[],"status":"passed","title":"should block KYC Level 1 user from transferring > €500"},{"ancestorTitles":["KYC Guards and Limits Enforcement","3.1. Transfer Limits by KYC Level"],"duration":39,"failureDetails":[],"failureMessages":[],"fullName":"KYC Guards and Limits Enforcement 3.1. Transfer Limits by KYC Level should allow KYC Level 2 user to transfer €5000","invocations":1,"location":null,"numPassingAsserts":0,"retryReasons":[],"status":"passed","title":"should allow KYC Level 2 user to transfer €5000"},{"ancestorTitles":["KYC Guards and Limits Enforcement","3.2. Deposit Limits by KYC Level"],"duration":9,"failureDetails":[],"failureMessages":[],"fullName":"KYC Guards and Limits Enforcement 3.2. Deposit Limits by KYC Level should block KYC Level 0 deposit > €100","invocations":1,"location":null,"numPassingAsserts":1,"retryReasons":[],"status":"passed","title":"should block KYC Level 0 deposit > €100"},{"ancestorTitles":["KYC Guards and Limits Enforcement","3.2. Deposit Limits by KYC Level"],"duration":9,"failureDetails":[],"failureMessages":[],"fullName":"KYC Guards and Limits Enforcement 3.2. Deposit Limits by KYC Level should allow KYC Level 1 deposit €300","invocations":1,"location":null,"numPassingAsserts":1,"retryReasons":[],"status":"passed","title":"should allow KYC Level 1 deposit €300"},{"ancestorTitles":["KYC Guards and Limits Enforcement","3.3. Withdrawal Limits by KYC Level"],"duration":8,"failureDetails":[],"failureMessages":[],"fullName":"KYC Guards and Limits Enforcement 3.3. Withdrawal Limits by KYC Level should block KYC Level 0 withdrawal > €100","invocations":1,"location":null,"numPassingAsserts":1,"retryReasons":[],"status":"passed","title":"should block KYC Level 0 withdrawal > €100"},{"ancestorTitles":["KYC Guards and Limits Enforcement","3.3. Withdrawal Limits by KYC Level"],"duration":6,"failureDetails":[],"failureMessages":[],"fullName":"KYC Guards and Limits Enforcement 3.3. Withdrawal Limits by KYC Level should allow KYC Level 2 withdrawal €8000","invocations":1,"location":null,"numPassingAsserts":1,"retryReasons":[],"status":"passed","title":"should allow KYC Level 2 withdrawal €8000"},{"ancestorTitles":["KYC Guards and Limits Enforcement","3.4. Swap Limits by KYC Level"],"duration":9,"failureDetails":[],"failureMessages":[],"fullName":"KYC Guards and Limits Enforcement 3.4. Swap Limits by KYC Level should block KYC Level 0 swap > €100","invocations":1,"location":null,"numPassingAsserts":1,"retryReasons":[],"status":"passed","title":"should block KYC Level 0 swap > €100"},{"ancestorTitles":["KYC Guards and Limits Enforcement","3.4. Swap Limits by KYC Level"],"duration":8,"failureDetails":[],"failureMessages":[],"fullName":"KYC Guards and Limits Enforcement 3.4. Swap Limits by KYC Level should allow KYC Level 1 swap €450","invocations":1,"location":null,"numPassingAsserts":1,"retryReasons":[],"status":"passed","title":"should allow KYC Level 1 swap €450"},{"ancestorTitles":["KYC Guards and Limits Enforcement","3.5. Cumulative Daily Limits"],"duration":27,"failureDetails":[],"failureMessages":[],"fullName":"KYC Guards and Limits Enforcement 3.5. Cumulative Daily Limits should track and enforce cumulative daily limits","invocations":1,"location":null,"numPassingAsserts":1,"retryReasons":[],"status":"passed","title":"should track and enforce cumulative daily limits"}],"endTime":1771936867596,"message":"","name":"C:\\GlobalSecure2026!\\globalsecuresend\\tests\\compliance\\kyc-guards.test.ts","startTime":1771936866982,"status":"passed","summary":""},{"assertionResults":[{"ancestorTitles":["Travel mode"],"duration":163,"failureDetails":[],"failureMessages":[],"fullName":"Travel mode GET e PATCH /api/user/travel-mode alternam estado","invocations":1,"location":null,"numPassingAsserts":6,"retryReasons":[],"status":"passed","title":"GET e PATCH /api/user/travel-mode alternam estado"},{"ancestorTitles":["Travel mode"],"duration":91,"failureDetails":[],"failureMessages":[],"fullName":"Travel mode geofraude bloqueia fora do país habitual quando travel mode off","invocations":1,"location":null,"numPassingAsserts":3,"retryReasons":[],"status":"passed","title":"geofraude bloqueia fora do país habitual quando travel mode off"},{"ancestorTitles":["Travel mode"],"duration":63,"failureDetails":[],"failureMessages":[],"fullName":"Travel mode geofraude relaxa dentro da região quando travel mode on","invocations":1,"location":null,"numPassingAsserts":2,"retryReasons":[],"status":"passed","title":"geofraude relaxa dentro da região quando travel mode on"},{"ancestorTitles":["Travel mode"],"duration":33,"failureDetails":[],"failureMessages":[],"fullName":"Travel mode geofraude bloqueia fora da região quando travel mode on","invocations":1,"location":null,"numPassingAsserts":2,"retryReasons":[],"status":"passed","title":"geofraude bloqueia fora da região quando travel mode on"},{"ancestorTitles":["Travel mode"],"duration":111,"failureDetails":[],"failureMessages":[],"fullName":"Travel mode fiat pool prioriza moedas da região quando travel mode ativo","invocations":1,"location":null,"numPassingAsserts":2,"retryReasons":[],"status":"passed","title":"fiat pool prioriza moedas da região quando travel mode ativo"}],"endTime":1771936868323,"message":"","name":"C:\\GlobalSecure2026!\\globalsecuresend\\tests\\integration\\travel-mode.test.ts","startTime":1771936867613,"status":"passed","summary":""},{"assertionResults":[{"ancestorTitles":["Market guard + circuit breaker"],"duration":224,"failureDetails":[],"failureMessages":[],"fullName":"Market guard + circuit breaker queda ~6% em 1h ativa alerta e reduz LTV efetivo","invocations":1,"location":null,"numPassingAsserts":7,"retryReasons":[],"status":"passed","title":"queda ~6% em 1h ativa alerta e reduz LTV efetivo"},{"ancestorTitles":["Market guard + circuit breaker"],"duration":121,"failureDetails":[],"failureMessages":[],"fullName":"Market guard + circuit breaker queda >=10% em 1h pausa yield","invocations":1,"location":null,"numPassingAsserts":2,"retryReasons":[],"status":"passed","title":"queda >=10% em 1h pausa yield"},{"ancestorTitles":["Market guard + circuit breaker"],"duration":40,"failureDetails":[],"failureMessages":[],"fullName":"Market guard + circuit breaker oracles falham mas lastPrice recente -> usa fallback sem sobrescrever lastPrice","invocations":1,"location":null,"numPassingAsserts":3,"retryReasons":[],"status":"passed","title":"oracles falham mas lastPrice recente -> usa fallback sem sobrescrever lastPrice"},{"ancestorTitles":["Market guard + circuit breaker"],"duration":40,"failureDetails":[],"failureMessages":[],"fullName":"Market guard + circuit breaker oracles falham e lastPrice velho -> pausa yield","invocations":1,"location":null,"numPassingAsserts":3,"retryReasons":[],"status":"passed","title":"oracles falham e lastPrice velho -> pausa yield"}],"endTime":1771936868932,"message":"","name":"C:\\GlobalSecure2026!\\globalsecuresend\\tests\\integration\\market-guard.test.ts","startTime":1771936868340,"status":"passed","summary":""},{"assertionResults":[{"ancestorTitles":["AML velocity and high-risk jurisdiction"],"duration":139,"failureDetails":[],"failureMessages":[],"fullName":"AML velocity and high-risk jurisdiction VELOCITY_TX_COUNT cria AmlReviewCase e bloqueia transfer posterior","invocations":1,"location":null,"numPassingAsserts":9,"retryReasons":[],"status":"passed","title":"VELOCITY_TX_COUNT cria AmlReviewCase e bloqueia transfer posterior"},{"ancestorTitles":["AML velocity and high-risk jurisdiction"],"duration":67,"failureDetails":[],"failureMessages":[],"fullName":"AML velocity and high-risk jurisdiction HIGH_RISK_JURISDICTION cria AmlReviewCase CRITICAL e bloqueia transfer posterior","invocations":1,"location":null,"numPassingAsserts":5,"retryReasons":[],"status":"passed","title":"HIGH_RISK_JURISDICTION cria AmlReviewCase CRITICAL e bloqueia transfer posterior"}],"endTime":1771936869543,"message":"","name":"C:\\GlobalSecure2026!\\globalsecuresend\\tests\\integration\\aml-velocity.test.ts","startTime":1771936868949,"status":"passed","summary":""},{"assertionResults":[{"ancestorTitles":["MVP Feb/2026: /api/transfers/create (CARD_EMAIL + fees)"],"duration":353,"failureDetails":[],"failureMessages":[],"fullName":"MVP Feb/2026: /api/transfers/create (CARD_EMAIL + fees) creates CARD_EMAIL transfer, records fee (1.8%), and debits only amountSource","invocations":1,"location":null,"numPassingAsserts":18,"retryReasons":[],"status":"passed","title":"creates CARD_EMAIL transfer, records fee (1.8%), and debits only amountSource"}],"endTime":1771936870142,"message":"","name":"C:\\GlobalSecure2026!\\globalsecuresend\\tests\\integration\\mvp.transfers-card-email.test.ts","startTime":1771936869559,"status":"passed","summary":""},{"assertionResults":[{"ancestorTitles":["Stripe Webhooks Tests","4.1. Topup Webhook (checkout.session.completed)"],"duration":56,"failureDetails":[],"failureMessages":[],"fullName":"Stripe Webhooks Tests 4.1. Topup Webhook (checkout.session.completed) should credit balance correctly on successful payment","invocations":1,"location":null,"numPassingAsserts":1,"retryReasons":[],"status":"passed","title":"should credit balance correctly on successful payment"},{"ancestorTitles":["Stripe Webhooks Tests","4.1. Topup Webhook (checkout.session.completed)"],"duration":45,"failureDetails":[],"failureMessages":[],"fullName":"Stripe Webhooks Tests 4.1. Topup Webhook (checkout.session.completed) should ignore duplicate webhook (idempotency)","invocations":1,"location":null,"numPassingAsserts":2,"retryReasons":[],"status":"passed","title":"should ignore duplicate webhook (idempotency)"},{"ancestorTitles":["Stripe Webhooks Tests","4.2. Payment Failed Webhook"],"duration":13,"failureDetails":[],"failureMessages":[],"fullName":"Stripe Webhooks Tests 4.2. Payment Failed Webhook should NOT credit balance on failed payment","invocations":1,"location":null,"numPassingAsserts":1,"retryReasons":[],"status":"passed","title":"should NOT credit balance on failed payment"},{"ancestorTitles":["Stripe Webhooks Tests","4.3. Card Authorization Webhook"],"duration":59,"failureDetails":[],"failureMessages":[],"fullName":"Stripe Webhooks Tests 4.3. Card Authorization Webhook should process card authorization correctly","invocations":1,"location":null,"numPassingAsserts":1,"retryReasons":[],"status":"passed","title":"should process card authorization correctly"},{"ancestorTitles":["Stripe Webhooks Tests","4.4. Webhook Signature Validation"],"duration":1,"failureDetails":[],"failureMessages":[],"fullName":"Stripe Webhooks Tests 4.4. Webhook Signature Validation should reject webhook with invalid signature","invocations":1,"location":null,"numPassingAsserts":1,"retryReasons":[],"status":"passed","title":"should reject webhook with invalid signature"}],"endTime":1771936870731,"message":"","name":"C:\\GlobalSecure2026!\\globalsecuresend\\tests\\webhooks\\stripe-webhooks.test.ts","startTime":1771936870159,"status":"passed","summary":""},{"assertionResults":[{"ancestorTitles":["Crypto Webhooks Tests (Alchemy/Polygon)","4.5. USDT Deposit Webhook"],"duration":94,"failureDetails":[],"failureMessages":[],"fullName":"Crypto Webhooks Tests (Alchemy/Polygon) 4.5. USDT Deposit Webhook should credit balance after blockchain confirmations","invocations":1,"location":null,"numPassingAsserts":2,"retryReasons":[],"status":"passed","title":"should credit balance after blockchain confirmations"},{"ancestorTitles":["Crypto Webhooks Tests (Alchemy/Polygon)","4.5. USDT Deposit Webhook"],"duration":36,"failureDetails":[],"failureMessages":[],"fullName":"Crypto Webhooks Tests (Alchemy/Polygon) 4.5. USDT Deposit Webhook should ignore duplicate crypto deposit webhook","invocations":1,"location":null,"numPassingAsserts":1,"retryReasons":[],"status":"passed","title":"should ignore duplicate crypto deposit webhook"},{"ancestorTitles":["Crypto Webhooks Tests (Alchemy/Polygon)","4.6. Out-of-Order Webhooks"],"duration":34,"failureDetails":[],"failureMessages":[],"fullName":"Crypto Webhooks Tests (Alchemy/Polygon) 4.6. Out-of-Order Webhooks should handle confirmed webhook arriving before pending","invocations":1,"location":null,"numPassingAsserts":2,"retryReasons":[],"status":"passed","title":"should handle confirmed webhook arriving before pending"},{"ancestorTitles":["Crypto Webhooks Tests (Alchemy/Polygon)","4.7. Failed/Reverted Transactions"],"duration":31,"failureDetails":[],"failureMessages":[],"fullName":"Crypto Webhooks Tests (Alchemy/Polygon) 4.7. Failed/Reverted Transactions should NOT credit balance for reverted transaction","invocations":1,"location":null,"numPassingAsserts":1,"retryReasons":[],"status":"passed","title":"should NOT credit balance for reverted transaction"},{"ancestorTitles":["Crypto Webhooks Tests (Alchemy/Polygon)","4.8. Webhook HMAC Validation"],"duration":1,"failureDetails":[],"failureMessages":[],"fullName":"Crypto Webhooks Tests (Alchemy/Polygon) 4.8. Webhook HMAC Validation should reject webhook with invalid HMAC signature","invocations":1,"location":null,"numPassingAsserts":1,"retryReasons":[],"status":"passed","title":"should reject webhook with invalid HMAC signature"}],"endTime":1771936871310,"message":"","name":"C:\\GlobalSecure2026!\\globalsecuresend\\tests\\webhooks\\crypto-webhooks.test.ts","startTime":1771936870747,"status":"passed","summary":""},{"assertionResults":[{"ancestorTitles":["GDPR: profile update and data export bundle"],"duration":32,"failureDetails":[],"failureMessages":[],"fullName":"GDPR: profile update and data export bundle PATCH /api/user/profile updates fields and writes AuditLog","invocations":1,"location":null,"numPassingAsserts":4,"retryReasons":[],"status":"passed","title":"PATCH /api/user/profile updates fields and writes AuditLog"},{"ancestorTitles":["GDPR: profile update and data export bundle"],"duration":88,"failureDetails":[],"failureMessages":[],"fullName":"GDPR: profile update and data export bundle POST then GET GDPR export returns JSON bundle","invocations":1,"location":null,"numPassingAsserts":10,"retryReasons":[],"status":"passed","title":"POST then GET GDPR export returns JSON bundle"}],"endTime":1771936871840,"message":"","name":"C:\\GlobalSecure2026!\\globalsecuresend\\tests\\integration\\gdpr-profile-export.test.ts","startTime":1771936871329,"status":"passed","summary":""},{"assertionResults":[{"ancestorTitles":["GDPR: right to erasure (anonymization)"],"duration":236,"failureDetails":[],"failureMessages":[],"fullName":"GDPR: right to erasure (anonymization) happy path anonymizes user and completes job","invocations":1,"location":null,"numPassingAsserts":13,"retryReasons":[],"status":"passed","title":"happy path anonymizes user and completes job"},{"ancestorTitles":["GDPR: right to erasure (anonymization)"],"duration":101,"failureDetails":[],"failureMessages":[],"fullName":"GDPR: right to erasure (anonymization) legal hold blocks erasure when AML HIGH case is open","invocations":1,"location":null,"numPassingAsserts":3,"retryReasons":[],"status":"passed","title":"legal hold blocks erasure when AML HIGH case is open"}],"endTime":1771936872355,"message":"","name":"C:\\GlobalSecure2026!\\globalsecuresend\\tests\\integration\\gdpr-erasure.test.ts","startTime":1771936871856,"status":"passed","summary":""},{"assertionResults":[{"ancestorTitles":["Security: IDOR (Insecure Direct Object Reference)"],"duration":22,"failureDetails":[],"failureMessages":[],"fullName":"Security: IDOR (Insecure Direct Object Reference) should BLOCK unauthorized access to another users crypto balance","invocations":1,"location":null,"numPassingAsserts":1,"retryReasons":[],"status":"passed","title":"should BLOCK unauthorized access to another users crypto balance"},{"ancestorTitles":["Security: IDOR (Insecure Direct Object Reference)"],"duration":17,"failureDetails":[],"failureMessages":[],"fullName":"Security: IDOR (Insecure Direct Object Reference) should ALLOW access to own crypto balance","invocations":1,"location":null,"numPassingAsserts":2,"retryReasons":[],"status":"passed","title":"should ALLOW access to own crypto balance"}],"endTime":1771936872853,"message":"","name":"C:\\GlobalSecure2026!\\globalsecuresend\\tests\\security\\idor.test.ts","startTime":1771936872371,"status":"passed","summary":""},{"assertionResults":[{"ancestorTitles":["Network Failure Simulation"],"duration":2,"failureDetails":[],"failureMessages":[],"fullName":"Network Failure Simulation Should handle database connection timeout gracefully","invocations":1,"location":null,"numPassingAsserts":1,"retryReasons":[],"status":"passed","title":"Should handle database connection timeout gracefully"},{"ancestorTitles":["Network Failure Simulation"],"duration":125,"failureDetails":[],"failureMessages":[],"fullName":"Network Failure Simulation should handle external API timeout (Stripe)","invocations":1,"location":null,"numPassingAsserts":2,"retryReasons":[],"status":"passed","title":"should handle external API timeout (Stripe)"},{"ancestorTitles":["Network Failure Simulation"],"duration":77,"failureDetails":[],"failureMessages":[],"fullName":"Network Failure Simulation should handle external API timeout (Alchemy)","invocations":1,"location":null,"numPassingAsserts":2,"retryReasons":[],"status":"passed","title":"should handle external API timeout (Alchemy)"},{"ancestorTitles":["Network Failure Simulation"],"duration":1,"failureDetails":[],"failureMessages":[],"fullName":"Network Failure Simulation should not break when external API returns 500","invocations":1,"location":null,"numPassingAsserts":1,"retryReasons":[],"status":"passed","title":"should not break when external API returns 500"},{"ancestorTitles":["Network Failure Simulation"],"duration":70,"failureDetails":[],"failureMessages":[],"fullName":"Network Failure Simulation should not credit wallet when Stripe returns 500 during topup","invocations":1,"location":null,"numPassingAsserts":1,"retryReasons":[],"status":"passed","title":"should not credit wallet when Stripe returns 500 during topup"}],"endTime":1771936873388,"message":"","name":"C:\\GlobalSecure2026!\\globalsecuresend\\tests\\failure\\network-failure.test.ts","startTime":1771936872876,"status":"passed","summary":""},{"assertionResults":[{"ancestorTitles":["GDPR: consent preferences"],"duration":28,"failureDetails":[],"failureMessages":[],"fullName":"GDPR: consent preferences GET returns current preferences and consent document","invocations":1,"location":null,"numPassingAsserts":3,"retryReasons":[],"status":"passed","title":"GET returns current preferences and consent document"},{"ancestorTitles":["GDPR: consent preferences"],"duration":62,"failureDetails":[],"failureMessages":[],"fullName":"GDPR: consent preferences PUT updates preferences and creates audit + consent records","invocations":1,"location":null,"numPassingAsserts":6,"retryReasons":[],"status":"passed","title":"PUT updates preferences and creates audit + consent records"}],"endTime":1771936873857,"message":"","name":"C:\\GlobalSecure2026!\\globalsecuresend\\tests\\integration\\gdpr-consents.test.ts","startTime":1771936873410,"status":"passed","summary":""},{"assertionResults":[{"ancestorTitles":["Risk gates"],"duration":122,"failureDetails":[],"failureMessages":[],"fullName":"Risk gates blocks transfers when user has pending HIGH/CRITICAL AML case","invocations":1,"location":null,"numPassingAsserts":2,"retryReasons":[],"status":"passed","title":"blocks transfers when user has pending HIGH/CRITICAL AML case"}],"endTime":1771936874341,"message":"","name":"C:\\GlobalSecure2026!\\globalsecuresend\\tests\\integration\\risk-gates.test.ts","startTime":1771936873875,"status":"passed","summary":""},{"assertionResults":[{"ancestorTitles":["GDPR: privacy incidents (admin)"],"duration":57,"failureDetails":[],"failureMessages":[],"fullName":"GDPR: privacy incidents (admin) creates, lists, and notifies a PrivacyIncident","invocations":1,"location":null,"numPassingAsserts":10,"retryReasons":[],"status":"passed","title":"creates, lists, and notifies a PrivacyIncident"}],"endTime":1771936874780,"message":"","name":"C:\\GlobalSecure2026!\\globalsecuresend\\tests\\integration\\gdpr-privacy-incidents.test.ts","startTime":1771936874358,"status":"passed","summary":""},{"assertionResults":[{"ancestorTitles":["MVP Feb/2026: Stripe issuing webhook -> cardSpent email + Notification"],"duration":221,"failureDetails":[],"failureMessages":[],"fullName":"MVP Feb/2026: Stripe issuing webhook -> cardSpent email + Notification approved authorization updates card usage, creates SpendTransaction, emails cardSpent and creates Notification","invocations":1,"location":null,"numPassingAsserts":8,"retryReasons":[],"status":"passed","title":"approved authorization updates card usage, creates SpendTransaction, emails cardSpent and creates Notification"}],"endTime":1771936875202,"message":"","name":"C:\\GlobalSecure2026!\\globalsecuresend\\tests\\integration\\mvp.webhook-stripe-card-spent.test.ts","startTime":1771936874797,"status":"passed","summary":""},{"assertionResults":[{"ancestorTitles":["E2E: Virtual Cards"],"duration":66,"failureDetails":[],"failureMessages":[],"fullName":"E2E: Virtual Cards should create a virtual card and debit balance","invocations":1,"location":null,"numPassingAsserts":4,"retryReasons":[],"status":"passed","title":"should create a virtual card and debit balance"},{"ancestorTitles":["E2E: Virtual Cards"],"duration":10,"failureDetails":[],"failureMessages":[],"fullName":"E2E: Virtual Cards should unlock a card","invocations":1,"location":null,"numPassingAsserts":2,"retryReasons":[],"status":"passed","title":"should unlock a card"},{"ancestorTitles":["E2E: Virtual Cards"],"duration":17,"failureDetails":[],"failureMessages":[],"fullName":"E2E: Virtual Cards should activate a card","invocations":1,"location":null,"numPassingAsserts":1,"retryReasons":[],"status":"passed","title":"should activate a card"},{"ancestorTitles":["E2E: Virtual Cards"],"duration":8,"failureDetails":[],"failureMessages":[],"fullName":"E2E: Virtual Cards should update spending controls","invocations":1,"location":null,"numPassingAsserts":1,"retryReasons":[],"status":"passed","title":"should update spending controls"}],"endTime":1771936875593,"message":"","name":"C:\\GlobalSecure2026!\\globalsecuresend\\tests\\e2e\\cards.test.ts","startTime":1771936875217,"status":"passed","summary":""},{"assertionResults":[{"ancestorTitles":["Resilience & Disaster Recovery"],"duration":17,"failureDetails":[],"failureMessages":[],"fullName":"Resilience & Disaster Recovery R1: Should rollback transaction on DB failure","invocations":1,"location":null,"numPassingAsserts":2,"retryReasons":[],"status":"passed","title":"R1: Should rollback transaction on DB failure"},{"ancestorTitles":["Resilience & Disaster Recovery"],"duration":115,"failureDetails":[],"failureMessages":[],"fullName":"Resilience & Disaster Recovery R2: Should handle external service timeout gracefully","invocations":1,"location":null,"numPassingAsserts":2,"retryReasons":[],"status":"passed","title":"R2: Should handle external service timeout gracefully"},{"ancestorTitles":["Resilience & Disaster Recovery"],"duration":0,"failureDetails":[],"failureMessages":[],"fullName":"Resilience & Disaster Recovery DR1: Should verify ledger consistency after simulated restore","invocations":1,"location":null,"numPassingAsserts":1,"retryReasons":[],"status":"passed","title":"DR1: Should verify ledger consistency after simulated restore"}],"endTime":1771936875972,"message":"","name":"C:\\GlobalSecure2026!\\globalsecuresend\\tests\\resilience\\resilience.test.ts","startTime":1771936875610,"status":"passed","summary":""},{"assertionResults":[{"ancestorTitles":["Fiat pool coverage"],"duration":128,"failureDetails":[],"failureMessages":[],"fullName":"Fiat pool coverage debita somente na mesma moeda quando há saldo","invocations":1,"location":null,"numPassingAsserts":3,"retryReasons":[],"status":"passed","title":"debita somente na mesma moeda quando há saldo"},{"ancestorTitles":["Fiat pool coverage"],"duration":99,"failureDetails":[],"failureMessages":[],"fullName":"Fiat pool coverage cobre compra em USD usando saldo em EUR via FX","invocations":1,"location":null,"numPassingAsserts":5,"retryReasons":[],"status":"passed","title":"cobre compra em USD usando saldo em EUR via FX"}],"endTime":1771936876348,"message":"","name":"C:\\GlobalSecure2026!\\globalsecuresend\\tests\\integration\\fiat-pool.test.ts","startTime":1771936875990,"status":"passed","summary":""},{"assertionResults":[{"ancestorTitles":["E2E: Transfer Flows"],"duration":85,"failureDetails":[],"failureMessages":[],"fullName":"E2E: Transfer Flows should execute an internal P2P transfer correctly","invocations":1,"location":null,"numPassingAsserts":2,"retryReasons":[],"status":"passed","title":"should execute an internal P2P transfer correctly"},{"ancestorTitles":["E2E: Transfer Flows"],"duration":21,"failureDetails":[],"failureMessages":[],"fullName":"E2E: Transfer Flows should fail transfer with insufficient funds","invocations":1,"location":null,"numPassingAsserts":1,"retryReasons":[],"status":"passed","title":"should fail transfer with insufficient funds"}],"endTime":1771936876751,"message":"","name":"C:\\GlobalSecure2026!\\globalsecuresend\\tests\\e2e\\transfers.test.ts","startTime":1771936876365,"status":"passed","summary":""},{"assertionResults":[{"ancestorTitles":["E2E: Deposit Flows"],"duration":70,"failureDetails":[],"failureMessages":[],"fullName":"E2E: Deposit Flows should process a simulated Stripe Card Topup correctly","invocations":1,"location":null,"numPassingAsserts":5,"retryReasons":[],"status":"passed","title":"should process a simulated Stripe Card Topup correctly"},{"ancestorTitles":["E2E: Deposit Flows"],"duration":47,"failureDetails":[],"failureMessages":[],"fullName":"E2E: Deposit Flows should process a simulated Crypto (USDT) Deposit correctly","invocations":1,"location":null,"numPassingAsserts":2,"retryReasons":[],"status":"passed","title":"should process a simulated Crypto (USDT) Deposit correctly"}],"endTime":1771936877140,"message":"","name":"C:\\GlobalSecure2026!\\globalsecuresend\\tests\\e2e\\deposits.test.ts","startTime":1771936876766,"status":"passed","summary":""},{"assertionResults":[{"ancestorTitles":["Admin NOC + health"],"duration":49,"failureDetails":[],"failureMessages":[],"fullName":"Admin NOC + health GET /api/admin/health retorna checks","invocations":1,"location":null,"numPassingAsserts":4,"retryReasons":[],"status":"passed","title":"GET /api/admin/health retorna checks"},{"ancestorTitles":["Admin NOC + health"],"duration":39,"failureDetails":[],"failureMessages":[],"fullName":"Admin NOC + health GET /api/admin/noc/events lista audit e AML","invocations":1,"location":null,"numPassingAsserts":3,"retryReasons":[],"status":"passed","title":"GET /api/admin/noc/events lista audit e AML"}],"endTime":1771936877485,"message":"","name":"C:\\GlobalSecure2026!\\globalsecuresend\\tests\\integration\\admin-noc-health.test.ts","startTime":1771936877157,"status":"passed","summary":""},{"assertionResults":[{"ancestorTitles":["Treasury alert levels and anti-spam"],"duration":193,"failureDetails":[],"failureMessages":[],"fullName":"Treasury alert levels and anti-spam WARNING, CRITICAL and dedupe behavior","invocations":1,"location":null,"numPassingAsserts":7,"retryReasons":[],"status":"passed","title":"WARNING, CRITICAL and dedupe behavior"}],"endTime":1771936877828,"message":"","name":"C:\\GlobalSecure2026!\\globalsecuresend\\tests\\integration\\treasury-alert-levels.test.ts","startTime":1771936877502,"status":"passed","summary":""},{"assertionResults":[{"ancestorTitles":["Claim link unlock flow"],"duration":2,"failureDetails":[],"failureMessages":[],"fullName":"Claim link unlock flow GET /api/claim/[token] valid returns public data","invocations":1,"location":null,"numPassingAsserts":3,"retryReasons":[],"status":"passed","title":"GET /api/claim/[token] valid returns public data"},{"ancestorTitles":["Claim link unlock flow"],"duration":1,"failureDetails":[],"failureMessages":[],"fullName":"Claim link unlock flow GET /api/claim/[token] expired returns CLAIM_EXPIRED","invocations":1,"location":null,"numPassingAsserts":2,"retryReasons":[],"status":"passed","title":"GET /api/claim/[token] expired returns CLAIM_EXPIRED"},{"ancestorTitles":["Claim link unlock flow"],"duration":1,"failureDetails":[],"failureMessages":[],"fullName":"Claim link unlock flow POST /api/claim/[token]/unlock correct code returns card data and marks claimed","invocations":1,"location":null,"numPassingAsserts":6,"retryReasons":[],"status":"passed","title":"POST /api/claim/[token]/unlock correct code returns card data and marks claimed"},{"ancestorTitles":["Claim link unlock flow"],"duration":1,"failureDetails":[],"failureMessages":[],"fullName":"Claim link unlock flow POST /api/claim/[token]/unlock wrong code returns attemptsRemaining","invocations":1,"location":null,"numPassingAsserts":3,"retryReasons":[],"status":"passed","title":"POST /api/claim/[token]/unlock wrong code returns attemptsRemaining"},{"ancestorTitles":["Claim link unlock flow"],"duration":1,"failureDetails":[],"failureMessages":[],"fullName":"Claim link unlock flow POST /api/claim/[token]/unlock blocks after rate limit exceeded","invocations":1,"location":null,"numPassingAsserts":2,"retryReasons":[],"status":"passed","title":"POST /api/claim/[token]/unlock blocks after rate limit exceeded"}],"endTime":1771936878391,"message":"","name":"C:\\GlobalSecure2026!\\globalsecuresend\\tests\\claim-link-unlock.test.ts","startTime":1771936877847,"status":"passed","summary":""},{"assertionResults":[{"ancestorTitles":["Transaction Security Suite"],"duration":1,"failureDetails":[],"failureMessages":[],"fullName":"Transaction Security Suite should prevent negative transfers (Validation)","invocations":1,"location":null,"numPassingAsserts":1,"retryReasons":[],"status":"passed","title":"should prevent negative transfers (Validation)"},{"ancestorTitles":["Transaction Security Suite"],"duration":27,"failureDetails":[],"failureMessages":[],"fullName":"Transaction Security Suite should execute transfer atomically (ACID)","invocations":1,"location":null,"numPassingAsserts":2,"retryReasons":[],"status":"passed","title":"should execute transfer atomically (ACID)"},{"ancestorTitles":["Transaction Security Suite"],"duration":10,"failureDetails":[],"failureMessages":[],"fullName":"Transaction Security Suite should prevent transfer exceeding balance (Race Condition / Integrity)","invocations":1,"location":null,"numPassingAsserts":2,"retryReasons":[],"status":"passed","title":"should prevent transfer exceeding balance (Race Condition / Integrity)"},{"ancestorTitles":["Transaction Security Suite"],"duration":12,"failureDetails":[],"failureMessages":[],"fullName":"Transaction Security Suite should log audit trail for transaction","invocations":1,"location":null,"numPassingAsserts":2,"retryReasons":[],"status":"passed","title":"should log audit trail for transaction"}],"endTime":1771936878715,"message":"","name":"C:\\GlobalSecure2026!\\globalsecuresend\\tests\\security\\transaction-security.test.ts","startTime":1771936878410,"status":"passed","summary":""},{"assertionResults":[{"ancestorTitles":["Yield credit helpers"],"duration":162,"failureDetails":[],"failureMessages":[],"fullName":"Yield credit helpers calcula power/available/reserved/debt e atualiza ltvCurrent","invocations":1,"location":null,"numPassingAsserts":6,"retryReasons":[],"status":"passed","title":"calcula power/available/reserved/debt e atualiza ltvCurrent"}],"endTime":1771936879044,"message":"","name":"C:\\GlobalSecure2026!\\globalsecuresend\\tests\\integration\\yield-credit.test.ts","startTime":1771936878740,"status":"passed","summary":""},{"assertionResults":[{"ancestorTitles":["Email service (SMTP env)"],"duration":2,"failureDetails":[],"failureMessages":[],"fullName":"Email service (SMTP env) returns SMTP_NOT_CONFIGURED when env missing","invocations":1,"location":null,"numPassingAsserts":3,"retryReasons":[],"status":"passed","title":"returns SMTP_NOT_CONFIGURED when env missing"},{"ancestorTitles":["Email service (SMTP env)"],"duration":1,"failureDetails":[],"failureMessages":[],"fullName":"Email service (SMTP env) sends email when env present","invocations":1,"location":null,"numPassingAsserts":4,"retryReasons":[],"status":"passed","title":"sends email when env present"}],"endTime":1771936879175,"message":"","name":"C:\\GlobalSecure2026!\\globalsecuresend\\tests\\unit\\email-service.test.ts","startTime":1771936879060,"status":"passed","summary":""},{"assertionResults":[{"ancestorTitles":["AML rules for yield spending"],"duration":82,"failureDetails":[],"failureMessages":[],"fullName":"AML rules for yield spending bloqueia país sancionado","invocations":1,"location":null,"numPassingAsserts":2,"retryReasons":[],"status":"passed","title":"bloqueia país sancionado"},{"ancestorTitles":["AML rules for yield spending"],"duration":40,"failureDetails":[],"failureMessages":[],"fullName":"AML rules for yield spending bloqueia por limite diário","invocations":1,"location":null,"numPassingAsserts":2,"retryReasons":[],"status":"passed","title":"bloqueia por limite diário"},{"ancestorTitles":["AML rules for yield spending"],"duration":27,"failureDetails":[],"failureMessages":[],"fullName":"AML rules for yield spending permite abaixo dos limites","invocations":1,"location":null,"numPassingAsserts":1,"retryReasons":[],"status":"passed","title":"permite abaixo dos limites"}],"endTime":1771936879468,"message":"","name":"C:\\GlobalSecure2026!\\globalsecuresend\\tests\\integration\\aml-rules.test.ts","startTime":1771936879195,"status":"passed","summary":""},{"assertionResults":[{"ancestorTitles":["Security: Global Link Fraud Scenarios"],"duration":12,"failureDetails":[],"failureMessages":[],"fullName":"Security: Global Link Fraud Scenarios F10: Should reject expired link","invocations":1,"location":null,"numPassingAsserts":1,"retryReasons":[],"status":"passed","title":"F10: Should reject expired link"},{"ancestorTitles":["Security: Global Link Fraud Scenarios"],"duration":13,"failureDetails":[],"failureMessages":[],"fullName":"Security: Global Link Fraud Scenarios F11: Should detect multiple failed unlock attempts","invocations":1,"location":null,"numPassingAsserts":1,"retryReasons":[],"status":"passed","title":"F11: Should detect multiple failed unlock attempts"},{"ancestorTitles":["Security: Global Link Fraud Scenarios"],"duration":17,"failureDetails":[],"failureMessages":[],"fullName":"Security: Global Link Fraud Scenarios F12: Should prevent double redemption of the same link","invocations":1,"location":null,"numPassingAsserts":1,"retryReasons":[],"status":"passed","title":"F12: Should prevent double redemption of the same link"}],"endTime":1771936879778,"message":"","name":"C:\\GlobalSecure2026!\\globalsecuresend\\tests\\security\\global-link-fraud.test.ts","startTime":1771936879482,"status":"passed","summary":""},{"assertionResults":[{"ancestorTitles":["Security: Behavioral Fraud Scenarios"],"duration":18,"failureDetails":[],"failureMessages":[],"fullName":"Security: Behavioral Fraud Scenarios F4: Should detect structuring (multiple transactions just below limit)","invocations":1,"location":null,"numPassingAsserts":2,"retryReasons":[],"status":"passed","title":"F4: Should detect structuring (multiple transactions just below limit)"},{"ancestorTitles":["Security: Behavioral Fraud Scenarios"],"duration":10,"failureDetails":[],"failureMessages":[],"fullName":"Security: Behavioral Fraud Scenarios F5: Should rate limit Global Link creation","invocations":1,"location":null,"numPassingAsserts":2,"retryReasons":[],"status":"passed","title":"F5: Should rate limit Global Link creation"},{"ancestorTitles":["Security: Behavioral Fraud Scenarios"],"duration":8,"failureDetails":[],"failureMessages":[],"fullName":"Security: Behavioral Fraud Scenarios F6: Should flag self-sending transactions","invocations":1,"location":null,"numPassingAsserts":1,"retryReasons":[],"status":"passed","title":"F6: Should flag self-sending transactions"}],"endTime":1771936880073,"message":"","name":"C:\\GlobalSecure2026!\\globalsecuresend\\tests\\security\\behavioral-fraud.test.ts","startTime":1771936879796,"status":"passed","summary":""},{"assertionResults":[{"ancestorTitles":["Penetration Testing Suite","SQL Injection (SQLi)"],"duration":8,"failureDetails":[],"failureMessages":[],"fullName":"Penetration Testing Suite SQL Injection (SQLi) should be resilient against SQLi in login fields","invocations":1,"location":null,"numPassingAsserts":1,"retryReasons":[],"status":"passed","title":"should be resilient against SQLi in login fields"},{"ancestorTitles":["Penetration Testing Suite","Cross-Site Scripting (XSS)"],"duration":20,"failureDetails":[],"failureMessages":[],"fullName":"Penetration Testing Suite Cross-Site Scripting (XSS) should sanitize input fields to prevent stored XSS","invocations":1,"location":null,"numPassingAsserts":0,"retryReasons":[],"status":"passed","title":"should sanitize input fields to prevent stored XSS"},{"ancestorTitles":["Penetration Testing Suite","Authentication Bypass"],"duration":0,"failureDetails":[],"failureMessages":[],"fullName":"Penetration Testing Suite Authentication Bypass should prevent access to protected routes without valid session","invocations":1,"location":null,"numPassingAsserts":1,"retryReasons":[],"status":"passed","title":"should prevent access to protected routes without valid session"},{"ancestorTitles":["Penetration Testing Suite","Authentication Bypass"],"duration":0,"failureDetails":[],"failureMessages":[],"fullName":"Penetration Testing Suite Authentication Bypass should prevent privilege escalation (User -> Admin)","invocations":1,"location":null,"numPassingAsserts":1,"retryReasons":[],"status":"passed","title":"should prevent privilege escalation (User -> Admin)"},{"ancestorTitles":["Penetration Testing Suite","CSRF Protection"],"duration":1,"failureDetails":[],"failureMessages":[],"fullName":"Penetration Testing Suite CSRF Protection should validate Origin/Referer headers on sensitive actions","invocations":1,"location":null,"numPassingAsserts":1,"retryReasons":[],"status":"passed","title":"should validate Origin/Referer headers on sensitive actions"}],"endTime":1771936880353,"message":"","name":"C:\\GlobalSecure2026!\\globalsecuresend\\tests\\security\\pentest-suite.test.ts","startTime":1771936880094,"status":"passed","summary":""},{"assertionResults":[{"ancestorTitles":["2FA Security Suite"],"duration":12,"failureDetails":[],"failureMessages":[],"fullName":"2FA Security Suite should generate a valid 6-digit OTP and store hash/record","invocations":1,"location":null,"numPassingAsserts":3,"retryReasons":[],"status":"passed","title":"should generate a valid 6-digit OTP and store hash/record"},{"ancestorTitles":["2FA Security Suite"],"duration":13,"failureDetails":[],"failureMessages":[],"fullName":"2FA Security Suite should reject expired OTP","invocations":1,"location":null,"numPassingAsserts":1,"retryReasons":[],"status":"passed","title":"should reject expired OTP"},{"ancestorTitles":["2FA Security Suite"],"duration":11,"failureDetails":[],"failureMessages":[],"fullName":"2FA Security Suite should reject reused OTP (Replay Attack)","invocations":1,"location":null,"numPassingAsserts":1,"retryReasons":[],"status":"passed","title":"should reject reused OTP (Replay Attack)"},{"ancestorTitles":["2FA Security Suite"],"duration":0,"failureDetails":[],"failureMessages":[],"fullName":"2FA Security Suite should prevent brute force of OTP (Rate Limiting)","invocations":1,"location":null,"numPass
[...]
ignature should be rejected","invocations":1,"location":null,"numPassingAsserts":1,"retryReasons":[],"status":"passed","title":"Stripe webhook with invalid signature should be rejected"},{"ancestorTitles":["Webhook Failure Scenarios"],"duration":1,"failureDetails":[],"failureMessages":[],"fullName":"Webhook Failure Scenarios Crypto webhook with invalid HMAC should be rejected","invocations":1,"location":null,"numPassingAsserts":1,"retryReasons":[],"status":"passed","title":"Crypto webhook with invalid HMAC should be rejected"},{"ancestorTitles":["Webhook Failure Scenarios"],"duration":7,"failureDetails":[],"failureMessages":[],"fullName":"Webhook Failure Scenarios Webhook missing required fields should not crash","invocations":1,"location":null,"numPassingAsserts":1,"retryReasons":[],"status":"passed","title":"Webhook missing required fields should not crash"},{"ancestorTitles":["Webhook Failure Scenarios"],"duration":99,"failureDetails":[],"failureMessages":[],"fullName":"Webhook Failure Scenarios Webhook processed twice should not double-credit","invocations":1,"location":null,"numPassingAsserts":2,"retryReasons":[],"status":"passed","title":"Webhook processed twice should not double-credit"}],"endTime":1771936881150,"message":"","name":"C:\\GlobalSecure2026!\\globalsecuresend\\tests\\failure\\webhook-failure.test.ts","startTime":1771936880920,"status":"passed","summary":""},{"assertionResults":[{"ancestorTitles":["Auth: Forgot password flow"],"duration":85,"failureDetails":[],"failureMessages":[],"fullName":"Auth: Forgot password flow returns 200 when SMTP not configured (generic message, logs)","invocations":1,"location":null,"numPassingAsserts":3,"retryReasons":[],"status":"passed","title":"returns 200 when SMTP not configured (generic message, logs)"},{"ancestorTitles":["Auth: Forgot password flow"],"duration":2,"failureDetails":[],"failureMessages":[],"fullName":"Auth: Forgot password flow returns 200 when email send fails (generic message, logs)","invocations":1,"location":null,"numPassingAsserts":3,"retryReasons":[],"status":"passed","title":"returns 200 when email send fails (generic message, logs)"}],"endTime":1771936881356,"message":"","name":"C:\\GlobalSecure2026!\\globalsecuresend\\tests\\auth\\forgot-password-flow.test.ts","startTime":1771936881168,"status":"passed","summary":""},{"assertionResults":[{"ancestorTitles":["E2E: Audit & Reconciliation"],"duration":26,"failureDetails":[],"failureMessages":[],"fullName":"E2E: Audit & Reconciliation should verify total system liability equals sum of all wallets","invocations":1,"location":null,"numPassingAsserts":1,"retryReasons":[],"status":"passed","title":"should verify total system liability equals sum of all wallets"},{"ancestorTitles":["E2E: Audit & Reconciliation"],"duration":13,"failureDetails":[],"failureMessages":[],"fullName":"E2E: Audit & Reconciliation should ensure every completed transaction has a valid wallet reference","invocations":1,"location":null,"numPassingAsserts":1,"retryReasons":[],"status":"passed","title":"should ensure every completed transaction has a valid wallet reference"}],"endTime":1771936881526,"message":"","name":"C:\\GlobalSecure2026!\\globalsecuresend\\tests\\e2e\\audit.test.ts","startTime":1771936881372,"status":"passed","summary":""},{"assertionResults":[{"ancestorTitles":["KYC Limits Service","KYC_LIMITS Constants"],"duration":1,"failureDetails":[],"failureMessages":[],"fullName":"KYC Limits Service KYC_LIMITS Constants should have correct limits for Level 0","invocations":1,"location":null,"numPassingAsserts":2,"retryReasons":[],"status":"passed","title":"should have correct limits for Level 0"},{"ancestorTitles":["KYC Limits Service","KYC_LIMITS Constants"],"duration":1,"failureDetails":[],"failureMessages":[],"fullName":"KYC Limits Service KYC_LIMITS Constants should have correct limits for Level 1","invocations":1,"location":null,"numPassingAsserts":2,"retryReasons":[],"status":"passed","title":"should have correct limits for Level 1"},{"ancestorTitles":["KYC Limits Service","KYC_LIMITS Constants"],"duration":1,"failureDetails":[],"failureMessages":[],"fullName":"KYC Limits Service KYC_LIMITS Constants should have correct limits for Level 2","invocations":1,"location":null,"numPassingAsserts":2,"retryReasons":[],"status":"passed","title":"should have correct limits for Level 2"},{"ancestorTitles":["KYC Limits Service","isWithinKYCLimit"],"duration":1,"failureDetails":[],"failureMessages":[],"fullName":"KYC Limits Service isWithinKYCLimit should return true if amount is within daily limit","invocations":1,"location":null,"numPassingAsserts":2,"retryReasons":[],"status":"passed","title":"should return true if amount is within daily limit"},{"ancestorTitles":["KYC Limits Service","isWithinKYCLimit"],"duration":0,"failureDetails":[],"failureMessages":[],"fullName":"KYC Limits Service isWithinKYCLimit should return false if amount exceeds daily limit","invocations":1,"location":null,"numPassingAsserts":1,"retryReasons":[],"status":"passed","title":"should return false if amount exceeds daily limit"},{"ancestorTitles":["KYC Limits Service","isWithinKYCLimit"],"duration":0,"failureDetails":[],"failureMessages":[],"fullName":"KYC Limits Service isWithinKYCLimit should default to single transaction limit if type is omitted","invocations":1,"location":null,"numPassingAsserts":2,"retryReasons":[],"status":"passed","title":"should default to single transaction limit if type is omitted"},{"ancestorTitles":["KYC Limits Service","isWithinKYCLimit"],"duration":0,"failureDetails":[],"failureMessages":[],"fullName":"KYC Limits Service isWithinKYCLimit should handle monthly limits","invocations":1,"location":null,"numPassingAsserts":2,"retryReasons":[],"status":"passed","title":"should handle monthly limits"},{"ancestorTitles":["KYC Limits Service","isWithinKYCLimit"],"duration":0,"failureDetails":[],"failureMessages":[],"fullName":"KYC Limits Service isWithinKYCLimit should return false for unknown limit types (default case)","invocations":1,"location":null,"numPassingAsserts":1,"retryReasons":[],"status":"passed","title":"should return false for unknown limit types (default case)"},{"ancestorTitles":["KYC Limits Service","getKYCLimit"],"duration":5,"failureDetails":[],"failureMessages":[],"fullName":"KYC Limits Service getKYCLimit should return correct numeric limit","invocations":1,"location":null,"numPassingAsserts":2,"retryReasons":[],"status":"passed","title":"should return correct numeric limit"},{"ancestorTitles":["KYC Limits Service","getKYCLimit"],"duration":1,"failureDetails":[],"failureMessages":[],"fullName":"KYC Limits Service getKYCLimit should default to single limit","invocations":1,"location":null,"numPassingAsserts":1,"retryReasons":[],"status":"passed","title":"should default to single limit"},{"ancestorTitles":["KYC Limits Service","getKYCLimit"],"duration":1,"failureDetails":[],"failureMessages":[],"fullName":"KYC Limits Service getKYCLimit should return 0 for unknown types","invocations":1,"location":null,"numPassingAsserts":1,"retryReasons":[],"status":"passed","title":"should return 0 for unknown types"},{"ancestorTitles":["KYC Limits Service","validateKYCLimit"],"duration":1,"failureDetails":[],"failureMessages":[],"fullName":"KYC Limits Service validateKYCLimit should return valid=true when within limit","invocations":1,"location":null,"numPassingAsserts":3,"retryReasons":[],"status":"passed","title":"should return valid=true when within limit"},{"ancestorTitles":["KYC Limits Service","validateKYCLimit"],"duration":0,"failureDetails":[],"failureMessages":[],"fullName":"KYC Limits Service validateKYCLimit should return valid=false with message when exceeding limit","invocations":1,"location":null,"numPassingAsserts":3,"retryReasons":[],"status":"passed","title":"should return valid=false with message when exceeding limit"},{"ancestorTitles":["KYC Limits Service","getKYCLevelName"],"duration":1,"failureDetails":[],"failureMessages":[],"fullName":"KYC Limits Service getKYCLevelName should return correct names","invocations":1,"location":null,"numPassingAsserts":3,"retryReasons":[],"status":"passed","title":"should return correct names"},{"ancestorTitles":["KYC Limits Service","getKYCLevelName"],"duration":0,"failureDetails":[],"failureMessages":[],"fullName":"KYC Limits Service getKYCLevelName should return Unknown for invalid levels","invocations":1,"location":null,"numPassingAsserts":1,"retryReasons":[],"status":"passed","title":"should return Unknown for invalid levels"},{"ancestorTitles":["KYC Limits Service","getRequiredDocuments"],"duration":1,"failureDetails":[],"failureMessages":[],"fullName":"KYC Limits Service getRequiredDocuments should return empty array for Level 0","invocations":1,"location":null,"numPassingAsserts":1,"retryReasons":[],"status":"passed","title":"should return empty array for Level 0"},{"ancestorTitles":["KYC Limits Service","getRequiredDocuments"],"duration":1,"failureDetails":[],"failureMessages":[],"fullName":"KYC Limits Service getRequiredDocuments should return ID docs for Level 1","invocations":1,"location":null,"numPassingAsserts":1,"retryReasons":[],"status":"passed","title":"should return ID docs for Level 1"},{"ancestorTitles":["KYC Limits Service","getRequiredDocuments"],"duration":1,"failureDetails":[],"failureMessages":[],"fullName":"KYC Limits Service getRequiredDocuments should return full docs for Level 2","invocations":1,"location":null,"numPassingAsserts":1,"retryReasons":[],"status":"passed","title":"should return full docs for Level 2"},{"ancestorTitles":["KYC Limits Service","getRequiredDocuments"],"duration":1,"failureDetails":[],"failureMessages":[],"fullName":"KYC Limits Service getRequiredDocuments should return empty array for invalid levels","invocations":1,"location":null,"numPassingAsserts":1,"retryReasons":[],"status":"passed","title":"should return empty array for invalid levels"}],"endTime":1771936881687,"message":"","name":"C:\\GlobalSecure2026!\\globalsecuresend\\tests\\unit\\kyc-limits.test.ts","startTime":1771936881542,"status":"passed","summary":""},{"assertionResults":[{"ancestorTitles":["Security: Auth Bypass & Access Control"],"duration":14,"failureDetails":[],"failureMessages":[],"fullName":"Security: Auth Bypass & Access Control should BLOCK unauthenticated access to Admin Logs","invocations":1,"location":null,"numPassingAsserts":1,"retryReasons":[],"status":"passed","title":"should BLOCK unauthenticated access to Admin Logs"},{"ancestorTitles":["Security: Auth Bypass & Access Control"],"duration":0,"failureDetails":[],"failureMessages":[],"fullName":"Security: Auth Bypass & Access Control should BLOCK access with invalid role (mocked as user)","invocations":1,"location":null,"numPassingAsserts":0,"retryReasons":[],"status":"passed","title":"should BLOCK access with invalid role (mocked as user)"}],"endTime":1771936881867,"message":"","name":"C:\\GlobalSecure2026!\\globalsecuresend\\tests\\security\\auth-bypass.test.ts","startTime":1771936881705,"status":"passed","summary":""},{"assertionResults":[{"ancestorTitles":["International Document Validation"],"duration":1,"failureDetails":[],"failureMessages":[],"fullName":"International Document Validation BR: CPF","invocations":1,"location":null,"numPassingAsserts":2,"retryReasons":[],"status":"passed","title":"BR: CPF"},{"ancestorTitles":["International Document Validation"],"duration":1,"failureDetails":[],"failureMessages":[],"fullName":"International Document Validation US: SSN/Passport","invocations":1,"location":null,"numPassingAsserts":3,"retryReasons":[],"status":"passed","title":"US: SSN/Passport"},{"ancestorTitles":["International Document Validation"],"duration":0,"failureDetails":[],"failureMessages":[],"fullName":"International Document Validation Other: Generic (Passport/ID)","invocations":1,"location":null,"numPassingAsserts":3,"retryReasons":[],"status":"passed","title":"Other: Generic (Passport/ID)"}],"endTime":1771936881991,"message":"","name":"C:\\GlobalSecure2026!\\globalsecuresend\\tests\\unit\\document-validation.test.ts","startTime":1771936881886,"status":"passed","summary":""},{"assertionResults":[{"ancestorTitles":["Operations Security: KYC & Limits"],"duration":2,"failureDetails":[],"failureMessages":[],"fullName":"Operations Security: KYC & Limits should enforce Single Transaction Limits for Unverified Users (Level 0)","invocations":1,"location":null,"numPassingAsserts":3,"retryReasons":[],"status":"passed","title":"should enforce Single Transaction Limits for Unverified Users (Level 0)"},{"ancestorTitles":["Operations Security: KYC & Limits"],"duration":1,"failureDetails":[],"failureMessages":[],"fullName":"Operations Security: KYC & Limits should enforce Daily Limits for Verified Users (Level 1)","invocations":1,"location":null,"numPassingAsserts":1,"retryReasons":[],"status":"passed","title":"should enforce Daily Limits for Verified Users (Level 1)"},{"ancestorTitles":["Operations Security: KYC & Limits"],"duration":0,"failureDetails":[],"failureMessages":[],"fullName":"Operations Security: KYC & Limits should enforce Monthly Limits for Premium Users (Level 2)","invocations":1,"location":null,"numPassingAsserts":1,"retryReasons":[],"status":"passed","title":"should enforce Monthly Limits for Premium Users (Level 2)"},{"ancestorTitles":["Operations Security: KYC & Limits"],"duration":0,"failureDetails":[],"failureMessages":[],"fullName":"Operations Security: KYC & Limits should validate valid transactions correctly","invocations":1,"location":null,"numPassingAsserts":1,"retryReasons":[],"status":"passed","title":"should validate valid transactions correctly"}],"endTime":1771936882149,"message":"","name":"C:\\GlobalSecure2026!\\globalsecuresend\\tests\\security\\operations-security.test.ts","startTime":1771936882015,"status":"passed","summary":""},{"assertionResults":[{"ancestorTitles":["applyFiatMovement"],"duration":1,"failureDetails":[],"failureMessages":[],"fullName":"applyFiatMovement credits by upserting","invocations":1,"location":null,"numPassingAsserts":2,"retryReasons":[],"status":"passed","title":"credits by upserting"},{"ancestorTitles":["applyFiatMovement"],"duration":6,"failureDetails":[],"failureMessages":[],"fullName":"applyFiatMovement debit throws BALANCE_NOT_FOUND when row is missing","invocations":1,"location":null,"numPassingAsserts":1,"retryReasons":[],"status":"passed","title":"debit throws BALANCE_NOT_FOUND when row is missing"},{"ancestorTitles":["applyFiatMovement"],"duration":1,"failureDetails":[],"failureMessages":[],"fullName":"applyFiatMovement debit throws INSUFFICIENT_FUNDS when row exists but is not enough","invocations":1,"location":null,"numPassingAsserts":1,"retryReasons":[],"status":"passed","title":"debit throws INSUFFICIENT_FUNDS when row exists but is not enough"},{"ancestorTitles":["applyFiatMovement"],"duration":0,"failureDetails":[],"failureMessages":[],"fullName":"applyFiatMovement debit returns updated row when update succeeds","invocations":1,"location":null,"numPassingAsserts":1,"retryReasons":[],"status":"passed","title":"debit returns updated row when update succeeds"}],"endTime":1771936882284,"message":"","name":"C:\\GlobalSecure2026!\\globalsecuresend\\tests\\unit\\fiat-ledger.test.ts","startTime":1771936882164,"status":"passed","summary":""},{"assertionResults":[{"ancestorTitles":["Country Configuration Logic"],"duration":5,"failureDetails":[],"failureMessages":[],"fullName":"Country Configuration Logic should return correct currency for known countries","invocations":1,"location":null,"numPassingAsserts":5,"retryReasons":[],"status":"passed","title":"should return correct currency for known countries"},{"ancestorTitles":["Country Configuration Logic"],"duration":1,"failureDetails":[],"failureMessages":[],"fullName":"Country Configuration Logic should default to USD for unknown countries","invocations":1,"location":null,"numPassingAsserts":2,"retryReasons":[],"status":"passed","title":"should default to USD for unknown countries"},{"ancestorTitles":["Country Configuration Logic"],"duration":1,"failureDetails":[],"failureMessages":[],"fullName":"Country Configuration Logic should configure payment methods correctly for Brazil","invocations":1,"location":null,"numPassingAsserts":3,"retryReasons":[],"status":"passed","title":"should configure payment methods correctly for Brazil"},{"ancestorTitles":["Country Configuration Logic"],"duration":1,"failureDetails":[],"failureMessages":[],"fullName":"Country Configuration Logic should configure payment methods correctly for Luxembourg (SEPA)","invocations":1,"location":null,"numPassingAsserts":3,"retryReasons":[],"status":"passed","title":"should configure payment methods correctly for Luxembourg (SEPA)"},{"ancestorTitles":["Country Configuration Logic"],"duration":0,"failureDetails":[],"failureMessages":[],"fullName":"Country Configuration Logic should configure payment methods correctly for US (Swift/Crypto only)","invocations":1,"location":null,"numPassingAsserts":3,"retryReasons":[],"status":"passed","title":"should configure payment methods correctly for US (Swift/Crypto only)"}],"endTime":1771936882411,"message":"","name":"C:\\GlobalSecure2026!\\globalsecuresend\\tests\\unit\\country-config.test.ts","startTime":1771936882301,"status":"passed","summary":""},{"assertionResults":[{"ancestorTitles":["Register Validation Logic"],"duration":1,"failureDetails":[],"failureMessages":[],"fullName":"Register Validation Logic should validate CPF correctly","invocations":1,"location":null,"numPassingAsserts":4,"retryReasons":[],"status":"passed","title":"should validate CPF correctly"},{"ancestorTitles":["Register Validation Logic"],"duration":1,"failureDetails":[],"failureMessages":[],"fullName":"Register Validation Logic should validate age correctly","invocations":1,"location":null,"numPassingAsserts":2,"retryReasons":[],"status":"passed","title":"should validate age correctly"}],"endTime":1771936882544,"message":"","name":"C:\\GlobalSecure2026!\\globalsecuresend\\tests\\unit\\register-validation.test.ts","startTime":1771936882426,"status":"passed","summary":""},{"assertionResults":[{"ancestorTitles":["Price oracle"],"duration":1,"failureDetails":[],"failureMessages":[],"fullName":"Price oracle ambos retornam próximos -> divergence=false e média","invocations":1,"location":null,"numPassingAsserts":4,"retryReasons":[],"status":"passed","title":"ambos retornam próximos -> divergence=false e média"},{"ancestorTitles":["Price oracle"],"duration":0,"failureDetails":[],"failureMessages":[],"fullName":"Price oracle diferença > 5% -> divergence=true","invocations":1,"location":null,"numPassingAsserts":2,"retryReasons":[],"status":"passed","title":"diferença > 5% -> divergence=true"},{"ancestorTitles":["Price oracle"],"duration":0,"failureDetails":[],"failureMessages":[],"fullName":"Price oracle apenas um responde -> aplica haircut","invocations":1,"location":null,"numPassingAsserts":4,"retryReasons":[],"status":"passed","title":"apenas um responde -> aplica haircut"},{"ancestorTitles":["Price oracle"],"duration":1,"failureDetails":[],"failureMessages":[],"fullName":"Price oracle nenhum responde -> price=null","invocations":1,"location":null,"numPassingAsserts":2,"retryReasons":[],"status":"passed","title":"nenhum responde -> price=null"}],"endTime":1771936882678,"message":"","name":"C:\\GlobalSecure2026!\\globalsecuresend\\tests\\unit\\price-oracle.test.ts","startTime":1771936882567,"status":"passed","summary":""},{"assertionResults":[{"ancestorTitles":["Env Check"],"duration":2,"failureDetails":[],"failureMessages":[],"fullName":"Env Check should show DATABASE_URL","invocations":1,"location":null,"numPassingAsserts":0,"retryReasons":[],"status":"passed","title":"should show DATABASE_URL"}],"endTime":1771936882800,"message":"","name":"C:\\GlobalSecure2026!\\globalsecuresend\\tests\\env-check.test.ts","startTime":1771936882695,"status":"passed","summary":""}],"wasInterrupted":false}
