{"C:\\GlobalSecure2026!\\globalsecuresend\\lib\\services\\kyc-limits.ts": {"path":"C:\\GlobalSecure2026!\\globalsecuresend\\lib\\services\\kyc-limits.ts","statementMap":{"0":{"start":{"line":29,"column":0},"end":{"line":29,"column":16}},"1":{"start":{"line":51,"column":0},"end":{"line":51,"column":16}},"2":{"start":{"line":72,"column":0},"end":{"line":72,"column":16}},"3":{"start":{"line":94,"column":0},"end":{"line":94,"column":16}},"4":{"start":{"line":110,"column":0},"end":{"line":110,"column":16}},"5":{"start":{"line":6,"column":13},"end":{"line":22,"column":11}},"6":{"start":{"line":34,"column":19},"end":{"line":34,"column":39}},"7":{"start":{"line":36,"column":4},"end":{"line":45,"column":5}},"8":{"start":{"line":38,"column":12},"end":{"line":38,"column":47}},"9":{"start":{"line":40,"column":12},"end":{"line":40,"column":59}},"10":{"start":{"line":42,"column":12},"end":{"line":42,"column":49}},"11":{"start":{"line":44,"column":12},"end":{"line":44,"column":25}},"12":{"start":{"line":55,"column":19},"end":{"line":55,"column":39}},"13":{"start":{"line":57,"column":4},"end":{"line":66,"column":5}},"14":{"start":{"line":59,"column":12},"end":{"line":59,"column":37}},"15":{"start":{"line":61,"column":12},"end":{"line":61,"column":49}},"16":{"start":{"line":63,"column":12},"end":{"line":63,"column":39}},"17":{"start":{"line":65,"column":12},"end":{"line":65,"column":21}},"18":{"start":{"line":77,"column":18},"end":{"line":77,"column":45}},"19":{"start":{"line":78,"column":18},"end":{"line":78,"column":33}},"20":{"start":{"line":80,"column":4},"end":{"line":86,"column":5}},"21":{"start":{"line":81,"column":8},"end":{"line":85,"column":10}},"22":{"start":{"line":88,"column":4},"end":{"line":88,"column":34}},"23":{"start":{"line":95,"column":4},"end":{"line":104,"column":5}},"24":{"start":{"line":97,"column":12},"end":{"line":97,"column":40}},"25":{"start":{"line":99,"column":12},"end":{"line":99,"column":44}},"26":{"start":{"line":101,"column":12},"end":{"line":101,"column":40}},"27":{"start":{"line":103,"column":12},"end":{"line":103,"column":29}},"28":{"start":{"line":111,"column":4},"end":{"line":120,"column":5}},"29":{"start":{"line":113,"column":12},"end":{"line":113,"column":22}},"30":{"start":{"line":115,"column":12},"end":{"line":115,"column":43}},"31":{"start":{"line":117,"column":12},"end":{"line":117,"column":73}},"32":{"start":{"line":119,"column":12},"end":{"line":119,"column":22}}},"fnMap":{"0":{"name":"isWithinKYCLimit","decl":{"start":{"line":29,"column":16},"end":{"line":29,"column":32}},"loc":{"start":{"line":32,"column":51},"end":{"line":46,"column":1}}},"1":{"name":"getKYCLimit","decl":{"start":{"line":51,"column":16},"end":{"line":51,"column":27}},"loc":{"start":{"line":53,"column":51},"end":{"line":67,"column":1}}},"2":{"name":"validateKYCLimit","decl":{"start":{"line":72,"column":16},"end":{"line":72,"column":32}},"loc":{"start":{"line":75,"column":51},"end":{"line":89,"column":1}}},"3":{"name":"getKYCLevelName","decl":{"start":{"line":94,"column":16},"end":{"line":94,"column":31}},"loc":{"start":{"line":94,"column":50},"end":{"line":105,"column":1}}},"4":{"name":"getRequiredDocuments","decl":{"start":{"line":110,"column":16},"end":{"line":110,"column":36}},"loc":{"start":{"line":110,"column":55},"end":{"line":121,"column":1}}}},"branchMap":{"0":{"loc":{"start":{"line":32,"column":4},"end":{"line":32,"column":51}},"type":"default-arg","locations":[{"start":{"line":32,"column":43},"end":{"line":32,"column":51}}]},"1":{"loc":{"start":{"line":36,"column":4},"end":{"line":45,"column":5}},"type":"switch","locations":[{"start":{"line":37,"column":8},"end":{"line":38,"column":47}},{"start":{"line":39,"column":8},"end":{"line":40,"column":59}},{"start":{"line":41,"column":8},"end":{"line":42,"column":49}},{"start":{"line":43,"column":8},"end":{"line":44,"column":25}}]},"2":{"loc":{"start":{"line":53,"column":4},"end":{"line":53,"column":51}},"type":"default-arg","locations":[{"start":{"line":53,"column":43},"end":{"line":53,"column":51}}]},"3":{"loc":{"start":{"line":57,"column":4},"end":{"line":66,"column":5}},"type":"switch","locations":[{"start":{"line":58,"column":8},"end":{"line":59,"column":37}},{"start":{"line":60,"column":8},"end":{"line":61,"column":49}},{"start":{"line":62,"column":8},"end":{"line":63,"column":39}},{"start":{"line":64,"column":8},"end":{"line":65,"column":21}}]},"4":{"loc":{"start":{"line":75,"column":4},"end":{"line":75,"column":51}},"type":"default-arg","locations":[{"start":{"line":75,"column":43},"end":{"line":75,"column":51}}]},"5":{"loc":{"start":{"line":80,"column":4},"end":{"line":86,"column":5}},"type":"if","locations":[{"start":{"line":80,"column":4},"end":{"line":86,"column":5}}]},"6":{"loc":{"start":{"line":95,"column":4},"end":{"line":104,"column":5}},"type":"switch","locations":[{"start":{"line":96,"column":8},"end":{"line":97,"column":40}},{"start":{"line":98,"column":8},"end":{"line":99,"column":44}},{"start":{"line":100,"column":8},"end":{"line":101,"column":40}},{"start":{"line":102,"column":8},"end":{"line":103,"column":29}}]},"7":{"loc":{"start":{"line":111,"column":4},"end":{"line":120,"column":5}},"type":"switch","locations":[{"start":{"line":112,"column":8},"end":{"line":113,"column":22}},{"start":{"line":114,"column":8},"end":{"line":115,"column":43}},{"start":{"line":116,"column":8},"end":{"line":117,"column":73}},{"start":{"line":118,"column":8},"end":{"line":119,"column":22}}]}},"s":{"0":1,"1":1,"2":1,"3":1,"4":1,"5":1,"6":0,"7":0,"8":0,"9":0,"10":0,"11":0,"12":0,"13":0,"14":0,"15":0,"16":0,"17":0,"18":0,"19":0,"20":0,"21":0,"22":0,"23":0,"24":0,"25":0,"26":0,"27":0,"28":0,"29":0,"30":0,"31":0,"32":0},"f":{"0":0,"1":0,"2":0,"3":0,"4":0},"b":{"0":[0],"1":[0,0,0,0],"2":[0],"3":[0,0,0,0],"4":[0],"5":[0],"6":[0,0,0,0],"7":[0,0,0,0]}}
,"C:\\GlobalSecure2026!\\globalsecuresend\\tests\\fixtures\\test-users.ts": {"path":"C:\\GlobalSecure2026!\\globalsecuresend\\tests\\fixtures\\test-users.ts","statementMap":{"0":{"start":{"line":9,"column":0},"end":{"line":9,"column":7}},"1":{"start":{"line":73,"column":0},"end":{"line":73,"column":7}},"2":{"start":{"line":161,"column":0},"end":{"line":161,"column":7}},"3":{"start":{"line":169,"column":0},"end":{"line":169,"column":7}},"4":{"start":{"line":1,"column":0},"end":{"line":1,"column":46}},"5":{"start":{"line":3,"column":15},"end":{"line":3,"column":33}},"6":{"start":{"line":4,"column":18},"end":{"line":4,"column":81}},"7":{"start":{"line":13,"column":15},"end":{"line":13,"column":25}},"8":{"start":{"line":14,"column":18},"end":{"line":39,"column":6}},"9":{"start":{"line":41,"column":25},"end":{"line":41,"column":27}},"10":{"start":{"line":44,"column":4},"end":{"line":65,"column":5}},"11":{"start":{"line":46,"column":8},"end":{"line":64,"column":9}},"12":{"start":{"line":47,"column":25},"end":{"line":47,"column":69}},"13":{"start":{"line":50,"column":27},"end":{"line":58,"column":14}},"14":{"start":{"line":60,"column":12},"end":{"line":60,"column":48}},"15":{"start":{"line":62,"column":12},"end":{"line":62,"column":77}},"16":{"start":{"line":63,"column":12},"end":{"line":63,"column":24}},"17":{"start":{"line":67,"column":4},"end":{"line":67,"column":24}},"18":{"start":{"line":74,"column":18},"end":{"line":77,"column":6}},"19":{"start":{"line":78,"column":16},"end":{"line":78,"column":36}},"20":{"start":{"line":78,"column":31},"end":{"line":78,"column":35}},"21":{"start":{"line":80,"column":4},"end":{"line":82,"column":5}},"22":{"start":{"line":81,"column":8},"end":{"line":81,"column":15}},"23":{"start":{"line":84,"column":4},"end":{"line":155,"column":5}},"24":{"start":{"line":85,"column":8},"end":{"line":87,"column":11}},"25":{"start":{"line":88,"column":8},"end":{"line":98,"column":11}},"26":{"start":{"line":99,"column":8},"end":{"line":101,"column":11}},"27":{"start":{"line":102,"column":8},"end":{"line":104,"column":11}},"28":{"start":{"line":105,"column":8},"end":{"line":113,"column":11}},"29":{"start":{"line":114,"column":8},"end":{"line":122,"column":11}},"30":{"start":{"line":123,"column":8},"end":{"line":125,"column":11}},"31":{"start":{"line":126,"column":8},"end":{"line":128,"column":11}},"32":{"start":{"line":129,"column":8},"end":{"line":131,"column":11}},"33":{"start":{"line":132,"column":8},"end":{"line":134,"column":11}},"34":{"start":{"line":135,"column":8},"end":{"line":137,"column":11}},"35":{"start":{"line":138,"column":8},"end":{"line":140,"column":11}},"36":{"start":{"line":141,"column":8},"end":{"line":143,"column":11}},"37":{"start":{"line":144,"column":8},"end":{"line":146,"column":11}},"38":{"start":{"line":147,"column":8},"end":{"line":149,"column":11}},"39":{"start":{"line":150,"column":8},"end":{"line":152,"column":11}},"40":{"start":{"line":154,"column":8},"end":{"line":154,"column":54}},"41":{"start":{"line":162,"column":4},"end":{"line":162,"column":31}},"42":{"start":{"line":170,"column":17},"end":{"line":174,"column":6}},"43":{"start":{"line":176,"column":4},"end":{"line":178,"column":5}},"44":{"start":{"line":177,"column":8},"end":{"line":177,"column":74}},"45":{"start":{"line":180,"column":4},"end":{"line":180,"column":16}}},"fnMap":{"0":{"name":"createTestUsers","decl":{"start":{"line":9,"column":22},"end":{"line":9,"column":37}},"loc":{"start":{"line":9,"column":37},"end":{"line":68,"column":1}}},"1":{"name":"cleanupTestUsers","decl":{"start":{"line":73,"column":22},"end":{"line":73,"column":38}},"loc":{"start":{"line":73,"column":38},"end":{"line":156,"column":1}}},"2":{"name":"(anonymous_2)","decl":{"start":{"line":78,"column":26},"end":{"line":78,"column":27}},"loc":{"start":{"line":78,"column":31},"end":{"line":78,"column":35}}},"3":{"name":"disconnectPrisma","decl":{"start":{"line":161,"column":22},"end":{"line":161,"column":38}},"loc":{"start":{"line":161,"column":38},"end":{"line":163,"column":1}}},"4":{"name":"getTestUser","decl":{"start":{"line":169,"column":22},"end":{"line":169,"column":33}},"loc":{"start":{"line":169,"column":50},"end":{"line":181,"column":1}}}},"branchMap":{"0":{"loc":{"start":{"line":80,"column":4},"end":{"line":82,"column":5}},"type":"if","locations":[{"start":{"line":80,"column":4},"end":{"line":82,"column":5}}]},"1":{"loc":{"start":{"line":176,"column":4},"end":{"line":178,"column":5}},"type":"if","locations":[{"start":{"line":176,"column":4},"end":{"line":178,"column":5}}]}},"s":{"0":6,"1":6,"2":6,"3":6,"4":6,"5":6,"6":6,"7":6,"8":6,"9":6,"10":6,"11":18,"12":18,"13":18,"14":18,"15":0,"16":0,"17":6,"18":6,"19":6,"20":18,"21":6,"22":0,"23":6,"24":6,"25":6,"26":6,"27":6,"28":6,"29":6,"30":6,"31":6,"32":6,"33":6,"34":6,"35":6,"36":6,"37":6,"38":6,"39":6,"40":0,"41":0,"42":47,"43":47,"44":0,"45":47},"f":{"0":6,"1":6,"2":18,"3":0,"4":47},"b":{"0":[0],"1":[0]}}
,"C:\\GlobalSecure2026!\\globalsecuresend\\tests\\helpers\\concurrent-operations.ts": {"path":"C:\\GlobalSecure2026!\\globalsecuresend\\tests\\helpers\\concurrent-operations.ts","statementMap":{"0":{"start":{"line":4,"column":0},"end":{"line":4,"column":7}},"1":{"start":{"line":32,"column":0},"end":{"line":32,"column":7}},"2":{"start":{"line":49,"column":0},"end":{"line":49,"column":7}},"3":{"start":{"line":72,"column":0},"end":{"line":72,"column":7}},"4":{"start":{"line":8,"column":25},"end":{"line":8,"column":27}},"5":{"start":{"line":9,"column":19},"end":{"line":9,"column":21}},"6":{"start":{"line":12,"column":4},"end":{"line":14,"column":5}},"7":{"start":{"line":12,"column":17},"end":{"line":12,"column":18}},"8":{"start":{"line":13,"column":8},"end":{"line":13,"column":58}},"9":{"start":{"line":17,"column":4},"end":{"line":24,"column":5}},"10":{"start":{"line":18,"column":29},"end":{"line":21,"column":null}},"11":{"start":{"line":20,"column":16},"end":{"line":20,"column":43}},"12":{"start":{"line":23,"column":8},"end":{"line":23,"column":38}},"13":{"start":{"line":26,"column":4},"end":{"line":26,"column":19}},"14":{"start":{"line":36,"column":20},"end":{"line":39,"column":6}},"15":{"start":{"line":41,"column":4},"end":{"line":43,"column":32}},"16":{"start":{"line":42,"column":8},"end":{"line":42,"column":68}},"17":{"start":{"line":56,"column":4},"end":{"line":64,"column":5}},"18":{"start":{"line":56,"column":23},"end":{"line":56,"column":24}},"19":{"start":{"line":57,"column":8},"end":{"line":63,"column":9}},"20":{"start":{"line":58,"column":12},"end":{"line":58,"column":37}},"21":{"start":{"line":60,"column":12},"end":{"line":60,"column":39}},"22":{"start":{"line":61,"column":26},"end":{"line":61,"column":61}},"23":{"start":{"line":62,"column":12},"end":{"line":62,"column":69}},"24":{"start":{"line":62,"column":41},"end":{"line":62,"column":67}},"25":{"start":{"line":66,"column":4},"end":{"line":66,"column":20}},"26":{"start":{"line":75,"column":18},"end":{"line":75,"column":28}},"27":{"start":{"line":76,"column":19},"end":{"line":76,"column":36}},"28":{"start":{"line":77,"column":21},"end":{"line":77,"column":39}},"29":{"start":{"line":79,"column":4},"end":{"line":79,"column":32}}},"fnMap":{"0":{"name":"executeConcurrently","decl":{"start":{"line":4,"column":22},"end":{"line":4,"column":41}},"loc":{"start":{"line":6,"column":28},"end":{"line":27,"column":1}}},"1":{"name":"(anonymous_1)","decl":{"start":{"line":19,"column":22},"end":{"line":19,"column":24}},"loc":{"start":{"line":20,"column":16},"end":{"line":20,"column":43}}},"2":{"name":"executeWithRaceCondition","decl":{"start":{"line":32,"column":22},"end":{"line":32,"column":46}},"loc":{"start":{"line":34,"column":32},"end":{"line":44,"column":1}}},"3":{"name":"(anonymous_3)","decl":{"start":{"line":41,"column":23},"end":{"line":41,"column":29}},"loc":{"start":{"line":42,"column":8},"end":{"line":42,"column":68}}},"4":{"name":"retryWithBackoff","decl":{"start":{"line":49,"column":22},"end":{"line":49,"column":38}},"loc":{"start":{"line":52,"column":30},"end":{"line":67,"column":1}}},"5":{"name":"(anonymous_5)","decl":{"start":{"line":62,"column":30},"end":{"line":62,"column":37}},"loc":{"start":{"line":62,"column":41},"end":{"line":62,"column":67}}},"6":{"name":"measureExecutionTime","decl":{"start":{"line":72,"column":22},"end":{"line":72,"column":42}},"loc":{"start":{"line":73,"column":31},"end":{"line":80,"column":1}}}},"branchMap":{"0":{"loc":{"start":{"line":6,"column":4},"end":{"line":6,"column":28}},"type":"default-arg","locations":[{"start":{"line":6,"column":26},"end":{"line":6,"column":28}}]},"1":{"loc":{"start":{"line":42,"column":8},"end":{"line":42,"column":68}},"type":"cond-expr","locations":[{"start":{"line":42,"column":40},"end":{"line":42,"column":52}},{"start":{"line":42,"column":55},"end":{"line":42,"column":68}}]},"2":{"loc":{"start":{"line":51,"column":4},"end":{"line":51,"column":26}},"type":"default-arg","locations":[{"start":{"line":51,"column":25},"end":{"line":51,"column":26}}]},"3":{"loc":{"start":{"line":52,"column":4},"end":{"line":52,"column":30}},"type":"default-arg","locations":[{"start":{"line":52,"column":27},"end":{"line":52,"column":30}}]}},"s":{"0":2,"1":2,"2":2,"3":2,"4":1,"5":1,"6":1,"7":1,"8":1,"9":1,"10":1,"11":1,"12":1,"13":1,"14":1,"15":1,"16":2,"17":3,"18":3,"19":11,"20":11,"21":10,"22":10,"23":10,"24":10,"25":2,"26":1,"27":1,"28":1,"29":1},"f":{"0":1,"1":1,"2":1,"3":2,"4":3,"5":10,"6":1},"b":{"0":[0],"1":[0,2],"2":[0],"3":[0]}}
}
