TN:
SF:lib\services\kyc-limits.ts
FN:29,isWithinKYCLimit
FN:51,getKYCLimit
FN:72,validateKYCLimit
FN:94,getKYCLevelName
FN:110,getRequiredDocuments
FNF:5
FNH:0
FNDA:0,isWithinKYCLimit
FNDA:0,getKYCLimit
FNDA:0,validateKYCLimit
FNDA:0,getKYCLevelName
FNDA:0,getRequiredDocuments
DA:6,1
DA:29,1
DA:34,0
DA:36,0
DA:38,0
DA:40,0
DA:42,0
DA:44,0
DA:51,1
DA:55,0
DA:57,0
DA:59,0
DA:61,0
DA:63,0
DA:65,0
DA:72,1
DA:77,0
DA:78,0
DA:80,0
DA:81,0
DA:88,0
DA:94,1
DA:95,0
DA:97,0
DA:99,0
DA:101,0
DA:103,0
DA:110,1
DA:111,0
DA:113,0
DA:115,0
DA:117,0
DA:119,0
LF:33
LH:6
BRDA:32,0,0,0
BRDA:36,1,0,0
BRDA:36,1,1,0
BRDA:36,1,2,0
BRDA:36,1,3,0
BRDA:53,2,0,0
BRDA:57,3,0,0
BRDA:57,3,1,0
BRDA:57,3,2,0
BRDA:57,3,3,0
BRDA:75,4,0,0
BRDA:80,5,0,0
BRDA:95,6,0,0
BRDA:95,6,1,0
BRDA:95,6,2,0
BRDA:95,6,3,0
BRDA:111,7,0,0
BRDA:111,7,1,0
BRDA:111,7,2,0
BRDA:111,7,3,0
BRF:20
BRH:0
end_of_record
TN:
SF:tests\fixtures\test-users.ts
FN:9,createTestUsers
FN:73,cleanupTestUsers
FN:78,(anonymous_2)
FN:161,disconnectPrisma
FN:169,getTestUser
FNF:5
FNH:4
FNDA:6,createTestUsers
FNDA:6,cleanupTestUsers
FNDA:18,(anonymous_2)
FNDA:0,disconnectPrisma
FNDA:47,getTestUser
DA:1,6
DA:3,6
DA:4,6
DA:9,6
DA:13,6
DA:14,6
DA:41,6
DA:44,6
DA:46,18
DA:47,18
DA:50,18
DA:60,18
DA:62,0
DA:63,0
DA:67,6
DA:73,6
DA:74,6
DA:78,18
DA:80,6
DA:81,0
DA:84,6
DA:85,6
DA:88,6
DA:99,6
DA:102,6
DA:105,6
DA:114,6
DA:123,6
DA:126,6
DA:129,6
DA:132,6
DA:135,6
DA:138,6
DA:141,6
DA:144,6
DA:147,6
DA:150,6
DA:154,0
DA:161,6
DA:162,0
DA:169,6
DA:170,47
DA:176,47
DA:177,0
DA:180,47
LF:45
LH:39
BRDA:80,0,0,0
BRDA:176,1,0,0
BRF:2
BRH:0
end_of_record
TN:
SF:tests\helpers\concurrent-operations.ts
FN:4,executeConcurrently
FN:19,(anonymous_1)
FN:32,executeWithRaceCondition
FN:41,(anonymous_3)
FN:49,retryWithBackoff
FN:62,(anonymous_5)
FN:72,measureExecutionTime
FNF:7
FNH:7
FNDA:1,executeConcurrently
FNDA:1,(anonymous_1)
FNDA:1,executeWithRaceCondition
FNDA:2,(anonymous_3)
FNDA:3,retryWithBackoff
FNDA:10,(anonymous_5)
FNDA:1,measureExecutionTime
DA:4,2
DA:8,1
DA:9,1
DA:12,1
DA:13,1
DA:17,1
DA:18,1
DA:20,1
DA:23,1
DA:26,1
DA:32,2
DA:36,1
DA:41,1
DA:42,2
DA:49,2
DA:56,3
DA:57,11
DA:58,11
DA:60,10
DA:61,10
DA:62,10
DA:66,2
DA:72,2
DA:75,1
DA:76,1
DA:77,1
DA:79,1
LF:27
LH:27
BRDA:6,0,0,0
BRDA:42,1,0,0
BRDA:42,1,1,2
BRDA:51,2,0,0
BRDA:52,3,0,0
BRF:5
BRH:1
end_of_record
